[0.141s] DEBUG:colcon:Command line arguments: ['/usr/bin/colcon', 'build']
[0.141s] DEBUG:colcon:Parsed command line arguments: Namespace(allow_overriding=[], ament_cmake_args=None, base_paths=['.'], build_base='build', catkin_cmake_args=None, catkin_skip_building_tests=False, cmake_args=None, cmake_clean_cache=False, cmake_clean_first=False, cmake_force_configure=False, cmake_target=None, cmake_target_skip_unavailable=False, continue_on_error=False, event_handlers=None, executor='parallel', ignore_user_meta=False, install_base='install', log_base=None, log_level=None, main=<bound method BuildVerb.main of <colcon_core.verb.build.BuildVerb object at 0x7fc5b8332790>>, merge_install=False, metas=['./colcon.meta'], packages_above=None, packages_above_and_dependencies=None, packages_above_depth=None, packages_end=None, packages_ignore=None, packages_ignore_regex=None, packages_select=None, packages_select_build_failed=False, packages_select_by_dep=None, packages_select_regex=None, packages_select_test_failures=False, packages_skip=None, packages_skip_build_finished=False, packages_skip_by_dep=None, packages_skip_regex=None, packages_skip_test_passed=False, packages_skip_up_to=None, packages_start=None, packages_up_to=None, packages_up_to_regex=None, parallel_workers=12, paths=None, symlink_install=False, test_result_base=None, verb_extension=<colcon_core.verb.build.BuildVerb object at 0x7fc5b8332790>, verb_name='build', verb_parser=<colcon_defaults.argument_parser.defaults.DefaultArgumentsDecorator object at 0x7fc5b82df0d0>)
[0.255s] Level 1:colcon.colcon_core.package_discovery:discover_packages(colcon_meta) check parameters
[0.256s] Level 1:colcon.colcon_core.package_discovery:discover_packages(recursive) check parameters
[0.256s] Level 1:colcon.colcon_core.package_discovery:discover_packages(ignore) check parameters
[0.256s] Level 1:colcon.colcon_core.package_discovery:discover_packages(path) check parameters
[0.256s] Level 1:colcon.colcon_core.package_discovery:discover_packages(colcon_meta) discover
[0.256s] Level 1:colcon.colcon_core.package_discovery:discover_packages(recursive) discover
[0.256s] INFO:colcon.colcon_core.package_discovery:Crawling recursively for packages in '/home/lukas/ros2_ws'
[0.256s] Level 1:colcon.colcon_core.package_identification:_identify(.) by extensions ['ignore', 'ignore_ament_install']
[0.256s] Level 1:colcon.colcon_core.package_identification:_identify(.) by extension 'ignore'
[0.256s] Level 1:colcon.colcon_core.package_identification:_identify(.) by extension 'ignore_ament_install'
[0.256s] Level 1:colcon.colcon_core.package_identification:_identify(.) by extensions ['colcon_pkg']
[0.256s] Level 1:colcon.colcon_core.package_identification:_identify(.) by extension 'colcon_pkg'
[0.256s] Level 1:colcon.colcon_core.package_identification:_identify(.) by extensions ['colcon_meta']
[0.256s] Level 1:colcon.colcon_core.package_identification:_identify(.) by extension 'colcon_meta'
[0.256s] Level 1:colcon.colcon_core.package_identification:_identify(.) by extensions ['ros']
[0.256s] Level 1:colcon.colcon_core.package_identification:_identify(.) by extension 'ros'
[0.264s] Level 1:colcon.colcon_core.package_identification:_identify(.) by extensions ['cmake', 'python']
[0.265s] Level 1:colcon.colcon_core.package_identification:_identify(.) by extension 'cmake'
[0.265s] Level 1:colcon.colcon_core.package_identification:_identify(.) by extension 'python'
[0.265s] Level 1:colcon.colcon_core.package_identification:_identify(.) by extensions ['python_setup_py']
[0.265s] Level 1:colcon.colcon_core.package_identification:_identify(.) by extension 'python_setup_py'
[0.265s] Level 1:colcon.colcon_core.package_identification:_identify(build) by extensions ['ignore', 'ignore_ament_install']
[0.265s] Level 1:colcon.colcon_core.package_identification:_identify(build) by extension 'ignore'
[0.265s] Level 1:colcon.colcon_core.package_identification:_identify(build) ignored
[0.265s] Level 1:colcon.colcon_core.package_identification:_identify(install) by extensions ['ignore', 'ignore_ament_install']
[0.265s] Level 1:colcon.colcon_core.package_identification:_identify(install) by extension 'ignore'
[0.265s] Level 1:colcon.colcon_core.package_identification:_identify(install) ignored
[0.265s] Level 1:colcon.colcon_core.package_identification:_identify(log) by extensions ['ignore', 'ignore_ament_install']
[0.265s] Level 1:colcon.colcon_core.package_identification:_identify(log) by extension 'ignore'
[0.265s] Level 1:colcon.colcon_core.package_identification:_identify(log) ignored
[0.265s] Level 1:colcon.colcon_core.package_identification:_identify(src) by extensions ['ignore', 'ignore_ament_install']
[0.265s] Level 1:colcon.colcon_core.package_identification:_identify(src) by extension 'ignore'
[0.265s] Level 1:colcon.colcon_core.package_identification:_identify(src) by extension 'ignore_ament_install'
[0.265s] Level 1:colcon.colcon_core.package_identification:_identify(src) by extensions ['colcon_pkg']
[0.265s] Level 1:colcon.colcon_core.package_identification:_identify(src) by extension 'colcon_pkg'
[0.266s] Level 1:colcon.colcon_core.package_identification:_identify(src) by extensions ['colcon_meta']
[0.266s] Level 1:colcon.colcon_core.package_identification:_identify(src) by extension 'colcon_meta'
[0.266s] Level 1:colcon.colcon_core.package_identification:_identify(src) by extensions ['ros']
[0.266s] Level 1:colcon.colcon_core.package_identification:_identify(src) by extension 'ros'
[0.266s] Level 1:colcon.colcon_core.package_identification:_identify(src) by extensions ['cmake', 'python']
[0.266s] Level 1:colcon.colcon_core.package_identification:_identify(src) by extension 'cmake'
[0.266s] Level 1:colcon.colcon_core.package_identification:_identify(src) by extension 'python'
[0.266s] Level 1:colcon.colcon_core.package_identification:_identify(src) by extensions ['python_setup_py']
[0.266s] Level 1:colcon.colcon_core.package_identification:_identify(src) by extension 'python_setup_py'
[0.266s] Level 1:colcon.colcon_core.package_identification:_identify(src/leo_gazebo_classic) by extensions ['ignore', 'ignore_ament_install']
[0.266s] Level 1:colcon.colcon_core.package_identification:_identify(src/leo_gazebo_classic) by extension 'ignore'
[0.266s] Level 1:colcon.colcon_core.package_identification:_identify(src/leo_gazebo_classic) by extension 'ignore_ament_install'
[0.266s] Level 1:colcon.colcon_core.package_identification:_identify(src/leo_gazebo_classic) by extensions ['colcon_pkg']
[0.266s] Level 1:colcon.colcon_core.package_identification:_identify(src/leo_gazebo_classic) by extension 'colcon_pkg'
[0.266s] Level 1:colcon.colcon_core.package_identification:_identify(src/leo_gazebo_classic) by extensions ['colcon_meta']
[0.266s] Level 1:colcon.colcon_core.package_identification:_identify(src/leo_gazebo_classic) by extension 'colcon_meta'
[0.266s] Level 1:colcon.colcon_core.package_identification:_identify(src/leo_gazebo_classic) by extensions ['ros']
[0.266s] Level 1:colcon.colcon_core.package_identification:_identify(src/leo_gazebo_classic) by extension 'ros'
[0.268s] DEBUG:colcon.colcon_core.package_identification:Package 'src/leo_gazebo_classic' with type 'ros.ament_cmake' and name 'leo_gazebo_classic'
[0.268s] Level 1:colcon.colcon_core.package_identification:_identify(src/realsense-ros) by extensions ['ignore', 'ignore_ament_install']
[0.268s] Level 1:colcon.colcon_core.package_identification:_identify(src/realsense-ros) by extension 'ignore'
[0.268s] Level 1:colcon.colcon_core.package_identification:_identify(src/realsense-ros) by extension 'ignore_ament_install'
[0.268s] Level 1:colcon.colcon_core.package_identification:_identify(src/realsense-ros) by extensions ['colcon_pkg']
[0.268s] Level 1:colcon.colcon_core.package_identification:_identify(src/realsense-ros) by extension 'colcon_pkg'
[0.268s] Level 1:colcon.colcon_core.package_identification:_identify(src/realsense-ros) by extensions ['colcon_meta']
[0.268s] Level 1:colcon.colcon_core.package_identification:_identify(src/realsense-ros) by extension 'colcon_meta'
[0.268s] Level 1:colcon.colcon_core.package_identification:_identify(src/realsense-ros) by extensions ['ros']
[0.268s] Level 1:colcon.colcon_core.package_identification:_identify(src/realsense-ros) by extension 'ros'
[0.268s] Level 1:colcon.colcon_core.package_identification:_identify(src/realsense-ros) by extensions ['cmake', 'python']
[0.268s] Level 1:colcon.colcon_core.package_identification:_identify(src/realsense-ros) by extension 'cmake'
[0.268s] Level 1:colcon.colcon_core.package_identification:_identify(src/realsense-ros) by extension 'python'
[0.269s] Level 1:colcon.colcon_core.package_identification:_identify(src/realsense-ros) by extensions ['python_setup_py']
[0.269s] Level 1:colcon.colcon_core.package_identification:_identify(src/realsense-ros) by extension 'python_setup_py'
[0.269s] Level 1:colcon.colcon_core.package_identification:_identify(src/realsense-ros/realsense2_camera) by extensions ['ignore', 'ignore_ament_install']
[0.269s] Level 1:colcon.colcon_core.package_identification:_identify(src/realsense-ros/realsense2_camera) by extension 'ignore'
[0.269s] Level 1:colcon.colcon_core.package_identification:_identify(src/realsense-ros/realsense2_camera) by extension 'ignore_ament_install'
[0.269s] Level 1:colcon.colcon_core.package_identification:_identify(src/realsense-ros/realsense2_camera) by extensions ['colcon_pkg']
[0.269s] Level 1:colcon.colcon_core.package_identification:_identify(src/realsense-ros/realsense2_camera) by extension 'colcon_pkg'
[0.269s] Level 1:colcon.colcon_core.package_identification:_identify(src/realsense-ros/realsense2_camera) by extensions ['colcon_meta']
[0.269s] Level 1:colcon.colcon_core.package_identification:_identify(src/realsense-ros/realsense2_camera) by extension 'colcon_meta'
[0.269s] Level 1:colcon.colcon_core.package_identification:_identify(src/realsense-ros/realsense2_camera) by extensions ['ros']
[0.269s] Level 1:colcon.colcon_core.package_identification:_identify(src/realsense-ros/realsense2_camera) by extension 'ros'
[0.270s] DEBUG:colcon.colcon_core.package_identification:Package 'src/realsense-ros/realsense2_camera' with type 'ros.ament_cmake' and name 'realsense2_camera'
[0.270s] Level 1:colcon.colcon_core.package_identification:_identify(src/realsense-ros/realsense2_camera_msgs) by extensions ['ignore', 'ignore_ament_install']
[0.270s] Level 1:colcon.colcon_core.package_identification:_identify(src/realsense-ros/realsense2_camera_msgs) by extension 'ignore'
[0.270s] Level 1:colcon.colcon_core.package_identification:_identify(src/realsense-ros/realsense2_camera_msgs) by extension 'ignore_ament_install'
[0.271s] Level 1:colcon.colcon_core.package_identification:_identify(src/realsense-ros/realsense2_camera_msgs) by extensions ['colcon_pkg']
[0.271s] Level 1:colcon.colcon_core.package_identification:_identify(src/realsense-ros/realsense2_camera_msgs) by extension 'colcon_pkg'
[0.271s] Level 1:colcon.colcon_core.package_identification:_identify(src/realsense-ros/realsense2_camera_msgs) by extensions ['colcon_meta']
[0.271s] Level 1:colcon.colcon_core.package_identification:_identify(src/realsense-ros/realsense2_camera_msgs) by extension 'colcon_meta'
[0.271s] Level 1:colcon.colcon_core.package_identification:_identify(src/realsense-ros/realsense2_camera_msgs) by extensions ['ros']
[0.271s] Level 1:colcon.colcon_core.package_identification:_identify(src/realsense-ros/realsense2_camera_msgs) by extension 'ros'
[0.271s] DEBUG:colcon.colcon_core.package_identification:Package 'src/realsense-ros/realsense2_camera_msgs' with type 'ros.ament_cmake' and name 'realsense2_camera_msgs'
[0.271s] Level 1:colcon.colcon_core.package_identification:_identify(src/realsense-ros/realsense2_description) by extensions ['ignore', 'ignore_ament_install']
[0.271s] Level 1:colcon.colcon_core.package_identification:_identify(src/realsense-ros/realsense2_description) by extension 'ignore'
[0.271s] Level 1:colcon.colcon_core.package_identification:_identify(src/realsense-ros/realsense2_description) by extension 'ignore_ament_install'
[0.271s] Level 1:colcon.colcon_core.package_identification:_identify(src/realsense-ros/realsense2_description) by extensions ['colcon_pkg']
[0.271s] Level 1:colcon.colcon_core.package_identification:_identify(src/realsense-ros/realsense2_description) by extension 'colcon_pkg'
[0.271s] Level 1:colcon.colcon_core.package_identification:_identify(src/realsense-ros/realsense2_description) by extensions ['colcon_meta']
[0.271s] Level 1:colcon.colcon_core.package_identification:_identify(src/realsense-ros/realsense2_description) by extension 'colcon_meta'
[0.272s] Level 1:colcon.colcon_core.package_identification:_identify(src/realsense-ros/realsense2_description) by extensions ['ros']
[0.272s] Level 1:colcon.colcon_core.package_identification:_identify(src/realsense-ros/realsense2_description) by extension 'ros'
[0.272s] DEBUG:colcon.colcon_core.package_identification:Package 'src/realsense-ros/realsense2_description' with type 'ros.ament_cmake' and name 'realsense2_description'
[0.272s] Level 1:colcon.colcon_core.package_identification:_identify(src/teleop) by extensions ['ignore', 'ignore_ament_install']
[0.272s] Level 1:colcon.colcon_core.package_identification:_identify(src/teleop) by extension 'ignore'
[0.272s] Level 1:colcon.colcon_core.package_identification:_identify(src/teleop) by extension 'ignore_ament_install'
[0.272s] Level 1:colcon.colcon_core.package_identification:_identify(src/teleop) by extensions ['colcon_pkg']
[0.272s] Level 1:colcon.colcon_core.package_identification:_identify(src/teleop) by extension 'colcon_pkg'
[0.272s] Level 1:colcon.colcon_core.package_identification:_identify(src/teleop) by extensions ['colcon_meta']
[0.272s] Level 1:colcon.colcon_core.package_identification:_identify(src/teleop) by extension 'colcon_meta'
[0.272s] Level 1:colcon.colcon_core.package_identification:_identify(src/teleop) by extensions ['ros']
[0.273s] Level 1:colcon.colcon_core.package_identification:_identify(src/teleop) by extension 'ros'
[0.273s] DEBUG:colcon.colcon_core.package_identification:Package 'src/teleop' with type 'ros.ament_cmake' and name 'teleop'
[0.273s] Level 1:colcon.colcon_core.package_discovery:discover_packages(recursive) using defaults
[0.273s] Level 1:colcon.colcon_core.package_discovery:discover_packages(ignore) discover
[0.273s] Level 1:colcon.colcon_core.package_discovery:discover_packages(ignore) using defaults
[0.273s] Level 1:colcon.colcon_core.package_discovery:discover_packages(path) discover
[0.273s] Level 1:colcon.colcon_core.package_discovery:discover_packages(path) using defaults
[0.285s] Level 1:colcon.colcon_core.package_discovery:discover_packages(prefix_path) check parameters
[0.285s] Level 1:colcon.colcon_core.package_discovery:discover_packages(prefix_path) discover
[0.287s] DEBUG:colcon.colcon_installed_package_information.package_discovery:Found 5 installed packages in /home/lukas/ros2_ws/install
[0.288s] DEBUG:colcon.colcon_installed_package_information.package_discovery:Found 274 installed packages in /opt/ros/foxy
[0.289s] Level 1:colcon.colcon_core.package_discovery:discover_packages(prefix_path) using defaults
[0.342s] Level 5:colcon.colcon_core.verb:set package 'leo_gazebo_classic' build argument 'cmake_args' from command line to 'None'
[0.342s] Level 5:colcon.colcon_core.verb:set package 'leo_gazebo_classic' build argument 'cmake_target' from command line to 'None'
[0.342s] Level 5:colcon.colcon_core.verb:set package 'leo_gazebo_classic' build argument 'cmake_target_skip_unavailable' from command line to 'False'
[0.342s] Level 5:colcon.colcon_core.verb:set package 'leo_gazebo_classic' build argument 'cmake_clean_cache' from command line to 'False'
[0.343s] Level 5:colcon.colcon_core.verb:set package 'leo_gazebo_classic' build argument 'cmake_clean_first' from command line to 'False'
[0.343s] Level 5:colcon.colcon_core.verb:set package 'leo_gazebo_classic' build argument 'cmake_force_configure' from command line to 'False'
[0.343s] Level 5:colcon.colcon_core.verb:set package 'leo_gazebo_classic' build argument 'ament_cmake_args' from command line to 'None'
[0.343s] Level 5:colcon.colcon_core.verb:set package 'leo_gazebo_classic' build argument 'catkin_cmake_args' from command line to 'None'
[0.343s] Level 5:colcon.colcon_core.verb:set package 'leo_gazebo_classic' build argument 'catkin_skip_building_tests' from command line to 'False'
[0.343s] DEBUG:colcon.colcon_core.verb:Building package 'leo_gazebo_classic' with the following arguments: {'ament_cmake_args': None, 'build_base': '/home/lukas/ros2_ws/build/leo_gazebo_classic', 'catkin_cmake_args': None, 'catkin_skip_building_tests': False, 'cmake_args': None, 'cmake_clean_cache': False, 'cmake_clean_first': False, 'cmake_force_configure': False, 'cmake_target': None, 'cmake_target_skip_unavailable': False, 'install_base': '/home/lukas/ros2_ws/install/leo_gazebo_classic', 'merge_install': False, 'path': '/home/lukas/ros2_ws/src/leo_gazebo_classic', 'symlink_install': False, 'test_result_base': None}
[0.343s] Level 5:colcon.colcon_core.verb:set package 'realsense2_camera_msgs' build argument 'cmake_args' from command line to 'None'
[0.343s] Level 5:colcon.colcon_core.verb:set package 'realsense2_camera_msgs' build argument 'cmake_target' from command line to 'None'
[0.343s] Level 5:colcon.colcon_core.verb:set package 'realsense2_camera_msgs' build argument 'cmake_target_skip_unavailable' from command line to 'False'
[0.343s] Level 5:colcon.colcon_core.verb:set package 'realsense2_camera_msgs' build argument 'cmake_clean_cache' from command line to 'False'
[0.343s] Level 5:colcon.colcon_core.verb:set package 'realsense2_camera_msgs' build argument 'cmake_clean_first' from command line to 'False'
[0.343s] Level 5:colcon.colcon_core.verb:set package 'realsense2_camera_msgs' build argument 'cmake_force_configure' from command line to 'False'
[0.343s] Level 5:colcon.colcon_core.verb:set package 'realsense2_camera_msgs' build argument 'ament_cmake_args' from command line to 'None'
[0.343s] Level 5:colcon.colcon_core.verb:set package 'realsense2_camera_msgs' build argument 'catkin_cmake_args' from command line to 'None'
[0.343s] Level 5:colcon.colcon_core.verb:set package 'realsense2_camera_msgs' build argument 'catkin_skip_building_tests' from command line to 'False'
[0.343s] DEBUG:colcon.colcon_core.verb:Building package 'realsense2_camera_msgs' with the following arguments: {'ament_cmake_args': None, 'build_base': '/home/lukas/ros2_ws/build/realsense2_camera_msgs', 'catkin_cmake_args': None, 'catkin_skip_building_tests': False, 'cmake_args': None, 'cmake_clean_cache': False, 'cmake_clean_first': False, 'cmake_force_configure': False, 'cmake_target': None, 'cmake_target_skip_unavailable': False, 'install_base': '/home/lukas/ros2_ws/install/realsense2_camera_msgs', 'merge_install': False, 'path': '/home/lukas/ros2_ws/src/realsense-ros/realsense2_camera_msgs', 'symlink_install': False, 'test_result_base': None}
[0.343s] Level 5:colcon.colcon_core.verb:set package 'teleop' build argument 'cmake_args' from command line to 'None'
[0.343s] Level 5:colcon.colcon_core.verb:set package 'teleop' build argument 'cmake_target' from command line to 'None'
[0.343s] Level 5:colcon.colcon_core.verb:set package 'teleop' build argument 'cmake_target_skip_unavailable' from command line to 'False'
[0.343s] Level 5:colcon.colcon_core.verb:set package 'teleop' build argument 'cmake_clean_cache' from command line to 'False'
[0.343s] Level 5:colcon.colcon_core.verb:set package 'teleop' build argument 'cmake_clean_first' from command line to 'False'
[0.344s] Level 5:colcon.colcon_core.verb:set package 'teleop' build argument 'cmake_force_configure' from command line to 'False'
[0.344s] Level 5:colcon.colcon_core.verb:set package 'teleop' build argument 'ament_cmake_args' from command line to 'None'
[0.344s] Level 5:colcon.colcon_core.verb:set package 'teleop' build argument 'catkin_cmake_args' from command line to 'None'
[0.344s] Level 5:colcon.colcon_core.verb:set package 'teleop' build argument 'catkin_skip_building_tests' from command line to 'False'
[0.344s] DEBUG:colcon.colcon_core.verb:Building package 'teleop' with the following arguments: {'ament_cmake_args': None, 'build_base': '/home/lukas/ros2_ws/build/teleop', 'catkin_cmake_args': None, 'catkin_skip_building_tests': False, 'cmake_args': None, 'cmake_clean_cache': False, 'cmake_clean_first': False, 'cmake_force_configure': False, 'cmake_target': None, 'cmake_target_skip_unavailable': False, 'install_base': '/home/lukas/ros2_ws/install/teleop', 'merge_install': False, 'path': '/home/lukas/ros2_ws/src/teleop', 'symlink_install': False, 'test_result_base': None}
[0.344s] Level 5:colcon.colcon_core.verb:set package 'realsense2_camera' build argument 'cmake_args' from command line to 'None'
[0.344s] Level 5:colcon.colcon_core.verb:set package 'realsense2_camera' build argument 'cmake_target' from command line to 'None'
[0.344s] Level 5:colcon.colcon_core.verb:set package 'realsense2_camera' build argument 'cmake_target_skip_unavailable' from command line to 'False'
[0.344s] Level 5:colcon.colcon_core.verb:set package 'realsense2_camera' build argument 'cmake_clean_cache' from command line to 'False'
[0.344s] Level 5:colcon.colcon_core.verb:set package 'realsense2_camera' build argument 'cmake_clean_first' from command line to 'False'
[0.344s] Level 5:colcon.colcon_core.verb:set package 'realsense2_camera' build argument 'cmake_force_configure' from command line to 'False'
[0.344s] Level 5:colcon.colcon_core.verb:set package 'realsense2_camera' build argument 'ament_cmake_args' from command line to 'None'
[0.344s] Level 5:colcon.colcon_core.verb:set package 'realsense2_camera' build argument 'catkin_cmake_args' from command line to 'None'
[0.344s] Level 5:colcon.colcon_core.verb:set package 'realsense2_camera' build argument 'catkin_skip_building_tests' from command line to 'False'
[0.344s] DEBUG:colcon.colcon_core.verb:Building package 'realsense2_camera' with the following arguments: {'ament_cmake_args': None, 'build_base': '/home/lukas/ros2_ws/build/realsense2_camera', 'catkin_cmake_args': None, 'catkin_skip_building_tests': False, 'cmake_args': None, 'cmake_clean_cache': False, 'cmake_clean_first': False, 'cmake_force_configure': False, 'cmake_target': None, 'cmake_target_skip_unavailable': False, 'install_base': '/home/lukas/ros2_ws/install/realsense2_camera', 'merge_install': False, 'path': '/home/lukas/ros2_ws/src/realsense-ros/realsense2_camera', 'symlink_install': False, 'test_result_base': None}
[0.344s] Level 5:colcon.colcon_core.verb:set package 'realsense2_description' build argument 'cmake_args' from command line to 'None'
[0.344s] Level 5:colcon.colcon_core.verb:set package 'realsense2_description' build argument 'cmake_target' from command line to 'None'
[0.344s] Level 5:colcon.colcon_core.verb:set package 'realsense2_description' build argument 'cmake_target_skip_unavailable' from command line to 'False'
[0.344s] Level 5:colcon.colcon_core.verb:set package 'realsense2_description' build argument 'cmake_clean_cache' from command line to 'False'
[0.344s] Level 5:colcon.colcon_core.verb:set package 'realsense2_description' build argument 'cmake_clean_first' from command line to 'False'
[0.344s] Level 5:colcon.colcon_core.verb:set package 'realsense2_description' build argument 'cmake_force_configure' from command line to 'False'
[0.344s] Level 5:colcon.colcon_core.verb:set package 'realsense2_description' build argument 'ament_cmake_args' from command line to 'None'
[0.345s] Level 5:colcon.colcon_core.verb:set package 'realsense2_description' build argument 'catkin_cmake_args' from command line to 'None'
[0.345s] Level 5:colcon.colcon_core.verb:set package 'realsense2_description' build argument 'catkin_skip_building_tests' from command line to 'False'
[0.345s] DEBUG:colcon.colcon_core.verb:Building package 'realsense2_description' with the following arguments: {'ament_cmake_args': None, 'build_base': '/home/lukas/ros2_ws/build/realsense2_description', 'catkin_cmake_args': None, 'catkin_skip_building_tests': False, 'cmake_args': None, 'cmake_clean_cache': False, 'cmake_clean_first': False, 'cmake_force_configure': False, 'cmake_target': None, 'cmake_target_skip_unavailable': False, 'install_base': '/home/lukas/ros2_ws/install/realsense2_description', 'merge_install': False, 'path': '/home/lukas/ros2_ws/src/realsense-ros/realsense2_description', 'symlink_install': False, 'test_result_base': None}
[0.345s] INFO:colcon.colcon_core.executor:Executing jobs using 'parallel' executor
[0.345s] DEBUG:colcon.colcon_parallel_executor.executor.parallel:run_until_complete
[0.345s] INFO:colcon.colcon_ros.task.ament_cmake.build:Building ROS package in '/home/lukas/ros2_ws/src/realsense-ros/realsense2_camera_msgs' with build type 'ament_cmake'
[0.346s] INFO:colcon.colcon_cmake.task.cmake.build:Building CMake package in '/home/lukas/ros2_ws/src/realsense-ros/realsense2_camera_msgs'
[0.347s] INFO:colcon.colcon_core.plugin_system:Skipping extension 'colcon_core.shell.bat': Not used on non-Windows systems
[0.347s] INFO:colcon.colcon_core.shell:Skip shell extension 'powershell' for command environment: Not usable outside of PowerShell
[0.347s] DEBUG:colcon.colcon_core.shell:Skip shell extension 'dsv' for command environment
[0.351s] INFO:colcon.colcon_ros.task.ament_cmake.build:Building ROS package in '/home/lukas/ros2_ws/src/leo_gazebo_classic' with build type 'ament_cmake'
[0.351s] INFO:colcon.colcon_cmake.task.cmake.build:Building CMake package in '/home/lukas/ros2_ws/src/leo_gazebo_classic'
[0.351s] INFO:colcon.colcon_core.shell:Skip shell extension 'powershell' for command environment: Not usable outside of PowerShell
[0.351s] DEBUG:colcon.colcon_core.shell:Skip shell extension 'dsv' for command environment
[0.354s] INFO:colcon.colcon_ros.task.ament_cmake.build:Building ROS package in '/home/lukas/ros2_ws/src/teleop' with build type 'ament_cmake'
[0.355s] INFO:colcon.colcon_cmake.task.cmake.build:Building CMake package in '/home/lukas/ros2_ws/src/teleop'
[0.355s] INFO:colcon.colcon_core.shell:Skip shell extension 'powershell' for command environment: Not usable outside of PowerShell
[0.355s] DEBUG:colcon.colcon_core.shell:Skip shell extension 'dsv' for command environment
[0.363s] DEBUG:colcon.colcon_core.event_handler.log_command:Invoking command in '/home/lukas/ros2_ws/build/realsense2_camera_msgs': CMAKE_PREFIX_PATH=${CMAKE_PREFIX_PATH}:/opt/ros/foxy /usr/bin/cmake --build /home/lukas/ros2_ws/build/realsense2_camera_msgs -- -j12 -l12
[0.366s] DEBUG:colcon.colcon_core.event_handler.log_command:Invoking command in '/home/lukas/ros2_ws/build/leo_gazebo_classic': CMAKE_PREFIX_PATH=${CMAKE_PREFIX_PATH}:/opt/ros/foxy /usr/bin/cmake --build /home/lukas/ros2_ws/build/leo_gazebo_classic -- -j12 -l12
[0.370s] DEBUG:colcon.colcon_core.event_handler.log_command:Invoking command in '/home/lukas/ros2_ws/build/teleop': CMAKE_PREFIX_PATH=${CMAKE_PREFIX_PATH}:/opt/ros/foxy /usr/bin/cmake --build /home/lukas/ros2_ws/build/teleop -- -j12 -l12
[0.394s] DEBUG:colcon.colcon_core.event_handler.log_command:Invoked command in '/home/lukas/ros2_ws/build/leo_gazebo_classic' returned '0': CMAKE_PREFIX_PATH=${CMAKE_PREFIX_PATH}:/opt/ros/foxy /usr/bin/cmake --build /home/lukas/ros2_ws/build/leo_gazebo_classic -- -j12 -l12
[0.404s] DEBUG:colcon.colcon_core.event_handler.log_command:Invoking command in '/home/lukas/ros2_ws/build/leo_gazebo_classic': CMAKE_PREFIX_PATH=${CMAKE_PREFIX_PATH}:/opt/ros/foxy /usr/bin/cmake --install /home/lukas/ros2_ws/build/leo_gazebo_classic
[0.421s] Level 1:colcon.colcon_core.environment:create_environment_scripts_only(leo_gazebo_classic)
[0.421s] DEBUG:colcon.colcon_core.event_handler.log_command:Invoked command in '/home/lukas/ros2_ws/build/leo_gazebo_classic' returned '0': CMAKE_PREFIX_PATH=${CMAKE_PREFIX_PATH}:/opt/ros/foxy /usr/bin/cmake --install /home/lukas/ros2_ws/build/leo_gazebo_classic
[0.424s] Level 1:colcon.colcon_core.environment:checking '/home/lukas/ros2_ws/install/leo_gazebo_classic' for CMake module files
[0.424s] Level 1:colcon.colcon_core.environment:checking '/home/lukas/ros2_ws/install/leo_gazebo_classic' for CMake config files
[0.424s] Level 1:colcon.colcon_core.shell:create_environment_hook('leo_gazebo_classic', 'cmake_prefix_path')
[0.425s] INFO:colcon.colcon_core.shell:Creating environment hook '/home/lukas/ros2_ws/install/leo_gazebo_classic/share/leo_gazebo_classic/hook/cmake_prefix_path.ps1'
[0.425s] INFO:colcon.colcon_core.shell:Creating environment descriptor '/home/lukas/ros2_ws/install/leo_gazebo_classic/share/leo_gazebo_classic/hook/cmake_prefix_path.dsv'
[0.426s] INFO:colcon.colcon_core.shell:Creating environment hook '/home/lukas/ros2_ws/install/leo_gazebo_classic/share/leo_gazebo_classic/hook/cmake_prefix_path.sh'
[0.426s] Level 1:colcon.colcon_core.environment:checking '/home/lukas/ros2_ws/install/leo_gazebo_classic/bin'
[0.426s] Level 1:colcon.colcon_core.environment:checking '/home/lukas/ros2_ws/install/leo_gazebo_classic/lib/pkgconfig/leo_gazebo_classic.pc'
[0.426s] Level 1:colcon.colcon_core.environment:checking '/home/lukas/ros2_ws/install/leo_gazebo_classic/lib/python3.8/site-packages'
[0.427s] Level 1:colcon.colcon_core.environment:checking '/home/lukas/ros2_ws/install/leo_gazebo_classic/bin'
[0.427s] INFO:colcon.colcon_core.shell:Creating package script '/home/lukas/ros2_ws/install/leo_gazebo_classic/share/leo_gazebo_classic/package.ps1'
[0.427s] INFO:colcon.colcon_core.shell:Creating package descriptor '/home/lukas/ros2_ws/install/leo_gazebo_classic/share/leo_gazebo_classic/package.dsv'
[0.428s] INFO:colcon.colcon_core.shell:Creating package script '/home/lukas/ros2_ws/install/leo_gazebo_classic/share/leo_gazebo_classic/package.sh'
[0.428s] INFO:colcon.colcon_core.shell:Creating package script '/home/lukas/ros2_ws/install/leo_gazebo_classic/share/leo_gazebo_classic/package.bash'
[0.429s] INFO:colcon.colcon_core.shell:Creating package script '/home/lukas/ros2_ws/install/leo_gazebo_classic/share/leo_gazebo_classic/package.zsh'
[0.429s] Level 1:colcon.colcon_core.environment:create_file_with_runtime_dependencies(/home/lukas/ros2_ws/install/leo_gazebo_classic/share/colcon-core/packages/leo_gazebo_classic)
[0.430s] Level 1:colcon.colcon_core.environment:create_environment_scripts_only(leo_gazebo_classic)
[0.430s] Level 1:colcon.colcon_core.environment:checking '/home/lukas/ros2_ws/install/leo_gazebo_classic' for CMake module files
[0.430s] Level 1:colcon.colcon_core.environment:checking '/home/lukas/ros2_ws/install/leo_gazebo_classic' for CMake config files
[0.430s] Level 1:colcon.colcon_core.shell:create_environment_hook('leo_gazebo_classic', 'cmake_prefix_path')
[0.431s] INFO:colcon.colcon_core.shell:Creating environment hook '/home/lukas/ros2_ws/install/leo_gazebo_classic/share/leo_gazebo_classic/hook/cmake_prefix_path.ps1'
[0.431s] INFO:colcon.colcon_core.shell:Creating environment descriptor '/home/lukas/ros2_ws/install/leo_gazebo_classic/share/leo_gazebo_classic/hook/cmake_prefix_path.dsv'
[0.431s] INFO:colcon.colcon_core.shell:Creating environment hook '/home/lukas/ros2_ws/install/leo_gazebo_classic/share/leo_gazebo_classic/hook/cmake_prefix_path.sh'
[0.432s] Level 1:colcon.colcon_core.environment:checking '/home/lukas/ros2_ws/install/leo_gazebo_classic/bin'
[0.432s] Level 1:colcon.colcon_core.environment:checking '/home/lukas/ros2_ws/install/leo_gazebo_classic/lib/pkgconfig/leo_gazebo_classic.pc'
[0.432s] Level 1:colcon.colcon_core.environment:checking '/home/lukas/ros2_ws/install/leo_gazebo_classic/lib/python3.8/site-packages'
[0.432s] Level 1:colcon.colcon_core.environment:checking '/home/lukas/ros2_ws/install/leo_gazebo_classic/bin'
[0.432s] INFO:colcon.colcon_core.shell:Creating package script '/home/lukas/ros2_ws/install/leo_gazebo_classic/share/leo_gazebo_classic/package.ps1'
[0.432s] INFO:colcon.colcon_core.shell:Creating package descriptor '/home/lukas/ros2_ws/install/leo_gazebo_classic/share/leo_gazebo_classic/package.dsv'
[0.433s] INFO:colcon.colcon_core.shell:Creating package script '/home/lukas/ros2_ws/install/leo_gazebo_classic/share/leo_gazebo_classic/package.sh'
[0.433s] INFO:colcon.colcon_core.shell:Creating package script '/home/lukas/ros2_ws/install/leo_gazebo_classic/share/leo_gazebo_classic/package.bash'
[0.433s] INFO:colcon.colcon_core.shell:Creating package script '/home/lukas/ros2_ws/install/leo_gazebo_classic/share/leo_gazebo_classic/package.zsh'
[0.434s] Level 1:colcon.colcon_core.environment:create_file_with_runtime_dependencies(/home/lukas/ros2_ws/install/leo_gazebo_classic/share/colcon-core/packages/leo_gazebo_classic)
[0.435s] DEBUG:colcon.colcon_core.event_handler.log_command:Invoked command in '/home/lukas/ros2_ws/build/teleop' returned '0': CMAKE_PREFIX_PATH=${CMAKE_PREFIX_PATH}:/opt/ros/foxy /usr/bin/cmake --build /home/lukas/ros2_ws/build/teleop -- -j12 -l12
[0.437s] DEBUG:colcon.colcon_core.event_handler.log_command:Invoking command in '/home/lukas/ros2_ws/build/teleop': CMAKE_PREFIX_PATH=${CMAKE_PREFIX_PATH}:/opt/ros/foxy /usr/bin/cmake --install /home/lukas/ros2_ws/build/teleop
[0.454s] Level 1:colcon.colcon_core.environment:create_environment_scripts_only(teleop)
[0.454s] Level 1:colcon.colcon_core.environment:checking '/home/lukas/ros2_ws/install/teleop' for CMake module files
[0.454s] DEBUG:colcon.colcon_core.event_handler.log_command:Invoked command in '/home/lukas/ros2_ws/build/teleop' returned '0': CMAKE_PREFIX_PATH=${CMAKE_PREFIX_PATH}:/opt/ros/foxy /usr/bin/cmake --install /home/lukas/ros2_ws/build/teleop
[0.455s] Level 1:colcon.colcon_core.environment:checking '/home/lukas/ros2_ws/install/teleop' for CMake config files
[0.455s] Level 1:colcon.colcon_core.shell:create_environment_hook('teleop', 'cmake_prefix_path')
[0.455s] INFO:colcon.colcon_core.shell:Creating environment hook '/home/lukas/ros2_ws/install/teleop/share/teleop/hook/cmake_prefix_path.ps1'
[0.456s] INFO:colcon.colcon_core.shell:Creating environment descriptor '/home/lukas/ros2_ws/install/teleop/share/teleop/hook/cmake_prefix_path.dsv'
[0.456s] INFO:colcon.colcon_core.shell:Creating environment hook '/home/lukas/ros2_ws/install/teleop/share/teleop/hook/cmake_prefix_path.sh'
[0.456s] Level 1:colcon.colcon_core.environment:checking '/home/lukas/ros2_ws/install/teleop/lib'
[0.456s] Level 1:colcon.colcon_core.environment:checking '/home/lukas/ros2_ws/install/teleop/bin'
[0.457s] Level 1:colcon.colcon_core.environment:checking '/home/lukas/ros2_ws/install/teleop/lib/pkgconfig/teleop.pc'
[0.457s] Level 1:colcon.colcon_core.environment:checking '/home/lukas/ros2_ws/install/teleop/lib/python3.8/site-packages'
[0.457s] Level 1:colcon.colcon_core.environment:checking '/home/lukas/ros2_ws/install/teleop/bin'
[0.457s] INFO:colcon.colcon_core.shell:Creating package script '/home/lukas/ros2_ws/install/teleop/share/teleop/package.ps1'
[0.457s] INFO:colcon.colcon_core.shell:Creating package descriptor '/home/lukas/ros2_ws/install/teleop/share/teleop/package.dsv'
[0.458s] INFO:colcon.colcon_core.shell:Creating package script '/home/lukas/ros2_ws/install/teleop/share/teleop/package.sh'
[0.458s] INFO:colcon.colcon_core.shell:Creating package script '/home/lukas/ros2_ws/install/teleop/share/teleop/package.bash'
[0.458s] INFO:colcon.colcon_core.shell:Creating package script '/home/lukas/ros2_ws/install/teleop/share/teleop/package.zsh'
[0.459s] Level 1:colcon.colcon_core.environment:create_file_with_runtime_dependencies(/home/lukas/ros2_ws/install/teleop/share/colcon-core/packages/teleop)
[0.459s] Level 1:colcon.colcon_core.environment:create_environment_scripts_only(teleop)
[0.459s] Level 1:colcon.colcon_core.environment:checking '/home/lukas/ros2_ws/install/teleop' for CMake module files
[0.459s] Level 1:colcon.colcon_core.environment:checking '/home/lukas/ros2_ws/install/teleop' for CMake config files
[0.460s] Level 1:colcon.colcon_core.shell:create_environment_hook('teleop', 'cmake_prefix_path')
[0.460s] INFO:colcon.colcon_core.shell:Creating environment hook '/home/lukas/ros2_ws/install/teleop/share/teleop/hook/cmake_prefix_path.ps1'
[0.460s] INFO:colcon.colcon_core.shell:Creating environment descriptor '/home/lukas/ros2_ws/install/teleop/share/teleop/hook/cmake_prefix_path.dsv'
[0.460s] INFO:colcon.colcon_core.shell:Creating environment hook '/home/lukas/ros2_ws/install/teleop/share/teleop/hook/cmake_prefix_path.sh'
[0.461s] Level 1:colcon.colcon_core.environment:checking '/home/lukas/ros2_ws/install/teleop/lib'
[0.461s] Level 1:colcon.colcon_core.environment:checking '/home/lukas/ros2_ws/install/teleop/bin'
[0.461s] Level 1:colcon.colcon_core.environment:checking '/home/lukas/ros2_ws/install/teleop/lib/pkgconfig/teleop.pc'
[0.461s] Level 1:colcon.colcon_core.environment:checking '/home/lukas/ros2_ws/install/teleop/lib/python3.8/site-packages'
[0.461s] Level 1:colcon.colcon_core.environment:checking '/home/lukas/ros2_ws/install/teleop/bin'
[0.461s] INFO:colcon.colcon_core.shell:Creating package script '/home/lukas/ros2_ws/install/teleop/share/teleop/package.ps1'
[0.462s] INFO:colcon.colcon_core.shell:Creating package descriptor '/home/lukas/ros2_ws/install/teleop/share/teleop/package.dsv'
[0.462s] INFO:colcon.colcon_core.shell:Creating package script '/home/lukas/ros2_ws/install/teleop/share/teleop/package.sh'
[0.462s] INFO:colcon.colcon_core.shell:Creating package script '/home/lukas/ros2_ws/install/teleop/share/teleop/package.bash'
[0.463s] INFO:colcon.colcon_core.shell:Creating package script '/home/lukas/ros2_ws/install/teleop/share/teleop/package.zsh'
[0.463s] Level 1:colcon.colcon_core.environment:create_file_with_runtime_dependencies(/home/lukas/ros2_ws/install/teleop/share/colcon-core/packages/teleop)
[0.513s] DEBUG:colcon.colcon_core.event_handler.log_command:Invoked command in '/home/lukas/ros2_ws/build/realsense2_camera_msgs' returned '0': CMAKE_PREFIX_PATH=${CMAKE_PREFIX_PATH}:/opt/ros/foxy /usr/bin/cmake --build /home/lukas/ros2_ws/build/realsense2_camera_msgs -- -j12 -l12
[0.515s] DEBUG:colcon.colcon_core.event_handler.log_command:Invoking command in '/home/lukas/ros2_ws/build/realsense2_camera_msgs': CMAKE_PREFIX_PATH=${CMAKE_PREFIX_PATH}:/opt/ros/foxy /usr/bin/cmake --install /home/lukas/ros2_ws/build/realsense2_camera_msgs
[0.568s] Level 1:colcon.colcon_core.environment:create_environment_scripts_only(realsense2_camera_msgs)
[0.569s] Level 1:colcon.colcon_core.environment:checking '/home/lukas/ros2_ws/install/realsense2_camera_msgs' for CMake module files
[0.569s] DEBUG:colcon.colcon_core.event_handler.log_command:Invoked command in '/home/lukas/ros2_ws/build/realsense2_camera_msgs' returned '0': CMAKE_PREFIX_PATH=${CMAKE_PREFIX_PATH}:/opt/ros/foxy /usr/bin/cmake --install /home/lukas/ros2_ws/build/realsense2_camera_msgs
[0.570s] Level 1:colcon.colcon_core.environment:checking '/home/lukas/ros2_ws/install/realsense2_camera_msgs' for CMake config files
[0.570s] Level 1:colcon.colcon_core.shell:create_environment_hook('realsense2_camera_msgs', 'cmake_prefix_path')
[0.570s] INFO:colcon.colcon_core.shell:Creating environment hook '/home/lukas/ros2_ws/install/realsense2_camera_msgs/share/realsense2_camera_msgs/hook/cmake_prefix_path.ps1'
[0.570s] INFO:colcon.colcon_core.shell:Creating environment descriptor '/home/lukas/ros2_ws/install/realsense2_camera_msgs/share/realsense2_camera_msgs/hook/cmake_prefix_path.dsv'
[0.571s] INFO:colcon.colcon_core.shell:Creating environment hook '/home/lukas/ros2_ws/install/realsense2_camera_msgs/share/realsense2_camera_msgs/hook/cmake_prefix_path.sh'
[0.571s] Level 1:colcon.colcon_core.environment:checking '/home/lukas/ros2_ws/install/realsense2_camera_msgs/lib'
[0.571s] Level 1:colcon.colcon_core.shell:create_environment_hook('realsense2_camera_msgs', 'ld_library_path_lib')
[0.571s] INFO:colcon.colcon_core.shell:Creating environment hook '/home/lukas/ros2_ws/install/realsense2_camera_msgs/share/realsense2_camera_msgs/hook/ld_library_path_lib.ps1'
[0.572s] INFO:colcon.colcon_core.shell:Creating environment descriptor '/home/lukas/ros2_ws/install/realsense2_camera_msgs/share/realsense2_camera_msgs/hook/ld_library_path_lib.dsv'
[0.572s] INFO:colcon.colcon_core.shell:Creating environment hook '/home/lukas/ros2_ws/install/realsense2_camera_msgs/share/realsense2_camera_msgs/hook/ld_library_path_lib.sh'
[0.572s] Level 1:colcon.colcon_core.environment:checking '/home/lukas/ros2_ws/install/realsense2_camera_msgs/bin'
[0.572s] Level 1:colcon.colcon_core.environment:checking '/home/lukas/ros2_ws/install/realsense2_camera_msgs/lib/pkgconfig/realsense2_camera_msgs.pc'
[0.572s] Level 1:colcon.colcon_core.environment:checking '/home/lukas/ros2_ws/install/realsense2_camera_msgs/lib/python3.8/site-packages'
[0.572s] Level 1:colcon.colcon_core.shell:create_environment_hook('realsense2_camera_msgs', 'pythonpath')
[0.573s] INFO:colcon.colcon_core.shell:Creating environment hook '/home/lukas/ros2_ws/install/realsense2_camera_msgs/share/realsense2_camera_msgs/hook/pythonpath.ps1'
[0.573s] INFO:colcon.colcon_core.shell:Creating environment descriptor '/home/lukas/ros2_ws/install/realsense2_camera_msgs/share/realsense2_camera_msgs/hook/pythonpath.dsv'
[0.573s] INFO:colcon.colcon_core.shell:Creating environment hook '/home/lukas/ros2_ws/install/realsense2_camera_msgs/share/realsense2_camera_msgs/hook/pythonpath.sh'
[0.574s] Level 1:colcon.colcon_core.environment:checking '/home/lukas/ros2_ws/install/realsense2_camera_msgs/bin'
[0.574s] INFO:colcon.colcon_core.shell:Creating package script '/home/lukas/ros2_ws/install/realsense2_camera_msgs/share/realsense2_camera_msgs/package.ps1'
[0.574s] INFO:colcon.colcon_core.shell:Creating package descriptor '/home/lukas/ros2_ws/install/realsense2_camera_msgs/share/realsense2_camera_msgs/package.dsv'
[0.575s] INFO:colcon.colcon_core.shell:Creating package script '/home/lukas/ros2_ws/install/realsense2_camera_msgs/share/realsense2_camera_msgs/package.sh'
[0.575s] INFO:colcon.colcon_core.shell:Creating package script '/home/lukas/ros2_ws/install/realsense2_camera_msgs/share/realsense2_camera_msgs/package.bash'
[0.575s] INFO:colcon.colcon_core.shell:Creating package script '/home/lukas/ros2_ws/install/realsense2_camera_msgs/share/realsense2_camera_msgs/package.zsh'
[0.575s] Level 1:colcon.colcon_core.environment:create_file_with_runtime_dependencies(/home/lukas/ros2_ws/install/realsense2_camera_msgs/share/colcon-core/packages/realsense2_camera_msgs)
[0.576s] Level 1:colcon.colcon_core.environment:create_environment_scripts_only(realsense2_camera_msgs)
[0.576s] Level 1:colcon.colcon_core.environment:checking '/home/lukas/ros2_ws/install/realsense2_camera_msgs' for CMake module files
[0.576s] Level 1:colcon.colcon_core.environment:checking '/home/lukas/ros2_ws/install/realsense2_camera_msgs' for CMake config files
[0.577s] Level 1:colcon.colcon_core.shell:create_environment_hook('realsense2_camera_msgs', 'cmake_prefix_path')
[0.577s] INFO:colcon.colcon_core.shell:Creating environment hook '/home/lukas/ros2_ws/install/realsense2_camera_msgs/share/realsense2_camera_msgs/hook/cmake_prefix_path.ps1'
[0.577s] INFO:colcon.colcon_core.shell:Creating environment descriptor '/home/lukas/ros2_ws/install/realsense2_camera_msgs/share/realsense2_camera_msgs/hook/cmake_prefix_path.dsv'
[0.577s] INFO:colcon.colcon_core.shell:Creating environment hook '/home/lukas/ros2_ws/install/realsense2_camera_msgs/share/realsense2_camera_msgs/hook/cmake_prefix_path.sh'
[0.578s] Level 1:colcon.colcon_core.environment:checking '/home/lukas/ros2_ws/install/realsense2_camera_msgs/lib'
[0.578s] Level 1:colcon.colcon_core.shell:create_environment_hook('realsense2_camera_msgs', 'ld_library_path_lib')
[0.578s] INFO:colcon.colcon_core.shell:Creating environment hook '/home/lukas/ros2_ws/install/realsense2_camera_msgs/share/realsense2_camera_msgs/hook/ld_library_path_lib.ps1'
[0.578s] INFO:colcon.colcon_core.shell:Creating environment descriptor '/home/lukas/ros2_ws/install/realsense2_camera_msgs/share/realsense2_camera_msgs/hook/ld_library_path_lib.dsv'
[0.578s] INFO:colcon.colcon_core.shell:Creating environment hook '/home/lukas/ros2_ws/install/realsense2_camera_msgs/share/realsense2_camera_msgs/hook/ld_library_path_lib.sh'
[0.579s] Level 1:colcon.colcon_core.environment:checking '/home/lukas/ros2_ws/install/realsense2_camera_msgs/bin'
[0.579s] Level 1:colcon.colcon_core.environment:checking '/home/lukas/ros2_ws/install/realsense2_camera_msgs/lib/pkgconfig/realsense2_camera_msgs.pc'
[0.579s] Level 1:colcon.colcon_core.environment:checking '/home/lukas/ros2_ws/install/realsense2_camera_msgs/lib/python3.8/site-packages'
[0.579s] Level 1:colcon.colcon_core.shell:create_environment_hook('realsense2_camera_msgs', 'pythonpath')
[0.579s] INFO:colcon.colcon_core.shell:Creating environment hook '/home/lukas/ros2_ws/install/realsense2_camera_msgs/share/realsense2_camera_msgs/hook/pythonpath.ps1'
[0.579s] INFO:colcon.colcon_core.shell:Creating environment descriptor '/home/lukas/ros2_ws/install/realsense2_camera_msgs/share/realsense2_camera_msgs/hook/pythonpath.dsv'
[0.580s] INFO:colcon.colcon_core.shell:Creating environment hook '/home/lukas/ros2_ws/install/realsense2_camera_msgs/share/realsense2_camera_msgs/hook/pythonpath.sh'
[0.580s] Level 1:colcon.colcon_core.environment:checking '/home/lukas/ros2_ws/install/realsense2_camera_msgs/bin'
[0.580s] INFO:colcon.colcon_core.shell:Creating package script '/home/lukas/ros2_ws/install/realsense2_camera_msgs/share/realsense2_camera_msgs/package.ps1'
[0.581s] INFO:colcon.colcon_core.shell:Creating package descriptor '/home/lukas/ros2_ws/install/realsense2_camera_msgs/share/realsense2_camera_msgs/package.dsv'
[0.581s] INFO:colcon.colcon_core.shell:Creating package script '/home/lukas/ros2_ws/install/realsense2_camera_msgs/share/realsense2_camera_msgs/package.sh'
[0.581s] INFO:colcon.colcon_core.shell:Creating package script '/home/lukas/ros2_ws/install/realsense2_camera_msgs/share/realsense2_camera_msgs/package.bash'
[0.582s] INFO:colcon.colcon_core.shell:Creating package script '/home/lukas/ros2_ws/install/realsense2_camera_msgs/share/realsense2_camera_msgs/package.zsh'
[0.582s] Level 1:colcon.colcon_core.environment:create_file_with_runtime_dependencies(/home/lukas/ros2_ws/install/realsense2_camera_msgs/share/colcon-core/packages/realsense2_camera_msgs)
[0.582s] INFO:colcon.colcon_ros.task.ament_cmake.build:Building ROS package in '/home/lukas/ros2_ws/src/realsense-ros/realsense2_camera' with build type 'ament_cmake'
[0.582s] INFO:colcon.colcon_cmake.task.cmake.build:Building CMake package in '/home/lukas/ros2_ws/src/realsense-ros/realsense2_camera'
[0.582s] INFO:colcon.colcon_core.shell:Skip shell extension 'powershell' for command environment: Not usable outside of PowerShell
[0.583s] DEBUG:colcon.colcon_core.shell:Skip shell extension 'dsv' for command environment
[0.586s] INFO:colcon.colcon_ros.task.ament_cmake.build:Building ROS package in '/home/lukas/ros2_ws/src/realsense-ros/realsense2_description' with build type 'ament_cmake'
[0.586s] INFO:colcon.colcon_cmake.task.cmake.build:Building CMake package in '/home/lukas/ros2_ws/src/realsense-ros/realsense2_description'
[0.587s] INFO:colcon.colcon_core.shell:Skip shell extension 'powershell' for command environment: Not usable outside of PowerShell
[0.587s] DEBUG:colcon.colcon_core.shell:Skip shell extension 'dsv' for command environment
[0.593s] DEBUG:colcon.colcon_core.event_handler.log_command:Invoking command in '/home/lukas/ros2_ws/build/realsense2_camera': CMAKE_PREFIX_PATH=/home/lukas/ros2_ws/install/realsense2_camera_msgs:/home/lukas/ros2_ws/install/teleop:/home/lukas/ros2_ws/install/realsense2_description:/home/lukas/ros2_ws/install/realsense2_camera:/home/lukas/ros2_ws/install/leo_gazebo_classic:/opt/ros/foxy LD_LIBRARY_PATH=/home/lukas/ros2_ws/install/realsense2_camera_msgs/lib:/home/lukas/ros2_ws/install/realsense2_camera/lib:/usr/lib/x86_64-linux-gnu/gazebo-11/plugins:/opt/ros/foxy/opt/yaml_cpp_vendor/lib:/opt/ros/foxy/opt/rviz_ogre_vendor/lib:/opt/ros/foxy/lib/x86_64-linux-gnu:/opt/ros/foxy/lib /usr/bin/cmake --build /home/lukas/ros2_ws/build/realsense2_camera -- -j12 -l12
[0.596s] DEBUG:colcon.colcon_core.event_handler.log_command:Invoking command in '/home/lukas/ros2_ws/build/realsense2_description': CMAKE_PREFIX_PATH=/home/lukas/ros2_ws/install/realsense2_camera_msgs:/home/lukas/ros2_ws/install/teleop:/home/lukas/ros2_ws/install/realsense2_description:/home/lukas/ros2_ws/install/realsense2_camera:/home/lukas/ros2_ws/install/leo_gazebo_classic:/opt/ros/foxy LD_LIBRARY_PATH=/home/lukas/ros2_ws/install/realsense2_camera_msgs/lib:/home/lukas/ros2_ws/install/realsense2_camera/lib:/usr/lib/x86_64-linux-gnu/gazebo-11/plugins:/opt/ros/foxy/opt/yaml_cpp_vendor/lib:/opt/ros/foxy/opt/rviz_ogre_vendor/lib:/opt/ros/foxy/lib/x86_64-linux-gnu:/opt/ros/foxy/lib /usr/bin/cmake --build /home/lukas/ros2_ws/build/realsense2_description -- -j12 -l12
[0.623s] DEBUG:colcon.colcon_core.event_handler.log_command:Invoked command in '/home/lukas/ros2_ws/build/realsense2_description' returned '0': CMAKE_PREFIX_PATH=/home/lukas/ros2_ws/install/realsense2_camera_msgs:/home/lukas/ros2_ws/install/teleop:/home/lukas/ros2_ws/install/realsense2_description:/home/lukas/ros2_ws/install/realsense2_camera:/home/lukas/ros2_ws/install/leo_gazebo_classic:/opt/ros/foxy LD_LIBRARY_PATH=/home/lukas/ros2_ws/install/realsense2_camera_msgs/lib:/home/lukas/ros2_ws/install/realsense2_camera/lib:/usr/lib/x86_64-linux-gnu/gazebo-11/plugins:/opt/ros/foxy/opt/yaml_cpp_vendor/lib:/opt/ros/foxy/opt/rviz_ogre_vendor/lib:/opt/ros/foxy/lib/x86_64-linux-gnu:/opt/ros/foxy/lib /usr/bin/cmake --build /home/lukas/ros2_ws/build/realsense2_description -- -j12 -l12
[0.625s] DEBUG:colcon.colcon_core.event_handler.log_command:Invoking command in '/home/lukas/ros2_ws/build/realsense2_description': CMAKE_PREFIX_PATH=/home/lukas/ros2_ws/install/realsense2_camera_msgs:/home/lukas/ros2_ws/install/teleop:/home/lukas/ros2_ws/install/realsense2_description:/home/lukas/ros2_ws/install/realsense2_camera:/home/lukas/ros2_ws/install/leo_gazebo_classic:/opt/ros/foxy LD_LIBRARY_PATH=/home/lukas/ros2_ws/install/realsense2_camera_msgs/lib:/home/lukas/ros2_ws/install/realsense2_camera/lib:/usr/lib/x86_64-linux-gnu/gazebo-11/plugins:/opt/ros/foxy/opt/yaml_cpp_vendor/lib:/opt/ros/foxy/opt/rviz_ogre_vendor/lib:/opt/ros/foxy/lib/x86_64-linux-gnu:/opt/ros/foxy/lib /usr/bin/cmake --install /home/lukas/ros2_ws/build/realsense2_description
[0.644s] Level 1:colcon.colcon_core.environment:create_environment_scripts_only(realsense2_description)
[0.645s] Level 1:colcon.colcon_core.environment:checking '/home/lukas/ros2_ws/install/realsense2_description' for CMake module files
[0.645s] DEBUG:colcon.colcon_core.event_handler.log_command:Invoked command in '/home/lukas/ros2_ws/build/realsense2_description' returned '0': CMAKE_PREFIX_PATH=/home/lukas/ros2_ws/install/realsense2_camera_msgs:/home/lukas/ros2_ws/install/teleop:/home/lukas/ros2_ws/install/realsense2_description:/home/lukas/ros2_ws/install/realsense2_camera:/home/lukas/ros2_ws/install/leo_gazebo_classic:/opt/ros/foxy LD_LIBRARY_PATH=/home/lukas/ros2_ws/install/realsense2_camera_msgs/lib:/home/lukas/ros2_ws/install/realsense2_camera/lib:/usr/lib/x86_64-linux-gnu/gazebo-11/plugins:/opt/ros/foxy/opt/yaml_cpp_vendor/lib:/opt/ros/foxy/opt/rviz_ogre_vendor/lib:/opt/ros/foxy/lib/x86_64-linux-gnu:/opt/ros/foxy/lib /usr/bin/cmake --install /home/lukas/ros2_ws/build/realsense2_description
[0.645s] Level 1:colcon.colcon_core.environment:checking '/home/lukas/ros2_ws/install/realsense2_description' for CMake config files
[0.646s] Level 1:colcon.colcon_core.shell:create_environment_hook('realsense2_description', 'cmake_prefix_path')
[0.646s] INFO:colcon.colcon_core.shell:Creating environment hook '/home/lukas/ros2_ws/install/realsense2_description/share/realsense2_description/hook/cmake_prefix_path.ps1'
[0.647s] INFO:colcon.colcon_core.shell:Creating environment descriptor '/home/lukas/ros2_ws/install/realsense2_description/share/realsense2_description/hook/cmake_prefix_path.dsv'
[0.647s] INFO:colcon.colcon_core.shell:Creating environment hook '/home/lukas/ros2_ws/install/realsense2_description/share/realsense2_description/hook/cmake_prefix_path.sh'
[0.648s] Level 1:colcon.colcon_core.environment:checking '/home/lukas/ros2_ws/install/realsense2_description/bin'
[0.648s] Level 1:colcon.colcon_core.environment:checking '/home/lukas/ros2_ws/install/realsense2_description/lib/pkgconfig/realsense2_description.pc'
[0.648s] Level 1:colcon.colcon_core.environment:checking '/home/lukas/ros2_ws/install/realsense2_description/lib/python3.8/site-packages'
[0.648s] Level 1:colcon.colcon_core.environment:checking '/home/lukas/ros2_ws/install/realsense2_description/bin'
[0.649s] INFO:colcon.colcon_core.shell:Creating package script '/home/lukas/ros2_ws/install/realsense2_description/share/realsense2_description/package.ps1'
[0.649s] INFO:colcon.colcon_core.shell:Creating package descriptor '/home/lukas/ros2_ws/install/realsense2_description/share/realsense2_description/package.dsv'
[0.649s] INFO:colcon.colcon_core.shell:Creating package script '/home/lukas/ros2_ws/install/realsense2_description/share/realsense2_description/package.sh'
[0.650s] INFO:colcon.colcon_core.shell:Creating package script '/home/lukas/ros2_ws/install/realsense2_description/share/realsense2_description/package.bash'
[0.650s] INFO:colcon.colcon_core.shell:Creating package script '/home/lukas/ros2_ws/install/realsense2_description/share/realsense2_description/package.zsh'
[0.650s] Level 1:colcon.colcon_core.environment:create_file_with_runtime_dependencies(/home/lukas/ros2_ws/install/realsense2_description/share/colcon-core/packages/realsense2_description)
[0.651s] Level 1:colcon.colcon_core.environment:create_environment_scripts_only(realsense2_description)
[0.651s] Level 1:colcon.colcon_core.environment:checking '/home/lukas/ros2_ws/install/realsense2_description' for CMake module files
[0.651s] Level 1:colcon.colcon_core.environment:checking '/home/lukas/ros2_ws/install/realsense2_description' for CMake config files
[0.651s] Level 1:colcon.colcon_core.shell:create_environment_hook('realsense2_description', 'cmake_prefix_path')
[0.651s] INFO:colcon.colcon_core.shell:Creating environment hook '/home/lukas/ros2_ws/install/realsense2_description/share/realsense2_description/hook/cmake_prefix_path.ps1'
[0.652s] INFO:colcon.colcon_core.shell:Creating environment descriptor '/home/lukas/ros2_ws/install/realsense2_description/share/realsense2_description/hook/cmake_prefix_path.dsv'
[0.652s] INFO:colcon.colcon_core.shell:Creating environment hook '/home/lukas/ros2_ws/install/realsense2_description/share/realsense2_description/hook/cmake_prefix_path.sh'
[0.653s] Level 1:colcon.colcon_core.environment:checking '/home/lukas/ros2_ws/install/realsense2_description/bin'
[0.653s] Level 1:colcon.colcon_core.environment:checking '/home/lukas/ros2_ws/install/realsense2_description/lib/pkgconfig/realsense2_description.pc'
[0.653s] Level 1:colcon.colcon_core.environment:checking '/home/lukas/ros2_ws/install/realsense2_description/lib/python3.8/site-packages'
[0.653s] Level 1:colcon.colcon_core.environment:checking '/home/lukas/ros2_ws/install/realsense2_description/bin'
[0.653s] INFO:colcon.colcon_core.shell:Creating package script '/home/lukas/ros2_ws/install/realsense2_description/share/realsense2_description/package.ps1'
[0.654s] INFO:colcon.colcon_core.shell:Creating package descriptor '/home/lukas/ros2_ws/install/realsense2_description/share/realsense2_description/package.dsv'
[0.654s] INFO:colcon.colcon_core.shell:Creating package script '/home/lukas/ros2_ws/install/realsense2_description/share/realsense2_description/package.sh'
[0.654s] INFO:colcon.colcon_core.shell:Creating package script '/home/lukas/ros2_ws/install/realsense2_description/share/realsense2_description/package.bash'
[0.655s] INFO:colcon.colcon_core.shell:Creating package script '/home/lukas/ros2_ws/install/realsense2_description/share/realsense2_description/package.zsh'
[0.655s] Level 1:colcon.colcon_core.environment:create_file_with_runtime_dependencies(/home/lukas/ros2_ws/install/realsense2_description/share/colcon-core/packages/realsense2_description)
[0.656s] DEBUG:colcon.colcon_core.event_handler.log_command:Invoked command in '/home/lukas/ros2_ws/build/realsense2_camera' returned '0': CMAKE_PREFIX_PATH=/home/lukas/ros2_ws/install/realsense2_camera_msgs:/home/lukas/ros2_ws/install/teleop:/home/lukas/ros2_ws/install/realsense2_description:/home/lukas/ros2_ws/install/realsense2_camera:/home/lukas/ros2_ws/install/leo_gazebo_classic:/opt/ros/foxy LD_LIBRARY_PATH=/home/lukas/ros2_ws/install/realsense2_camera_msgs/lib:/home/lukas/ros2_ws/install/realsense2_camera/lib:/usr/lib/x86_64-linux-gnu/gazebo-11/plugins:/opt/ros/foxy/opt/yaml_cpp_vendor/lib:/opt/ros/foxy/opt/rviz_ogre_vendor/lib:/opt/ros/foxy/lib/x86_64-linux-gnu:/opt/ros/foxy/lib /usr/bin/cmake --build /home/lukas/ros2_ws/build/realsense2_camera -- -j12 -l12
[0.658s] DEBUG:colcon.colcon_core.event_handler.log_command:Invoking command in '/home/lukas/ros2_ws/build/realsense2_camera': CMAKE_PREFIX_PATH=/home/lukas/ros2_ws/install/realsense2_camera_msgs:/home/lukas/ros2_ws/install/teleop:/home/lukas/ros2_ws/install/realsense2_description:/home/lukas/ros2_ws/install/realsense2_camera:/home/lukas/ros2_ws/install/leo_gazebo_classic:/opt/ros/foxy LD_LIBRARY_PATH=/home/lukas/ros2_ws/install/realsense2_camera_msgs/lib:/home/lukas/ros2_ws/install/realsense2_camera/lib:/usr/lib/x86_64-linux-gnu/gazebo-11/plugins:/opt/ros/foxy/opt/yaml_cpp_vendor/lib:/opt/ros/foxy/opt/rviz_ogre_vendor/lib:/opt/ros/foxy/lib/x86_64-linux-gnu:/opt/ros/foxy/lib /usr/bin/cmake --install /home/lukas/ros2_ws/build/realsense2_camera
[0.678s] Level 1:colcon.colcon_core.environment:create_environment_scripts_only(realsense2_camera)
[0.678s] Level 1:colcon.colcon_core.environment:checking '/home/lukas/ros2_ws/install/realsense2_camera' for CMake module files
[0.679s] DEBUG:colcon.colcon_core.event_handler.log_command:Invoked command in '/home/lukas/ros2_ws/build/realsense2_camera' returned '0': CMAKE_PREFIX_PATH=/home/lukas/ros2_ws/install/realsense2_camera_msgs:/home/lukas/ros2_ws/install/teleop:/home/lukas/ros2_ws/install/realsense2_description:/home/lukas/ros2_ws/install/realsense2_camera:/home/lukas/ros2_ws/install/leo_gazebo_classic:/opt/ros/foxy LD_LIBRARY_PATH=/home/lukas/ros2_ws/install/realsense2_camera_msgs/lib:/home/lukas/ros2_ws/install/realsense2_camera/lib:/usr/lib/x86_64-linux-gnu/gazebo-11/plugins:/opt/ros/foxy/opt/yaml_cpp_vendor/lib:/opt/ros/foxy/opt/rviz_ogre_vendor/lib:/opt/ros/foxy/lib/x86_64-linux-gnu:/opt/ros/foxy/lib /usr/bin/cmake --install /home/lukas/ros2_ws/build/realsense2_camera
[0.679s] Level 1:colcon.colcon_core.environment:checking '/home/lukas/ros2_ws/install/realsense2_camera' for CMake config files
[0.679s] Level 1:colcon.colcon_core.shell:create_environment_hook('realsense2_camera', 'cmake_prefix_path')
[0.679s] INFO:colcon.colcon_core.shell:Creating environment hook '/home/lukas/ros2_ws/install/realsense2_camera/share/realsense2_camera/hook/cmake_prefix_path.ps1'
[0.680s] INFO:colcon.colcon_core.shell:Creating environment descriptor '/home/lukas/ros2_ws/install/realsense2_camera/share/realsense2_camera/hook/cmake_prefix_path.dsv'
[0.680s] INFO:colcon.colcon_core.shell:Creating environment hook '/home/lukas/ros2_ws/install/realsense2_camera/share/realsense2_camera/hook/cmake_prefix_path.sh'
[0.681s] Level 1:colcon.colcon_core.environment:checking '/home/lukas/ros2_ws/install/realsense2_camera/lib'
[0.681s] Level 1:colcon.colcon_core.shell:create_environment_hook('realsense2_camera', 'ld_library_path_lib')
[0.681s] INFO:colcon.colcon_core.shell:Creating environment hook '/home/lukas/ros2_ws/install/realsense2_camera/share/realsense2_camera/hook/ld_library_path_lib.ps1'
[0.681s] INFO:colcon.colcon_core.shell:Creating environment descriptor '/home/lukas/ros2_ws/install/realsense2_camera/share/realsense2_camera/hook/ld_library_path_lib.dsv'
[0.681s] INFO:colcon.colcon_core.shell:Creating environment hook '/home/lukas/ros2_ws/install/realsense2_camera/share/realsense2_camera/hook/ld_library_path_lib.sh'
[0.682s] Level 1:colcon.colcon_core.environment:checking '/home/lukas/ros2_ws/install/realsense2_camera/bin'
[0.682s] Level 1:colcon.colcon_core.environment:checking '/home/lukas/ros2_ws/install/realsense2_camera/lib/pkgconfig/realsense2_camera.pc'
[0.682s] Level 1:colcon.colcon_core.environment:checking '/home/lukas/ros2_ws/install/realsense2_camera/lib/python3.8/site-packages'
[0.682s] Level 1:colcon.colcon_core.environment:checking '/home/lukas/ros2_ws/install/realsense2_camera/bin'
[0.682s] INFO:colcon.colcon_core.shell:Creating package script '/home/lukas/ros2_ws/install/realsense2_camera/share/realsense2_camera/package.ps1'
[0.683s] INFO:colcon.colcon_core.shell:Creating package descriptor '/home/lukas/ros2_ws/install/realsense2_camera/share/realsense2_camera/package.dsv'
[0.683s] INFO:colcon.colcon_core.shell:Creating package script '/home/lukas/ros2_ws/install/realsense2_camera/share/realsense2_camera/package.sh'
[0.683s] INFO:colcon.colcon_core.shell:Creating package script '/home/lukas/ros2_ws/install/realsense2_camera/share/realsense2_camera/package.bash'
[0.684s] INFO:colcon.colcon_core.shell:Creating package script '/home/lukas/ros2_ws/install/realsense2_camera/share/realsense2_camera/package.zsh'
[0.684s] Level 1:colcon.colcon_core.environment:create_file_with_runtime_dependencies(/home/lukas/ros2_ws/install/realsense2_camera/share/colcon-core/packages/realsense2_camera)
[0.684s] Level 1:colcon.colcon_core.environment:create_environment_scripts_only(realsense2_camera)
[0.684s] Level 1:colcon.colcon_core.environment:checking '/home/lukas/ros2_ws/install/realsense2_camera' for CMake module files
[0.685s] Level 1:colcon.colcon_core.environment:checking '/home/lukas/ros2_ws/install/realsense2_camera' for CMake config files
[0.685s] Level 1:colcon.colcon_core.shell:create_environment_hook('realsense2_camera', 'cmake_prefix_path')
[0.685s] INFO:colcon.colcon_core.shell:Creating environment hook '/home/lukas/ros2_ws/install/realsense2_camera/share/realsense2_camera/hook/cmake_prefix_path.ps1'
[0.685s] INFO:colcon.colcon_core.shell:Creating environment descriptor '/home/lukas/ros2_ws/install/realsense2_camera/share/realsense2_camera/hook/cmake_prefix_path.dsv'
[0.686s] INFO:colcon.colcon_core.shell:Creating environment hook '/home/lukas/ros2_ws/install/realsense2_camera/share/realsense2_camera/hook/cmake_prefix_path.sh'
[0.686s] Level 1:colcon.colcon_core.environment:checking '/home/lukas/ros2_ws/install/realsense2_camera/lib'
[0.686s] Level 1:colcon.colcon_core.shell:create_environment_hook('realsense2_camera', 'ld_library_path_lib')
[0.686s] INFO:colcon.colcon_core.shell:Creating environment hook '/home/lukas/ros2_ws/install/realsense2_camera/share/realsense2_camera/hook/ld_library_path_lib.ps1'
[0.687s] INFO:colcon.colcon_core.shell:Creating environment descriptor '/home/lukas/ros2_ws/install/realsense2_camera/share/realsense2_camera/hook/ld_library_path_lib.dsv'
[0.687s] INFO:colcon.colcon_core.shell:Creating environment hook '/home/lukas/ros2_ws/install/realsense2_camera/share/realsense2_camera/hook/ld_library_path_lib.sh'
[0.687s] Level 1:colcon.colcon_core.environment:checking '/home/lukas/ros2_ws/install/realsense2_camera/bin'
[0.687s] Level 1:colcon.colcon_core.environment:checking '/home/lukas/ros2_ws/install/realsense2_camera/lib/pkgconfig/realsense2_camera.pc'
[0.687s] Level 1:colcon.colcon_core.environment:checking '/home/lukas/ros2_ws/install/realsense2_camera/lib/python3.8/site-packages'
[0.687s] Level 1:colcon.colcon_core.environment:checking '/home/lukas/ros2_ws/install/realsense2_camera/bin'
[0.688s] INFO:colcon.colcon_core.shell:Creating package script '/home/lukas/ros2_ws/install/realsense2_camera/share/realsense2_camera/package.ps1'
[0.688s] INFO:colcon.colcon_core.shell:Creating package descriptor '/home/lukas/ros2_ws/install/realsense2_camera/share/realsense2_camera/package.dsv'
[0.688s] INFO:colcon.colcon_core.shell:Creating package script '/home/lukas/ros2_ws/install/realsense2_camera/share/realsense2_camera/package.sh'
[0.689s] INFO:colcon.colcon_core.shell:Creating package script '/home/lukas/ros2_ws/install/realsense2_camera/share/realsense2_camera/package.bash'
[0.689s] INFO:colcon.colcon_core.shell:Creating package script '/home/lukas/ros2_ws/install/realsense2_camera/share/realsense2_camera/package.zsh'
[0.689s] Level 1:colcon.colcon_core.environment:create_file_with_runtime_dependencies(/home/lukas/ros2_ws/install/realsense2_camera/share/colcon-core/packages/realsense2_camera)
[0.689s] DEBUG:colcon.colcon_parallel_executor.executor.parallel:closing loop
[0.690s] DEBUG:colcon.colcon_parallel_executor.executor.parallel:loop closed
[0.690s] DEBUG:colcon.colcon_parallel_executor.executor.parallel:run_until_complete finished with '0'
[0.690s] DEBUG:colcon.colcon_core.event_reactor:joining thread
[0.694s] INFO:colcon.colcon_core.plugin_system:Skipping extension 'colcon_notification.desktop_notification.terminal_notifier': Not used on non-Darwin systems
[0.694s] INFO:colcon.colcon_core.plugin_system:Skipping extension 'colcon_notification.desktop_notification.win32': Not used on non-Windows systems
[0.694s] INFO:colcon.colcon_notification.desktop_notification:Sending desktop notification using 'notify2'
[0.700s] DEBUG:colcon.colcon_core.event_reactor:joined thread
[0.700s] INFO:colcon.colcon_core.shell:Creating prefix script '/home/lukas/ros2_ws/install/local_setup.ps1'
[0.701s] INFO:colcon.colcon_core.shell:Creating prefix util module '/home/lukas/ros2_ws/install/_local_setup_util_ps1.py'
[0.702s] INFO:colcon.colcon_core.shell:Creating prefix chain script '/home/lukas/ros2_ws/install/setup.ps1'
[0.702s] INFO:colcon.colcon_core.shell:Creating prefix script '/home/lukas/ros2_ws/install/local_setup.sh'
[0.703s] INFO:colcon.colcon_core.shell:Creating prefix util module '/home/lukas/ros2_ws/install/_local_setup_util_sh.py'
[0.703s] INFO:colcon.colcon_core.shell:Creating prefix chain script '/home/lukas/ros2_ws/install/setup.sh'
[0.704s] INFO:colcon.colcon_core.shell:Creating prefix script '/home/lukas/ros2_ws/install/local_setup.bash'
[0.704s] INFO:colcon.colcon_core.shell:Creating prefix chain script '/home/lukas/ros2_ws/install/setup.bash'
[0.705s] INFO:colcon.colcon_core.shell:Creating prefix script '/home/lukas/ros2_ws/install/local_setup.zsh'
[0.706s] INFO:colcon.colcon_core.shell:Creating prefix chain script '/home/lukas/ros2_ws/install/setup.zsh'
