-- Found ament_cmake: 0.9.12 (/opt/ros/foxy/share/ament_cmake/cmake)
-- Using PYTHON_EXECUTABLE: /usr/bin/python3
-- Override CMake install command with custom implementation using symlinks instead of copying resources
-- Found rclcpp: 2.4.3 (/opt/ros/foxy/share/rclcpp/cmake)
-- Using all available rosidl_typesupport_c: rosidl_typesupport_fastrtps_c;rosidl_typesupport_introspection_c
-- Found rosidl_adapter: 1.3.1 (/opt/ros/foxy/share/rosidl_adapter/cmake)
-- Using all available rosidl_typesupport_cpp: rosidl_typesupport_fastrtps_cpp;rosidl_typesupport_introspection_cpp
-- Found rmw_implementation_cmake: 1.0.4 (/opt/ros/foxy/share/rmw_implementation_cmake/cmake)
-- Using RMW implementation 'rmw_fastrtps_cpp' as default
-- Found geometry_msgs: 2.0.5 (/opt/ros/foxy/share/geometry_msgs/cmake)
-- Configuring done
-- Generating done
-- Build files have been written to: /home/lukas/ros2_ws/build/teleop
[ 50%] [32m[1mLinking CXX executable teleop[0m
[100%] Built target teleop
-- Install configuration: ""
-- Execute custom install script
-- Symlinking: /home/lukas/ros2_ws/install/teleop/lib/teleop/teleop
-- Symlinking: /home/lukas/ros2_ws/install/teleop/share/ament_index/resource_index/package_run_dependencies/teleop
-- Symlinking: /home/lukas/ros2_ws/install/teleop/share/ament_index/resource_index/parent_prefix_path/teleop
-- Symlinking: /home/lukas/ros2_ws/install/teleop/share/teleop/environment/ament_prefix_path.sh
-- Symlinking: /home/lukas/ros2_ws/install/teleop/share/teleop/environment/ament_prefix_path.dsv
-- Symlinking: /home/lukas/ros2_ws/install/teleop/share/teleop/environment/path.sh
-- Symlinking: /home/lukas/ros2_ws/install/teleop/share/teleop/environment/path.dsv
-- Symlinking: /home/lukas/ros2_ws/install/teleop/share/teleop/local_setup.bash
-- Symlinking: /home/lukas/ros2_ws/install/teleop/share/teleop/local_setup.sh
-- Symlinking: /home/lukas/ros2_ws/install/teleop/share/teleop/local_setup.zsh
-- Symlinking: /home/lukas/ros2_ws/install/teleop/share/teleop/local_setup.dsv
-- Symlinking: /home/lukas/ros2_ws/install/teleop/share/teleop/package.dsv
-- Symlinking: /home/lukas/ros2_ws/install/teleop/share/ament_index/resource_index/packages/teleop
-- Symlinking: /home/lukas/ros2_ws/install/teleop/share/teleop/cmake/teleopConfig.cmake
-- Symlinking: /home/lukas/ros2_ws/install/teleop/share/teleop/cmake/teleopConfig-version.cmake
-- Symlinking: /home/lukas/ros2_ws/install/teleop/share/teleop/package.xml
