[0.014s] Invoking command in '/home/lukas/ros2_ws/build/teleop': CMAKE_PREFIX_PATH=${CMAKE_PREFIX_PATH}:/opt/ros/foxy /usr/bin/cmake /home/lukas/ros2_ws/src/teleop -DAMENT_CMAKE_SYMLINK_INSTALL=1 -DCMAKE_INSTALL_PREFIX=/home/lukas/ros2_ws/install/teleop
[0.023s] -- Found ament_cmake: 0.9.12 (/opt/ros/foxy/share/ament_cmake/cmake)
[0.039s] -- Using PYTHON_EXECUTABLE: /usr/bin/python3
[0.173s] -- Override CMake install command with custom implementation using symlinks instead of copying resources
[0.178s] -- Found rclcpp: 2.4.3 (/opt/ros/foxy/share/rclcpp/cmake)
[0.203s] -- Using all available rosidl_typesupport_c: rosidl_typesupport_fastrtps_c;rosidl_typesupport_introspection_c
[0.206s] -- Found rosidl_adapter: 1.3.1 (/opt/ros/foxy/share/rosidl_adapter/cmake)
[0.293s] -- Using all available rosidl_typesupport_cpp: rosidl_typesupport_fastrtps_cpp;rosidl_typesupport_introspection_cpp
[0.332s] -- Found rmw_implementation_cmake: 1.0.4 (/opt/ros/foxy/share/rmw_implementation_cmake/cmake)
[0.334s] -- Using RMW implementation 'rmw_fastrtps_cpp' as default
[0.448s] -- Found geometry_msgs: 2.0.5 (/opt/ros/foxy/share/geometry_msgs/cmake)
[0.523s] -- Configuring done
[0.528s] -- Generating done
[0.531s] -- Build files have been written to: /home/lukas/ros2_ws/build/teleop
[0.545s] Invoked command in '/home/lukas/ros2_ws/build/teleop' returned '0': CMAKE_PREFIX_PATH=${CMAKE_PREFIX_PATH}:/opt/ros/foxy /usr/bin/cmake /home/lukas/ros2_ws/src/teleop -DAMENT_CMAKE_SYMLINK_INSTALL=1 -DCMAKE_INSTALL_PREFIX=/home/lukas/ros2_ws/install/teleop
[0.547s] Invoking command in '/home/lukas/ros2_ws/build/teleop': CMAKE_PREFIX_PATH=${CMAKE_PREFIX_PATH}:/opt/ros/foxy /usr/bin/cmake --build /home/lukas/ros2_ws/build/teleop -- -j12 -l12
[0.588s] [ 50%] [32m[1mLinking CXX executable teleop[0m
[0.698s] [100%] Built target teleop
[0.706s] Invoked command in '/home/lukas/ros2_ws/build/teleop' returned '0': CMAKE_PREFIX_PATH=${CMAKE_PREFIX_PATH}:/opt/ros/foxy /usr/bin/cmake --build /home/lukas/ros2_ws/build/teleop -- -j12 -l12
[0.708s] Invoking command in '/home/lukas/ros2_ws/build/teleop': CMAKE_PREFIX_PATH=${CMAKE_PREFIX_PATH}:/opt/ros/foxy /usr/bin/cmake --install /home/lukas/ros2_ws/build/teleop
[0.714s] -- Install configuration: ""
[0.714s] -- Execute custom install script
[0.714s] -- Symlinking: /home/lukas/ros2_ws/install/teleop/lib/teleop/teleop
[0.721s] -- Symlinking: /home/lukas/ros2_ws/install/teleop/share/ament_index/resource_index/package_run_dependencies/teleop
[0.727s] -- Symlinking: /home/lukas/ros2_ws/install/teleop/share/ament_index/resource_index/parent_prefix_path/teleop
[0.733s] -- Symlinking: /home/lukas/ros2_ws/install/teleop/share/teleop/environment/ament_prefix_path.sh
[0.740s] -- Symlinking: /home/lukas/ros2_ws/install/teleop/share/teleop/environment/ament_prefix_path.dsv
[0.746s] -- Symlinking: /home/lukas/ros2_ws/install/teleop/share/teleop/environment/path.sh
[0.752s] -- Symlinking: /home/lukas/ros2_ws/install/teleop/share/teleop/environment/path.dsv
[0.757s] -- Symlinking: /home/lukas/ros2_ws/install/teleop/share/teleop/local_setup.bash
[0.764s] -- Symlinking: /home/lukas/ros2_ws/install/teleop/share/teleop/local_setup.sh
[0.769s] -- Symlinking: /home/lukas/ros2_ws/install/teleop/share/teleop/local_setup.zsh
[0.778s] -- Symlinking: /home/lukas/ros2_ws/install/teleop/share/teleop/local_setup.dsv
[0.783s] -- Symlinking: /home/lukas/ros2_ws/install/teleop/share/teleop/package.dsv
[0.789s] -- Symlinking: /home/lukas/ros2_ws/install/teleop/share/ament_index/resource_index/packages/teleop
[0.795s] -- Symlinking: /home/lukas/ros2_ws/install/teleop/share/teleop/cmake/teleopConfig.cmake
[0.801s] -- Symlinking: /home/lukas/ros2_ws/install/teleop/share/teleop/cmake/teleopConfig-version.cmake
[0.807s] -- Symlinking: /home/lukas/ros2_ws/install/teleop/share/teleop/package.xml
[0.815s] Invoked command in '/home/lukas/ros2_ws/build/teleop' returned '0': CMAKE_PREFIX_PATH=${CMAKE_PREFIX_PATH}:/opt/ros/foxy /usr/bin/cmake --install /home/lukas/ros2_ws/build/teleop
