[35m[1mScanning dependencies of target teleop[0m
[ 50%] [32mBuilding CXX object CMakeFiles/teleop.dir/src/teleop.cpp.o[0m
[100%] [32m[1mLinking CXX executable teleop[0m
[100%] Built target teleop
-- Install configuration: ""
-- Execute custom install script
-- Up-to-date symlink: /home/lukas/ros2_ws/install/teleop/lib/teleop/teleop
-- Up-to-date symlink: /home/lukas/ros2_ws/install/teleop/share/ament_index/resource_index/package_run_dependencies/teleop
-- Up-to-date symlink: /home/lukas/ros2_ws/install/teleop/share/ament_index/resource_index/parent_prefix_path/teleop
-- Up-to-date symlink: /home/lukas/ros2_ws/install/teleop/share/teleop/environment/ament_prefix_path.sh
-- Up-to-date symlink: /home/lukas/ros2_ws/install/teleop/share/teleop/environment/ament_prefix_path.dsv
-- Up-to-date symlink: /home/lukas/ros2_ws/install/teleop/share/teleop/environment/path.sh
-- Up-to-date symlink: /home/lukas/ros2_ws/install/teleop/share/teleop/environment/path.dsv
-- Up-to-date symlink: /home/lukas/ros2_ws/install/teleop/share/teleop/local_setup.bash
-- Up-to-date symlink: /home/lukas/ros2_ws/install/teleop/share/teleop/local_setup.sh
-- Up-to-date symlink: /home/lukas/ros2_ws/install/teleop/share/teleop/local_setup.zsh
-- Up-to-date symlink: /home/lukas/ros2_ws/install/teleop/share/teleop/local_setup.dsv
-- Symlinking: /home/lukas/ros2_ws/install/teleop/share/teleop/package.dsv
-- Up-to-date symlink: /home/lukas/ros2_ws/install/teleop/share/ament_index/resource_index/packages/teleop
-- Up-to-date symlink: /home/lukas/ros2_ws/install/teleop/share/teleop/cmake/teleopConfig.cmake
-- Up-to-date symlink: /home/lukas/ros2_ws/install/teleop/share/teleop/cmake/teleopConfig-version.cmake
-- Up-to-date symlink: /home/lukas/ros2_ws/install/teleop/share/teleop/package.xml
