[0.014s] Invoking command in '/home/lukas/ros2_ws/build/leo_gazebo_classic': CMAKE_PREFIX_PATH=${CMAKE_PREFIX_PATH}:/opt/ros/foxy /usr/bin/cmake --build /home/lukas/ros2_ws/build/leo_gazebo_classic -- -j12 -l12
[0.043s] Invoked command in '/home/lukas/ros2_ws/build/leo_gazebo_classic' returned '0': CMAKE_PREFIX_PATH=${CMAKE_PREFIX_PATH}:/opt/ros/foxy /usr/bin/cmake --build /home/lukas/ros2_ws/build/leo_gazebo_classic -- -j12 -l12
[0.053s] Invoking command in '/home/lukas/ros2_ws/build/leo_gazebo_classic': CMAKE_PREFIX_PATH=${CMAKE_PREFIX_PATH}:/opt/ros/foxy /usr/bin/cmake --install /home/lukas/ros2_ws/build/leo_gazebo_classic
[0.059s] -- Install configuration: ""
[0.059s] -- Execute custom install script
[0.060s] -- Up-to-date symlink: /home/lukas/ros2_ws/install/leo_gazebo_classic/share/leo_gazebo_classic/description/leo.xacro
[0.060s] -- Up-to-date symlink: /home/lukas/ros2_ws/install/leo_gazebo_classic/share/leo_gazebo_classic/description/leo_gazebo_classic.xacro
[0.060s] -- Up-to-date symlink: /home/lukas/ros2_ws/install/leo_gazebo_classic/share/leo_gazebo_classic/launch/rsp.launch.py
[0.060s] -- Up-to-date symlink: /home/lukas/ros2_ws/install/leo_gazebo_classic/share/ament_index/resource_index/package_run_dependencies/leo_gazebo_classic
[0.060s] -- Up-to-date symlink: /home/lukas/ros2_ws/install/leo_gazebo_classic/share/ament_index/resource_index/parent_prefix_path/leo_gazebo_classic
[0.061s] -- Up-to-date symlink: /home/lukas/ros2_ws/install/leo_gazebo_classic/share/leo_gazebo_classic/environment/ament_prefix_path.sh
[0.061s] -- Up-to-date symlink: /home/lukas/ros2_ws/install/leo_gazebo_classic/share/leo_gazebo_classic/environment/ament_prefix_path.dsv
[0.061s] -- Up-to-date symlink: /home/lukas/ros2_ws/install/leo_gazebo_classic/share/leo_gazebo_classic/environment/path.sh
[0.061s] -- Up-to-date symlink: /home/lukas/ros2_ws/install/leo_gazebo_classic/share/leo_gazebo_classic/environment/path.dsv
[0.061s] -- Up-to-date symlink: /home/lukas/ros2_ws/install/leo_gazebo_classic/share/leo_gazebo_classic/local_setup.bash
[0.062s] -- Up-to-date symlink: /home/lukas/ros2_ws/install/leo_gazebo_classic/share/leo_gazebo_classic/local_setup.sh
[0.062s] -- Up-to-date symlink: /home/lukas/ros2_ws/install/leo_gazebo_classic/share/leo_gazebo_classic/local_setup.zsh
[0.062s] -- Up-to-date symlink: /home/lukas/ros2_ws/install/leo_gazebo_classic/share/leo_gazebo_classic/local_setup.dsv
[0.062s] -- Symlinking: /home/lukas/ros2_ws/install/leo_gazebo_classic/share/leo_gazebo_classic/package.dsv
[0.074s] -- Up-to-date symlink: /home/lukas/ros2_ws/install/leo_gazebo_classic/share/ament_index/resource_index/packages/leo_gazebo_classic
[0.075s] -- Up-to-date symlink: /home/lukas/ros2_ws/install/leo_gazebo_classic/share/leo_gazebo_classic/cmake/leo_gazebo_classicConfig.cmake
[0.075s] -- Up-to-date symlink: /home/lukas/ros2_ws/install/leo_gazebo_classic/share/leo_gazebo_classic/cmake/leo_gazebo_classicConfig-version.cmake
[0.075s] -- Up-to-date symlink: /home/lukas/ros2_ws/install/leo_gazebo_classic/share/leo_gazebo_classic/package.xml
[0.076s] Invoked command in '/home/lukas/ros2_ws/build/leo_gazebo_classic' returned '0': CMAKE_PREFIX_PATH=${CMAKE_PREFIX_PATH}:/opt/ros/foxy /usr/bin/cmake --install /home/lukas/ros2_ws/build/leo_gazebo_classic
