[0.015s] Invoking command in '/home/lukas/ros2_ws/build/leo_gazebo_classic': CMAKE_PREFIX_PATH=${CMAKE_PREFIX_PATH}:/opt/ros/foxy /usr/bin/cmake /home/lukas/ros2_ws/src/leo_gazebo_classic -DCMAKE_INSTALL_PREFIX=/home/lukas/ros2_ws/install/leo_gazebo_classic
[0.052s] -- The C compiler identification is GNU 9.4.0
[0.092s] -- The CXX compiler identification is GNU 9.4.0
[0.096s] -- Check for working C compiler: /usr/bin/cc
[0.143s] -- Check for working C compiler: /usr/bin/cc -- works
[0.144s] -- Detecting C compiler ABI info
[0.191s] -- Detecting C compiler ABI info - done
[0.200s] -- Detecting C compile features
[0.200s] -- Detecting C compile features - done
[0.203s] -- Check for working CXX compiler: /usr/bin/c++
[0.260s] -- Check for working CXX compiler: /usr/bin/c++ -- works
[0.261s] -- Detecting CXX compiler ABI info
[0.317s] -- Detecting CXX compiler ABI info - done
[0.326s] -- Detecting CXX compile features
[0.327s] -- Detecting CXX compile features - done
[0.328s] -- Found ament_cmake: 0.9.12 (/opt/ros/foxy/share/ament_cmake/cmake)
[0.346s] -- Found PythonInterp: /usr/bin/python3 (found suitable version "3.8.10", minimum required is "3") 
[0.346s] -- Using PYTHON_EXECUTABLE: /usr/bin/python3
[0.491s] -- Found rclcpp: 2.4.3 (/opt/ros/foxy/share/rclcpp/cmake)
[0.525s] -- Using all available rosidl_typesupport_c: rosidl_typesupport_fastrtps_c;rosidl_typesupport_introspection_c
[0.530s] -- Found rosidl_adapter: 1.3.1 (/opt/ros/foxy/share/rosidl_adapter/cmake)
[0.586s] -- Found OpenSSL: /usr/lib/x86_64-linux-gnu/libcrypto.so (found version "1.1.1f")  
[0.606s] -- Found FastRTPS: /opt/ros/foxy/include  
[0.662s] -- Using all available rosidl_typesupport_cpp: rosidl_typesupport_fastrtps_cpp;rosidl_typesupport_introspection_cpp
[0.706s] -- Found rmw_implementation_cmake: 1.0.4 (/opt/ros/foxy/share/rmw_implementation_cmake/cmake)
[0.707s] -- Using RMW implementation 'rmw_fastrtps_cpp' as default
[0.708s] -- Looking for pthread.h
[0.757s] -- Looking for pthread.h - found
[0.757s] -- Performing Test CMAKE_HAVE_LIBC_PTHREAD
[0.811s] -- Performing Test CMAKE_HAVE_LIBC_PTHREAD - Failed
[0.811s] -- Looking for pthread_create in pthreads
[0.854s] -- Looking for pthread_create in pthreads - not found
[0.854s] -- Looking for pthread_create in pthread
[0.916s] -- Looking for pthread_create in pthread - found
[0.917s] -- Found Threads: TRUE  
[1.056s] CMake Error at CMakeLists.txt:21 (find_package):
[1.056s]   By not providing "Findxacro.cmake" in CMAKE_MODULE_PATH this project has
[1.056s]   asked CMake to find a package configuration file provided by "xacro", but
[1.056s]   CMake did not find one.
[1.056s] 
[1.057s]   Could not find a package configuration file provided by "xacro" with any of
[1.057s]   the following names:
[1.057s] 
[1.057s]     xacroConfig.cmake
[1.057s]     xacro-config.cmake
[1.057s] 
[1.057s]   Add the installation prefix of "xacro" to CMAKE_PREFIX_PATH or set
[1.057s]   "xacro_DIR" to a directory containing one of the above files.  If "xacro"
[1.057s]   provides a separate development package or SDK, be sure it has been
[1.057s]   installed.
[1.057s] 
[1.057s] 
[1.058s] -- Configuring incomplete, errors occurred!
[1.058s] See also "/home/lukas/ros2_ws/build/leo_gazebo_classic/CMakeFiles/CMakeOutput.log".
[1.058s] See also "/home/lukas/ros2_ws/build/leo_gazebo_classic/CMakeFiles/CMakeError.log".
[1.063s] Invoked command in '/home/lukas/ros2_ws/build/leo_gazebo_classic' returned '1': CMAKE_PREFIX_PATH=${CMAKE_PREFIX_PATH}:/opt/ros/foxy /usr/bin/cmake /home/lukas/ros2_ws/src/leo_gazebo_classic -DCMAKE_INSTALL_PREFIX=/home/lukas/ros2_ws/install/leo_gazebo_classic
