[0.018s] Invoking command in '/home/lukas/ros2_ws/build/realsense2_camera_msgs': CMAKE_PREFIX_PATH=${CMAKE_PREFIX_PATH}:/opt/ros/foxy /usr/bin/cmake /home/lukas/ros2_ws/src/realsense-ros/realsense2_camera_msgs -DCMAKE_INSTALL_PREFIX=/home/lukas/ros2_ws/install/realsense2_camera_msgs
[0.029s] -- Found ament_cmake: 0.9.12 (/opt/ros/foxy/share/ament_cmake/cmake)
[0.046s] -- Found PythonInterp: /usr/bin/python3 (found suitable version "3.8.10", minimum required is "3") 
[0.046s] -- Using PYTHON_EXECUTABLE: /usr/bin/python3
[0.188s] -- Override CMake install command with custom implementation using symlinks instead of copying resources
[0.193s] -- Found rosidl_default_generators: 1.0.1 (/opt/ros/foxy/share/rosidl_default_generators/cmake)
[0.195s] -- Using all available rosidl_typesupport_c: rosidl_typesupport_fastrtps_c;rosidl_typesupport_introspection_c
[0.198s] -- Found rosidl_adapter: 1.3.1 (/opt/ros/foxy/share/rosidl_adapter/cmake)
[0.310s] -- Using all available rosidl_typesupport_cpp: rosidl_typesupport_fastrtps_cpp;rosidl_typesupport_introspection_cpp
[0.331s] -- Found builtin_interfaces: 1.0.0 (/opt/ros/foxy/share/builtin_interfaces/cmake)
[0.341s] -- Found std_msgs: 2.0.5 (/opt/ros/foxy/share/std_msgs/cmake)
[0.374s] -- Found PythonInterp: /usr/bin/python3 (found version "3.8.10") 
[0.513s] -- Found ament_cmake_cppcheck: 0.9.8 (/opt/ros/foxy/share/ament_cmake_cppcheck/cmake)
[0.514s] -- Found ament_cmake_cpplint: 0.9.8 (/opt/ros/foxy/share/ament_cmake_cpplint/cmake)
[0.514s] -- Found ament_cmake_uncrustify: 0.9.8 (/opt/ros/foxy/share/ament_cmake_uncrustify/cmake)
[0.515s] -- Found ament_cmake_ros: 0.9.2 (/opt/ros/foxy/share/ament_cmake_ros/cmake)
[0.675s] -- Using all available rosidl_typesupport_c: rosidl_typesupport_fastrtps_c;rosidl_typesupport_introspection_c
[0.732s] -- Using all available rosidl_typesupport_cpp: rosidl_typesupport_fastrtps_cpp;rosidl_typesupport_introspection_cpp
[0.752s] -- Found PythonInterp: /usr/bin/python3 (found suitable version "3.8.10", minimum required is "3.5") 
[0.752s] -- Found python_cmake_module: 0.8.1 (/opt/ros/foxy/share/python_cmake_module/cmake)
[0.770s] -- Using PYTHON_EXECUTABLE: /usr/bin/python3
[0.770s] -- Using PYTHON_INCLUDE_DIRS: /usr/include/python3.8
[0.770s] -- Using PYTHON_LIBRARIES: /usr/lib/x86_64-linux-gnu/libpython3.8.so
[0.800s] -- Found ament_cmake_flake8: 0.9.8 (/opt/ros/foxy/share/ament_cmake_flake8/cmake)
[0.801s] -- Found ament_cmake_pep257: 0.9.8 (/opt/ros/foxy/share/ament_cmake_pep257/cmake)
[0.810s] -- Configuring done
[0.844s] -- Generating done
[0.856s] -- Build files have been written to: /home/lukas/ros2_ws/build/realsense2_camera_msgs
[0.862s] Invoked command in '/home/lukas/ros2_ws/build/realsense2_camera_msgs' returned '0': CMAKE_PREFIX_PATH=${CMAKE_PREFIX_PATH}:/opt/ros/foxy /usr/bin/cmake /home/lukas/ros2_ws/src/realsense-ros/realsense2_camera_msgs -DCMAKE_INSTALL_PREFIX=/home/lukas/ros2_ws/install/realsense2_camera_msgs
[0.863s] Invoking command in '/home/lukas/ros2_ws/build/realsense2_camera_msgs': CMAKE_PREFIX_PATH=${CMAKE_PREFIX_PATH}:/opt/ros/foxy /usr/bin/cmake --build /home/lukas/ros2_ws/build/realsense2_camera_msgs -- -j12 -l12
[0.902s] [  2%] Built target realsense2_camera_msgs__cpp
[0.903s] [ 12%] Built target realsense2_camera_msgs__rosidl_generator_c
[0.920s] [ 53%] Built target realsense2_camera_msgs__rosidl_typesupport_cpp
[0.920s] [ 53%] Built target realsense2_camera_msgs__rosidl_typesupport_c
[0.920s] [ 53%] Built target realsense2_camera_msgs__rosidl_typesupport_introspection_cpp
[0.920s] [ 53%] Built target realsense2_camera_msgs__rosidl_typesupport_introspection_c
[0.922s] [ 64%] Built target realsense2_camera_msgs__rosidl_typesupport_fastrtps_cpp
[0.942s] [ 74%] Built target realsense2_camera_msgs__rosidl_typesupport_fastrtps_c
[0.958s] [ 74%] Built target realsense2_camera_msgs
[0.973s] [ 76%] Built target realsense2_camera_msgs__py
[0.994s] [ 84%] Built target realsense2_camera_msgs__python
[1.013s] [100%] Built target realsense2_camera_msgs__rosidl_typesupport_introspection_c__pyext
[1.014s] [100%] Built target realsense2_camera_msgs__rosidl_typesupport_fastrtps_c__pyext
[1.014s] [100%] Built target realsense2_camera_msgs__rosidl_typesupport_c__pyext
[1.023s] Invoked command in '/home/lukas/ros2_ws/build/realsense2_camera_msgs' returned '0': CMAKE_PREFIX_PATH=${CMAKE_PREFIX_PATH}:/opt/ros/foxy /usr/bin/cmake --build /home/lukas/ros2_ws/build/realsense2_camera_msgs -- -j12 -l12
[1.025s] Invoking command in '/home/lukas/ros2_ws/build/realsense2_camera_msgs': CMAKE_PREFIX_PATH=${CMAKE_PREFIX_PATH}:/opt/ros/foxy /usr/bin/cmake --install /home/lukas/ros2_ws/build/realsense2_camera_msgs
[1.030s] -- Install configuration: ""
[1.031s] -- Execute custom install script
[1.031s] -- Up-to-date symlink: /home/lukas/ros2_ws/install/realsense2_camera_msgs/share/ament_index/resource_index/rosidl_interfaces/realsense2_camera_msgs
[1.031s] -- Up-to-date symlink: /home/lukas/ros2_ws/install/realsense2_camera_msgs/include/realsense2_camera_msgs/msg/detail/extrinsics__functions.h
[1.032s] -- Up-to-date symlink: /home/lukas/ros2_ws/install/realsense2_camera_msgs/include/realsense2_camera_msgs/msg/detail/extrinsics__struct.h
[1.032s] -- Up-to-date symlink: /home/lukas/ros2_ws/install/realsense2_camera_msgs/include/realsense2_camera_msgs/msg/detail/extrinsics__type_support.h
[1.032s] -- Up-to-date symlink: /home/lukas/ros2_ws/install/realsense2_camera_msgs/include/realsense2_camera_msgs/msg/detail/imu_info__functions.h
[1.032s] -- Up-to-date symlink: /home/lukas/ros2_ws/install/realsense2_camera_msgs/include/realsense2_camera_msgs/msg/detail/imu_info__struct.h
[1.032s] -- Up-to-date symlink: /home/lukas/ros2_ws/install/realsense2_camera_msgs/include/realsense2_camera_msgs/msg/detail/imu_info__type_support.h
[1.032s] -- Up-to-date symlink: /home/lukas/ros2_ws/install/realsense2_camera_msgs/include/realsense2_camera_msgs/msg/extrinsics.h
[1.032s] -- Up-to-date symlink: /home/lukas/ros2_ws/install/realsense2_camera_msgs/include/realsense2_camera_msgs/msg/imu_info.h
[1.032s] -- Up-to-date symlink: /home/lukas/ros2_ws/install/realsense2_camera_msgs/include/realsense2_camera_msgs/msg/rosidl_generator_c__visibility_control.h
[1.033s] -- Up-to-date symlink: /home/lukas/ros2_ws/install/realsense2_camera_msgs/share/realsense2_camera_msgs/environment/library_path.sh
[1.033s] -- Up-to-date symlink: /home/lukas/ros2_ws/install/realsense2_camera_msgs/share/realsense2_camera_msgs/environment/library_path.dsv
[1.033s] -- Up-to-date symlink: /home/lukas/ros2_ws/install/realsense2_camera_msgs/include/realsense2_camera_msgs/msg/detail/extrinsics__rosidl_typesupport_fastrtps_c.h
[1.033s] -- Up-to-date symlink: /home/lukas/ros2_ws/install/realsense2_camera_msgs/include/realsense2_camera_msgs/msg/detail/imu_info__rosidl_typesupport_fastrtps_c.h
[1.033s] -- Up-to-date symlink: /home/lukas/ros2_ws/install/realsense2_camera_msgs/include/realsense2_camera_msgs/msg/rosidl_typesupport_fastrtps_c__visibility_control.h
[1.034s] -- Up-to-date symlink: /home/lukas/ros2_ws/install/realsense2_camera_msgs/lib/librealsense2_camera_msgs__rosidl_typesupport_fastrtps_c.so
[1.034s] -- Up-to-date symlink: /home/lukas/ros2_ws/install/realsense2_camera_msgs/include/realsense2_camera_msgs/msg/detail/extrinsics__rosidl_typesupport_fastrtps_cpp.hpp
[1.034s] -- Up-to-date symlink: /home/lukas/ros2_ws/install/realsense2_camera_msgs/include/realsense2_camera_msgs/msg/detail/imu_info__rosidl_typesupport_fastrtps_cpp.hpp
[1.034s] -- Up-to-date symlink: /home/lukas/ros2_ws/install/realsense2_camera_msgs/include/realsense2_camera_msgs/msg/rosidl_typesupport_fastrtps_cpp__visibility_control.h
[1.035s] -- Up-to-date symlink: /home/lukas/ros2_ws/install/realsense2_camera_msgs/lib/librealsense2_camera_msgs__rosidl_typesupport_fastrtps_cpp.so
[1.035s] -- Up-to-date symlink: /home/lukas/ros2_ws/install/realsense2_camera_msgs/include/realsense2_camera_msgs/msg/detail/extrinsics__rosidl_typesupport_introspection_c.h
[1.035s] -- Up-to-date symlink: /home/lukas/ros2_ws/install/realsense2_camera_msgs/include/realsense2_camera_msgs/msg/detail/imu_info__rosidl_typesupport_introspection_c.h
[1.035s] -- Up-to-date symlink: /home/lukas/ros2_ws/install/realsense2_camera_msgs/include/realsense2_camera_msgs/msg/rosidl_typesupport_introspection_c__visibility_control.h
[1.036s] -- Up-to-date symlink: /home/lukas/ros2_ws/install/realsense2_camera_msgs/include/realsense2_camera_msgs/msg/detail/extrinsics__builder.hpp
[1.036s] -- Up-to-date symlink: /home/lukas/ros2_ws/install/realsense2_camera_msgs/include/realsense2_camera_msgs/msg/detail/extrinsics__struct.hpp
[1.036s] -- Up-to-date symlink: /home/lukas/ros2_ws/install/realsense2_camera_msgs/include/realsense2_camera_msgs/msg/detail/extrinsics__traits.hpp
[1.036s] -- Up-to-date symlink: /home/lukas/ros2_ws/install/realsense2_camera_msgs/include/realsense2_camera_msgs/msg/detail/extrinsics__type_support.hpp
[1.036s] -- Up-to-date symlink: /home/lukas/ros2_ws/install/realsense2_camera_msgs/include/realsense2_camera_msgs/msg/detail/imu_info__builder.hpp
[1.036s] -- Up-to-date symlink: /home/lukas/ros2_ws/install/realsense2_camera_msgs/include/realsense2_camera_msgs/msg/detail/imu_info__struct.hpp
[1.036s] -- Up-to-date symlink: /home/lukas/ros2_ws/install/realsense2_camera_msgs/include/realsense2_camera_msgs/msg/detail/imu_info__traits.hpp
[1.036s] -- Up-to-date symlink: /home/lukas/ros2_ws/install/realsense2_camera_msgs/include/realsense2_camera_msgs/msg/detail/imu_info__type_support.hpp
[1.037s] -- Up-to-date symlink: /home/lukas/ros2_ws/install/realsense2_camera_msgs/include/realsense2_camera_msgs/msg/extrinsics.hpp
[1.037s] -- Up-to-date symlink: /home/lukas/ros2_ws/install/realsense2_camera_msgs/include/realsense2_camera_msgs/msg/imu_info.hpp
[1.037s] -- Up-to-date symlink: /home/lukas/ros2_ws/install/realsense2_camera_msgs/include/realsense2_camera_msgs/msg/rosidl_generator_cpp__visibility_control.hpp
[1.037s] -- Up-to-date symlink: /home/lukas/ros2_ws/install/realsense2_camera_msgs/include/realsense2_camera_msgs/msg/detail/extrinsics__rosidl_typesupport_introspection_cpp.hpp
[1.037s] -- Up-to-date symlink: /home/lukas/ros2_ws/install/realsense2_camera_msgs/include/realsense2_camera_msgs/msg/detail/imu_info__rosidl_typesupport_introspection_cpp.hpp
[1.038s] -- Up-to-date symlink: /home/lukas/ros2_ws/install/realsense2_camera_msgs/share/realsense2_camera_msgs/environment/pythonpath.sh
[1.038s] -- Up-to-date symlink: /home/lukas/ros2_ws/install/realsense2_camera_msgs/share/realsense2_camera_msgs/environment/pythonpath.dsv
[1.038s] -- Up-to-date symlink: /home/lukas/ros2_ws/install/realsense2_camera_msgs/lib/python3.8/site-packages/realsense2_camera_msgs/__init__.py
[1.038s] -- Up-to-date symlink: /home/lukas/ros2_ws/install/realsense2_camera_msgs/lib/python3.8/site-packages/realsense2_camera_msgs/msg/__init__.py
[1.038s] -- Up-to-date symlink: /home/lukas/ros2_ws/install/realsense2_camera_msgs/lib/python3.8/site-packages/realsense2_camera_msgs/msg/_extrinsics.py
[1.038s] -- Up-to-date symlink: /home/lukas/ros2_ws/install/realsense2_camera_msgs/lib/python3.8/site-packages/realsense2_camera_msgs/msg/_imu_info.py
[1.039s] -- Up-to-date symlink: /home/lukas/ros2_ws/install/realsense2_camera_msgs/lib/python3.8/site-packages/realsense2_camera_msgs/realsense2_camera_msgs_s__rosidl_typesupport_fastrtps_c.cpython-38-x86_64-linux-gnu.so
[1.039s] -- Up-to-date symlink: /home/lukas/ros2_ws/install/realsense2_camera_msgs/lib/python3.8/site-packages/realsense2_camera_msgs/realsense2_camera_msgs_s__rosidl_typesupport_introspection_c.cpython-38-x86_64-linux-gnu.so
[1.039s] -- Up-to-date symlink: /home/lukas/ros2_ws/install/realsense2_camera_msgs/lib/python3.8/site-packages/realsense2_camera_msgs/realsense2_camera_msgs_s__rosidl_typesupport_c.cpython-38-x86_64-linux-gnu.so
[1.040s] -- Up-to-date symlink: /home/lukas/ros2_ws/install/realsense2_camera_msgs/lib/librealsense2_camera_msgs__python.so
[1.040s] -- Up-to-date symlink: /home/lukas/ros2_ws/install/realsense2_camera_msgs/share/realsense2_camera_msgs/msg/IMUInfo.idl
[1.040s] -- Up-to-date symlink: /home/lukas/ros2_ws/install/realsense2_camera_msgs/share/realsense2_camera_msgs/msg/Extrinsics.idl
[1.040s] -- Up-to-date symlink: /home/lukas/ros2_ws/install/realsense2_camera_msgs/share/realsense2_camera_msgs/msg/IMUInfo.msg
[1.040s] -- Up-to-date symlink: /home/lukas/ros2_ws/install/realsense2_camera_msgs/share/realsense2_camera_msgs/msg/Extrinsics.msg
[1.041s] -- Up-to-date symlink: /home/lukas/ros2_ws/install/realsense2_camera_msgs/share/ament_index/resource_index/package_run_dependencies/realsense2_camera_msgs
[1.041s] -- Up-to-date symlink: /home/lukas/ros2_ws/install/realsense2_camera_msgs/share/ament_index/resource_index/parent_prefix_path/realsense2_camera_msgs
[1.041s] -- Up-to-date symlink: /home/lukas/ros2_ws/install/realsense2_camera_msgs/share/realsense2_camera_msgs/environment/ament_prefix_path.sh
[1.041s] -- Up-to-date symlink: /home/lukas/ros2_ws/install/realsense2_camera_msgs/share/realsense2_camera_msgs/environment/ament_prefix_path.dsv
[1.041s] -- Up-to-date symlink: /home/lukas/ros2_ws/install/realsense2_camera_msgs/share/realsense2_camera_msgs/environment/path.sh
[1.042s] -- Up-to-date symlink: /home/lukas/ros2_ws/install/realsense2_camera_msgs/share/realsense2_camera_msgs/environment/path.dsv
[1.042s] -- Up-to-date symlink: /home/lukas/ros2_ws/install/realsense2_camera_msgs/share/realsense2_camera_msgs/local_setup.bash
[1.042s] -- Up-to-date symlink: /home/lukas/ros2_ws/install/realsense2_camera_msgs/share/realsense2_camera_msgs/local_setup.sh
[1.042s] -- Up-to-date symlink: /home/lukas/ros2_ws/install/realsense2_camera_msgs/share/realsense2_camera_msgs/local_setup.zsh
[1.042s] -- Up-to-date symlink: /home/lukas/ros2_ws/install/realsense2_camera_msgs/share/realsense2_camera_msgs/local_setup.dsv
[1.042s] -- Symlinking: /home/lukas/ros2_ws/install/realsense2_camera_msgs/share/realsense2_camera_msgs/package.dsv
[1.049s] -- Up-to-date symlink: /home/lukas/ros2_ws/install/realsense2_camera_msgs/share/ament_index/resource_index/packages/realsense2_camera_msgs
[1.050s] -- Up-to-date symlink: /home/lukas/ros2_ws/install/realsense2_camera_msgs/share/realsense2_camera_msgs/cmake/rosidl_cmake-extras.cmake
[1.050s] -- Up-to-date symlink: /home/lukas/ros2_ws/install/realsense2_camera_msgs/share/realsense2_camera_msgs/cmake/ament_cmake_export_dependencies-extras.cmake
[1.050s] -- Up-to-date symlink: /home/lukas/ros2_ws/install/realsense2_camera_msgs/share/realsense2_camera_msgs/cmake/ament_cmake_export_libraries-extras.cmake
[1.050s] -- Up-to-date symlink: /home/lukas/ros2_ws/install/realsense2_camera_msgs/share/realsense2_camera_msgs/cmake/ament_cmake_export_targets-extras.cmake
[1.050s] -- Up-to-date symlink: /home/lukas/ros2_ws/install/realsense2_camera_msgs/share/realsense2_camera_msgs/cmake/ament_cmake_export_include_directories-extras.cmake
[1.051s] -- Up-to-date symlink: /home/lukas/ros2_ws/install/realsense2_camera_msgs/share/realsense2_camera_msgs/cmake/rosidl_cmake_export_typesupport_libraries-extras.cmake
[1.051s] -- Up-to-date symlink: /home/lukas/ros2_ws/install/realsense2_camera_msgs/share/realsense2_camera_msgs/cmake/rosidl_cmake_export_typesupport_targets-extras.cmake
[1.051s] -- Up-to-date symlink: /home/lukas/ros2_ws/install/realsense2_camera_msgs/share/realsense2_camera_msgs/cmake/realsense2_camera_msgsConfig.cmake
[1.051s] -- Up-to-date symlink: /home/lukas/ros2_ws/install/realsense2_camera_msgs/share/realsense2_camera_msgs/cmake/realsense2_camera_msgsConfig-version.cmake
[1.051s] -- Up-to-date symlink: /home/lukas/ros2_ws/install/realsense2_camera_msgs/share/realsense2_camera_msgs/package.xml
[1.051s] -- Up-to-date: /home/lukas/ros2_ws/install/realsense2_camera_msgs/lib/librealsense2_camera_msgs__rosidl_generator_c.so
[1.052s] -- Up-to-date: /home/lukas/ros2_ws/install/realsense2_camera_msgs/lib/librealsense2_camera_msgs__rosidl_typesupport_introspection_c.so
[1.052s] -- Up-to-date: /home/lukas/ros2_ws/install/realsense2_camera_msgs/lib/librealsense2_camera_msgs__rosidl_typesupport_c.so
[1.052s] -- Up-to-date: /home/lukas/ros2_ws/install/realsense2_camera_msgs/lib/librealsense2_camera_msgs__rosidl_typesupport_introspection_cpp.so
[1.052s] -- Up-to-date: /home/lukas/ros2_ws/install/realsense2_camera_msgs/lib/librealsense2_camera_msgs__rosidl_typesupport_cpp.so
[1.075s] Compiling '/home/lukas/ros2_ws/install/realsense2_camera_msgs/lib/python3.8/site-packages/realsense2_camera_msgs/__init__.py'...
[1.078s] -- Up-to-date: /home/lukas/ros2_ws/install/realsense2_camera_msgs/share/realsense2_camera_msgs/cmake/realsense2_camera_msgs__rosidl_generator_cExport.cmake
[1.078s] -- Installing: /home/lukas/ros2_ws/install/realsense2_camera_msgs/share/realsense2_camera_msgs/cmake/realsense2_camera_msgs__rosidl_generator_cExport-noconfig.cmake
[1.078s] -- Up-to-date: /home/lukas/ros2_ws/install/realsense2_camera_msgs/share/realsense2_camera_msgs/cmake/realsense2_camera_msgs__rosidl_typesupport_introspection_cExport.cmake
[1.079s] -- Installing: /home/lukas/ros2_ws/install/realsense2_camera_msgs/share/realsense2_camera_msgs/cmake/realsense2_camera_msgs__rosidl_typesupport_introspection_cExport-noconfig.cmake
[1.079s] -- Up-to-date: /home/lukas/ros2_ws/install/realsense2_camera_msgs/share/realsense2_camera_msgs/cmake/realsense2_camera_msgs__rosidl_typesupport_cExport.cmake
[1.079s] -- Installing: /home/lukas/ros2_ws/install/realsense2_camera_msgs/share/realsense2_camera_msgs/cmake/realsense2_camera_msgs__rosidl_typesupport_cExport-noconfig.cmake
[1.079s] -- Up-to-date: /home/lukas/ros2_ws/install/realsense2_camera_msgs/share/realsense2_camera_msgs/cmake/realsense2_camera_msgs__rosidl_generator_cppExport.cmake
[1.079s] -- Up-to-date: /home/lukas/ros2_ws/install/realsense2_camera_msgs/share/realsense2_camera_msgs/cmake/realsense2_camera_msgs__rosidl_typesupport_introspection_cppExport.cmake
[1.079s] -- Installing: /home/lukas/ros2_ws/install/realsense2_camera_msgs/share/realsense2_camera_msgs/cmake/realsense2_camera_msgs__rosidl_typesupport_introspection_cppExport-noconfig.cmake
[1.079s] -- Up-to-date: /home/lukas/ros2_ws/install/realsense2_camera_msgs/share/realsense2_camera_msgs/cmake/realsense2_camera_msgs__rosidl_typesupport_cppExport.cmake
[1.079s] -- Installing: /home/lukas/ros2_ws/install/realsense2_camera_msgs/share/realsense2_camera_msgs/cmake/realsense2_camera_msgs__rosidl_typesupport_cppExport-noconfig.cmake
[1.081s] Invoked command in '/home/lukas/ros2_ws/build/realsense2_camera_msgs' returned '0': CMAKE_PREFIX_PATH=${CMAKE_PREFIX_PATH}:/opt/ros/foxy /usr/bin/cmake --install /home/lukas/ros2_ws/build/realsense2_camera_msgs
