[0.153s] DEBUG:colcon:Command line arguments: ['/usr/bin/colcon', 'build']
[0.153s] DEBUG:colcon:Parsed command line arguments: Namespace(allow_overriding=[], ament_cmake_args=None, base_paths=['.'], build_base='build', catkin_cmake_args=None, catkin_skip_building_tests=False, cmake_args=None, cmake_clean_cache=False, cmake_clean_first=False, cmake_force_configure=False, cmake_target=None, cmake_target_skip_unavailable=False, continue_on_error=False, event_handlers=None, executor='parallel', ignore_user_meta=False, install_base='install', log_base=None, log_level=None, main=<bound method BuildVerb.main of <colcon_core.verb.build.BuildVerb object at 0x7fe3c7a967f0>>, merge_install=False, metas=['./colcon.meta'], packages_above=None, packages_above_and_dependencies=None, packages_above_depth=None, packages_end=None, packages_ignore=None, packages_ignore_regex=None, packages_select=None, packages_select_build_failed=False, packages_select_by_dep=None, packages_select_regex=None, packages_select_test_failures=False, packages_skip=None, packages_skip_build_finished=False, packages_skip_by_dep=None, packages_skip_regex=None, packages_skip_test_passed=False, packages_skip_up_to=None, packages_start=None, packages_up_to=None, packages_up_to_regex=None, parallel_workers=12, paths=None, symlink_install=False, test_result_base=None, verb_extension=<colcon_core.verb.build.BuildVerb object at 0x7fe3c7a967f0>, verb_name='build', verb_parser=<colcon_defaults.argument_parser.defaults.DefaultArgumentsDecorator object at 0x7fe3c7a45130>)
[0.273s] Level 1:colcon.colcon_core.package_discovery:discover_packages(colcon_meta) check parameters
[0.273s] Level 1:colcon.colcon_core.package_discovery:discover_packages(recursive) check parameters
[0.273s] Level 1:colcon.colcon_core.package_discovery:discover_packages(ignore) check parameters
[0.273s] Level 1:colcon.colcon_core.package_discovery:discover_packages(path) check parameters
[0.273s] Level 1:colcon.colcon_core.package_discovery:discover_packages(colcon_meta) discover
[0.273s] Level 1:colcon.colcon_core.package_discovery:discover_packages(recursive) discover
[0.273s] INFO:colcon.colcon_core.package_discovery:Crawling recursively for packages in '/home/lukas/ros2_ws'
[0.273s] Level 1:colcon.colcon_core.package_identification:_identify(.) by extensions ['ignore', 'ignore_ament_install']
[0.273s] Level 1:colcon.colcon_core.package_identification:_identify(.) by extension 'ignore'
[0.273s] Level 1:colcon.colcon_core.package_identification:_identify(.) by extension 'ignore_ament_install'
[0.273s] Level 1:colcon.colcon_core.package_identification:_identify(.) by extensions ['colcon_pkg']
[0.273s] Level 1:colcon.colcon_core.package_identification:_identify(.) by extension 'colcon_pkg'
[0.273s] Level 1:colcon.colcon_core.package_identification:_identify(.) by extensions ['colcon_meta']
[0.273s] Level 1:colcon.colcon_core.package_identification:_identify(.) by extension 'colcon_meta'
[0.273s] Level 1:colcon.colcon_core.package_identification:_identify(.) by extensions ['ros']
[0.273s] Level 1:colcon.colcon_core.package_identification:_identify(.) by extension 'ros'
[0.282s] Level 1:colcon.colcon_core.package_identification:_identify(.) by extensions ['cmake', 'python']
[0.282s] Level 1:colcon.colcon_core.package_identification:_identify(.) by extension 'cmake'
[0.282s] Level 1:colcon.colcon_core.package_identification:_identify(.) by extension 'python'
[0.282s] Level 1:colcon.colcon_core.package_identification:_identify(.) by extensions ['python_setup_py']
[0.282s] Level 1:colcon.colcon_core.package_identification:_identify(.) by extension 'python_setup_py'
[0.282s] Level 1:colcon.colcon_core.package_identification:_identify(build) by extensions ['ignore', 'ignore_ament_install']
[0.282s] Level 1:colcon.colcon_core.package_identification:_identify(build) by extension 'ignore'
[0.282s] Level 1:colcon.colcon_core.package_identification:_identify(build) ignored
[0.282s] Level 1:colcon.colcon_core.package_identification:_identify(install) by extensions ['ignore', 'ignore_ament_install']
[0.282s] Level 1:colcon.colcon_core.package_identification:_identify(install) by extension 'ignore'
[0.282s] Level 1:colcon.colcon_core.package_identification:_identify(install) ignored
[0.282s] Level 1:colcon.colcon_core.package_identification:_identify(log) by extensions ['ignore', 'ignore_ament_install']
[0.282s] Level 1:colcon.colcon_core.package_identification:_identify(log) by extension 'ignore'
[0.282s] Level 1:colcon.colcon_core.package_identification:_identify(log) ignored
[0.282s] Level 1:colcon.colcon_core.package_identification:_identify(src) by extensions ['ignore', 'ignore_ament_install']
[0.283s] Level 1:colcon.colcon_core.package_identification:_identify(src) by extension 'ignore'
[0.283s] Level 1:colcon.colcon_core.package_identification:_identify(src) by extension 'ignore_ament_install'
[0.283s] Level 1:colcon.colcon_core.package_identification:_identify(src) by extensions ['colcon_pkg']
[0.283s] Level 1:colcon.colcon_core.package_identification:_identify(src) by extension 'colcon_pkg'
[0.283s] Level 1:colcon.colcon_core.package_identification:_identify(src) by extensions ['colcon_meta']
[0.283s] Level 1:colcon.colcon_core.package_identification:_identify(src) by extension 'colcon_meta'
[0.283s] Level 1:colcon.colcon_core.package_identification:_identify(src) by extensions ['ros']
[0.283s] Level 1:colcon.colcon_core.package_identification:_identify(src) by extension 'ros'
[0.283s] Level 1:colcon.colcon_core.package_identification:_identify(src) by extensions ['cmake', 'python']
[0.283s] Level 1:colcon.colcon_core.package_identification:_identify(src) by extension 'cmake'
[0.283s] Level 1:colcon.colcon_core.package_identification:_identify(src) by extension 'python'
[0.283s] Level 1:colcon.colcon_core.package_identification:_identify(src) by extensions ['python_setup_py']
[0.283s] Level 1:colcon.colcon_core.package_identification:_identify(src) by extension 'python_setup_py'
[0.283s] Level 1:colcon.colcon_core.package_identification:_identify(src/leo_gazebo_classic) by extensions ['ignore', 'ignore_ament_install']
[0.283s] Level 1:colcon.colcon_core.package_identification:_identify(src/leo_gazebo_classic) by extension 'ignore'
[0.283s] Level 1:colcon.colcon_core.package_identification:_identify(src/leo_gazebo_classic) by extension 'ignore_ament_install'
[0.283s] Level 1:colcon.colcon_core.package_identification:_identify(src/leo_gazebo_classic) by extensions ['colcon_pkg']
[0.283s] Level 1:colcon.colcon_core.package_identification:_identify(src/leo_gazebo_classic) by extension 'colcon_pkg'
[0.283s] Level 1:colcon.colcon_core.package_identification:_identify(src/leo_gazebo_classic) by extensions ['colcon_meta']
[0.283s] Level 1:colcon.colcon_core.package_identification:_identify(src/leo_gazebo_classic) by extension 'colcon_meta'
[0.283s] Level 1:colcon.colcon_core.package_identification:_identify(src/leo_gazebo_classic) by extensions ['ros']
[0.283s] Level 1:colcon.colcon_core.package_identification:_identify(src/leo_gazebo_classic) by extension 'ros'
[0.285s] DEBUG:colcon.colcon_core.package_identification:Package 'src/leo_gazebo_classic' with type 'ros.ament_cmake' and name 'leo_gazebo_classic'
[0.285s] Level 1:colcon.colcon_core.package_identification:_identify(src/realsense-ros) by extensions ['ignore', 'ignore_ament_install']
[0.285s] Level 1:colcon.colcon_core.package_identification:_identify(src/realsense-ros) by extension 'ignore'
[0.285s] Level 1:colcon.colcon_core.package_identification:_identify(src/realsense-ros) by extension 'ignore_ament_install'
[0.285s] Level 1:colcon.colcon_core.package_identification:_identify(src/realsense-ros) by extensions ['colcon_pkg']
[0.285s] Level 1:colcon.colcon_core.package_identification:_identify(src/realsense-ros) by extension 'colcon_pkg'
[0.285s] Level 1:colcon.colcon_core.package_identification:_identify(src/realsense-ros) by extensions ['colcon_meta']
[0.286s] Level 1:colcon.colcon_core.package_identification:_identify(src/realsense-ros) by extension 'colcon_meta'
[0.286s] Level 1:colcon.colcon_core.package_identification:_identify(src/realsense-ros) by extensions ['ros']
[0.286s] Level 1:colcon.colcon_core.package_identification:_identify(src/realsense-ros) by extension 'ros'
[0.286s] Level 1:colcon.colcon_core.package_identification:_identify(src/realsense-ros) by extensions ['cmake', 'python']
[0.286s] Level 1:colcon.colcon_core.package_identification:_identify(src/realsense-ros) by extension 'cmake'
[0.286s] Level 1:colcon.colcon_core.package_identification:_identify(src/realsense-ros) by extension 'python'
[0.286s] Level 1:colcon.colcon_core.package_identification:_identify(src/realsense-ros) by extensions ['python_setup_py']
[0.286s] Level 1:colcon.colcon_core.package_identification:_identify(src/realsense-ros) by extension 'python_setup_py'
[0.286s] Level 1:colcon.colcon_core.package_identification:_identify(src/realsense-ros/realsense2_camera) by extensions ['ignore', 'ignore_ament_install']
[0.286s] Level 1:colcon.colcon_core.package_identification:_identify(src/realsense-ros/realsense2_camera) by extension 'ignore'
[0.286s] Level 1:colcon.colcon_core.package_identification:_identify(src/realsense-ros/realsense2_camera) by extension 'ignore_ament_install'
[0.286s] Level 1:colcon.colcon_core.package_identification:_identify(src/realsense-ros/realsense2_camera) by extensions ['colcon_pkg']
[0.286s] Level 1:colcon.colcon_core.package_identification:_identify(src/realsense-ros/realsense2_camera) by extension 'colcon_pkg'
[0.286s] Level 1:colcon.colcon_core.package_identification:_identify(src/realsense-ros/realsense2_camera) by extensions ['colcon_meta']
[0.286s] Level 1:colcon.colcon_core.package_identification:_identify(src/realsense-ros/realsense2_camera) by extension 'colcon_meta'
[0.286s] Level 1:colcon.colcon_core.package_identification:_identify(src/realsense-ros/realsense2_camera) by extensions ['ros']
[0.286s] Level 1:colcon.colcon_core.package_identification:_identify(src/realsense-ros/realsense2_camera) by extension 'ros'
[0.288s] DEBUG:colcon.colcon_core.package_identification:Package 'src/realsense-ros/realsense2_camera' with type 'ros.ament_cmake' and name 'realsense2_camera'
[0.288s] Level 1:colcon.colcon_core.package_identification:_identify(src/realsense-ros/realsense2_camera_msgs) by extensions ['ignore', 'ignore_ament_install']
[0.288s] Level 1:colcon.colcon_core.package_identification:_identify(src/realsense-ros/realsense2_camera_msgs) by extension 'ignore'
[0.288s] Level 1:colcon.colcon_core.package_identification:_identify(src/realsense-ros/realsense2_camera_msgs) by extension 'ignore_ament_install'
[0.288s] Level 1:colcon.colcon_core.package_identification:_identify(src/realsense-ros/realsense2_camera_msgs) by extensions ['colcon_pkg']
[0.288s] Level 1:colcon.colcon_core.package_identification:_identify(src/realsense-ros/realsense2_camera_msgs) by extension 'colcon_pkg'
[0.288s] Level 1:colcon.colcon_core.package_identification:_identify(src/realsense-ros/realsense2_camera_msgs) by extensions ['colcon_meta']
[0.288s] Level 1:colcon.colcon_core.package_identification:_identify(src/realsense-ros/realsense2_camera_msgs) by extension 'colcon_meta'
[0.288s] Level 1:colcon.colcon_core.package_identification:_identify(src/realsense-ros/realsense2_camera_msgs) by extensions ['ros']
[0.288s] Level 1:colcon.colcon_core.package_identification:_identify(src/realsense-ros/realsense2_camera_msgs) by extension 'ros'
[0.288s] DEBUG:colcon.colcon_core.package_identification:Package 'src/realsense-ros/realsense2_camera_msgs' with type 'ros.ament_cmake' and name 'realsense2_camera_msgs'
[0.288s] Level 1:colcon.colcon_core.package_identification:_identify(src/realsense-ros/realsense2_description) by extensions ['ignore', 'ignore_ament_install']
[0.289s] Level 1:colcon.colcon_core.package_identification:_identify(src/realsense-ros/realsense2_description) by extension 'ignore'
[0.289s] Level 1:colcon.colcon_core.package_identification:_identify(src/realsense-ros/realsense2_description) by extension 'ignore_ament_install'
[0.289s] Level 1:colcon.colcon_core.package_identification:_identify(src/realsense-ros/realsense2_description) by extensions ['colcon_pkg']
[0.289s] Level 1:colcon.colcon_core.package_identification:_identify(src/realsense-ros/realsense2_description) by extension 'colcon_pkg'
[0.289s] Level 1:colcon.colcon_core.package_identification:_identify(src/realsense-ros/realsense2_description) by extensions ['colcon_meta']
[0.289s] Level 1:colcon.colcon_core.package_identification:_identify(src/realsense-ros/realsense2_description) by extension 'colcon_meta'
[0.289s] Level 1:colcon.colcon_core.package_identification:_identify(src/realsense-ros/realsense2_description) by extensions ['ros']
[0.289s] Level 1:colcon.colcon_core.package_identification:_identify(src/realsense-ros/realsense2_description) by extension 'ros'
[0.289s] DEBUG:colcon.colcon_core.package_identification:Package 'src/realsense-ros/realsense2_description' with type 'ros.ament_cmake' and name 'realsense2_description'
[0.289s] Level 1:colcon.colcon_core.package_identification:_identify(src/robot_utils) by extensions ['ignore', 'ignore_ament_install']
[0.290s] Level 1:colcon.colcon_core.package_identification:_identify(src/robot_utils) by extension 'ignore'
[0.290s] Level 1:colcon.colcon_core.package_identification:_identify(src/robot_utils) by extension 'ignore_ament_install'
[0.290s] Level 1:colcon.colcon_core.package_identification:_identify(src/robot_utils) by extensions ['colcon_pkg']
[0.290s] Level 1:colcon.colcon_core.package_identification:_identify(src/robot_utils) by extension 'colcon_pkg'
[0.290s] Level 1:colcon.colcon_core.package_identification:_identify(src/robot_utils) by extensions ['colcon_meta']
[0.290s] Level 1:colcon.colcon_core.package_identification:_identify(src/robot_utils) by extension 'colcon_meta'
[0.290s] Level 1:colcon.colcon_core.package_identification:_identify(src/robot_utils) by extensions ['ros']
[0.290s] Level 1:colcon.colcon_core.package_identification:_identify(src/robot_utils) by extension 'ros'
[0.290s] DEBUG:colcon.colcon_core.package_identification:Package 'src/robot_utils' with type 'ros.ament_python' and name 'robot_utils'
[0.290s] Level 1:colcon.colcon_core.package_identification:_identify(src/teleop) by extensions ['ignore', 'ignore_ament_install']
[0.290s] Level 1:colcon.colcon_core.package_identification:_identify(src/teleop) by extension 'ignore'
[0.290s] Level 1:colcon.colcon_core.package_identification:_identify(src/teleop) by extension 'ignore_ament_install'
[0.291s] Level 1:colcon.colcon_core.package_identification:_identify(src/teleop) by extensions ['colcon_pkg']
[0.291s] Level 1:colcon.colcon_core.package_identification:_identify(src/teleop) by extension 'colcon_pkg'
[0.291s] Level 1:colcon.colcon_core.package_identification:_identify(src/teleop) by extensions ['colcon_meta']
[0.291s] Level 1:colcon.colcon_core.package_identification:_identify(src/teleop) by extension 'colcon_meta'
[0.291s] Level 1:colcon.colcon_core.package_identification:_identify(src/teleop) by extensions ['ros']
[0.291s] Level 1:colcon.colcon_core.package_identification:_identify(src/teleop) by extension 'ros'
[0.291s] DEBUG:colcon.colcon_core.package_identification:Package 'src/teleop' with type 'ros.ament_cmake' and name 'teleop'
[0.291s] Level 1:colcon.colcon_core.package_discovery:discover_packages(recursive) using defaults
[0.291s] Level 1:colcon.colcon_core.package_discovery:discover_packages(ignore) discover
[0.291s] Level 1:colcon.colcon_core.package_discovery:discover_packages(ignore) using defaults
[0.291s] Level 1:colcon.colcon_core.package_discovery:discover_packages(path) discover
[0.291s] Level 1:colcon.colcon_core.package_discovery:discover_packages(path) using defaults
[0.305s] Level 1:colcon.colcon_core.package_discovery:discover_packages(prefix_path) check parameters
[0.305s] Level 1:colcon.colcon_core.package_discovery:discover_packages(prefix_path) discover
[0.307s] DEBUG:colcon.colcon_installed_package_information.package_discovery:Found 5 installed packages in /home/lukas/ros2_ws/install
[0.308s] DEBUG:colcon.colcon_installed_package_information.package_discovery:Found 275 installed packages in /opt/ros/foxy
[0.309s] Level 1:colcon.colcon_core.package_discovery:discover_packages(prefix_path) using defaults
[0.368s] Level 5:colcon.colcon_core.verb:set package 'leo_gazebo_classic' build argument 'cmake_args' from command line to 'None'
[0.368s] Level 5:colcon.colcon_core.verb:set package 'leo_gazebo_classic' build argument 'cmake_target' from command line to 'None'
[0.368s] Level 5:colcon.colcon_core.verb:set package 'leo_gazebo_classic' build argument 'cmake_target_skip_unavailable' from command line to 'False'
[0.368s] Level 5:colcon.colcon_core.verb:set package 'leo_gazebo_classic' build argument 'cmake_clean_cache' from command line to 'False'
[0.368s] Level 5:colcon.colcon_core.verb:set package 'leo_gazebo_classic' build argument 'cmake_clean_first' from command line to 'False'
[0.368s] Level 5:colcon.colcon_core.verb:set package 'leo_gazebo_classic' build argument 'cmake_force_configure' from command line to 'False'
[0.368s] Level 5:colcon.colcon_core.verb:set package 'leo_gazebo_classic' build argument 'ament_cmake_args' from command line to 'None'
[0.368s] Level 5:colcon.colcon_core.verb:set package 'leo_gazebo_classic' build argument 'catkin_cmake_args' from command line to 'None'
[0.368s] Level 5:colcon.colcon_core.verb:set package 'leo_gazebo_classic' build argument 'catkin_skip_building_tests' from command line to 'False'
[0.368s] DEBUG:colcon.colcon_core.verb:Building package 'leo_gazebo_classic' with the following arguments: {'ament_cmake_args': None, 'build_base': '/home/lukas/ros2_ws/build/leo_gazebo_classic', 'catkin_cmake_args': None, 'catkin_skip_building_tests': False, 'cmake_args': None, 'cmake_clean_cache': False, 'cmake_clean_first': False, 'cmake_force_configure': False, 'cmake_target': None, 'cmake_target_skip_unavailable': False, 'install_base': '/home/lukas/ros2_ws/install/leo_gazebo_classic', 'merge_install': False, 'path': '/home/lukas/ros2_ws/src/leo_gazebo_classic', 'symlink_install': False, 'test_result_base': None}
[0.368s] Level 5:colcon.colcon_core.verb:set package 'realsense2_camera_msgs' build argument 'cmake_args' from command line to 'None'
[0.368s] Level 5:colcon.colcon_core.verb:set package 'realsense2_camera_msgs' build argument 'cmake_target' from command line to 'None'
[0.368s] Level 5:colcon.colcon_core.verb:set package 'realsense2_camera_msgs' build argument 'cmake_target_skip_unavailable' from command line to 'False'
[0.368s] Level 5:colcon.colcon_core.verb:set package 'realsense2_camera_msgs' build argument 'cmake_clean_cache' from command line to 'False'
[0.368s] Level 5:colcon.colcon_core.verb:set package 'realsense2_camera_msgs' build argument 'cmake_clean_first' from command line to 'False'
[0.368s] Level 5:colcon.colcon_core.verb:set package 'realsense2_camera_msgs' build argument 'cmake_force_configure' from command line to 'False'
[0.368s] Level 5:colcon.colcon_core.verb:set package 'realsense2_camera_msgs' build argument 'ament_cmake_args' from command line to 'None'
[0.368s] Level 5:colcon.colcon_core.verb:set package 'realsense2_camera_msgs' build argument 'catkin_cmake_args' from command line to 'None'
[0.368s] Level 5:colcon.colcon_core.verb:set package 'realsense2_camera_msgs' build argument 'catkin_skip_building_tests' from command line to 'False'
[0.368s] DEBUG:colcon.colcon_core.verb:Building package 'realsense2_camera_msgs' with the following arguments: {'ament_cmake_args': None, 'build_base': '/home/lukas/ros2_ws/build/realsense2_camera_msgs', 'catkin_cmake_args': None, 'catkin_skip_building_tests': False, 'cmake_args': None, 'cmake_clean_cache': False, 'cmake_clean_first': False, 'cmake_force_configure': False, 'cmake_target': None, 'cmake_target_skip_unavailable': False, 'install_base': '/home/lukas/ros2_ws/install/realsense2_camera_msgs', 'merge_install': False, 'path': '/home/lukas/ros2_ws/src/realsense-ros/realsense2_camera_msgs', 'symlink_install': False, 'test_result_base': None}
[0.369s] Level 5:colcon.colcon_core.verb:set package 'robot_utils' build argument 'cmake_args' from command line to 'None'
[0.369s] Level 5:colcon.colcon_core.verb:set package 'robot_utils' build argument 'cmake_target' from command line to 'None'
[0.369s] Level 5:colcon.colcon_core.verb:set package 'robot_utils' build argument 'cmake_target_skip_unavailable' from command line to 'False'
[0.369s] Level 5:colcon.colcon_core.verb:set package 'robot_utils' build argument 'cmake_clean_cache' from command line to 'False'
[0.369s] Level 5:colcon.colcon_core.verb:set package 'robot_utils' build argument 'cmake_clean_first' from command line to 'False'
[0.369s] Level 5:colcon.colcon_core.verb:set package 'robot_utils' build argument 'cmake_force_configure' from command line to 'False'
[0.369s] Level 5:colcon.colcon_core.verb:set package 'robot_utils' build argument 'ament_cmake_args' from command line to 'None'
[0.369s] Level 5:colcon.colcon_core.verb:set package 'robot_utils' build argument 'catkin_cmake_args' from command line to 'None'
[0.369s] Level 5:colcon.colcon_core.verb:set package 'robot_utils' build argument 'catkin_skip_building_tests' from command line to 'False'
[0.369s] DEBUG:colcon.colcon_core.verb:Building package 'robot_utils' with the following arguments: {'ament_cmake_args': None, 'build_base': '/home/lukas/ros2_ws/build/robot_utils', 'catkin_cmake_args': None, 'catkin_skip_building_tests': False, 'cmake_args': None, 'cmake_clean_cache': False, 'cmake_clean_first': False, 'cmake_force_configure': False, 'cmake_target': None, 'cmake_target_skip_unavailable': False, 'install_base': '/home/lukas/ros2_ws/install/robot_utils', 'merge_install': False, 'path': '/home/lukas/ros2_ws/src/robot_utils', 'symlink_install': False, 'test_result_base': None}
[0.369s] Level 5:colcon.colcon_core.verb:set package 'teleop' build argument 'cmake_args' from command line to 'None'
[0.369s] Level 5:colcon.colcon_core.verb:set package 'teleop' build argument 'cmake_target' from command line to 'None'
[0.369s] Level 5:colcon.colcon_core.verb:set package 'teleop' build argument 'cmake_target_skip_unavailable' from command line to 'False'
[0.369s] Level 5:colcon.colcon_core.verb:set package 'teleop' build argument 'cmake_clean_cache' from command line to 'False'
[0.369s] Level 5:colcon.colcon_core.verb:set package 'teleop' build argument 'cmake_clean_first' from command line to 'False'
[0.369s] Level 5:colcon.colcon_core.verb:set package 'teleop' build argument 'cmake_force_configure' from command line to 'False'
[0.369s] Level 5:colcon.colcon_core.verb:set package 'teleop' build argument 'ament_cmake_args' from command line to 'None'
[0.369s] Level 5:colcon.colcon_core.verb:set package 'teleop' build argument 'catkin_cmake_args' from command line to 'None'
[0.369s] Level 5:colcon.colcon_core.verb:set package 'teleop' build argument 'catkin_skip_building_tests' from command line to 'False'
[0.369s] DEBUG:colcon.colcon_core.verb:Building package 'teleop' with the following arguments: {'ament_cmake_args': None, 'build_base': '/home/lukas/ros2_ws/build/teleop', 'catkin_cmake_args': None, 'catkin_skip_building_tests': False, 'cmake_args': None, 'cmake_clean_cache': False, 'cmake_clean_first': False, 'cmake_force_configure': False, 'cmake_target': None, 'cmake_target_skip_unavailable': False, 'install_base': '/home/lukas/ros2_ws/install/teleop', 'merge_install': False, 'path': '/home/lukas/ros2_ws/src/teleop', 'symlink_install': False, 'test_result_base': None}
[0.370s] Level 5:colcon.colcon_core.verb:set package 'realsense2_camera' build argument 'cmake_args' from command line to 'None'
[0.370s] Level 5:colcon.colcon_core.verb:set package 'realsense2_camera' build argument 'cmake_target' from command line to 'None'
[0.370s] Level 5:colcon.colcon_core.verb:set package 'realsense2_camera' build argument 'cmake_target_skip_unavailable' from command line to 'False'
[0.370s] Level 5:colcon.colcon_core.verb:set package 'realsense2_camera' build argument 'cmake_clean_cache' from command line to 'False'
[0.370s] Level 5:colcon.colcon_core.verb:set package 'realsense2_camera' build argument 'cmake_clean_first' from command line to 'False'
[0.370s] Level 5:colcon.colcon_core.verb:set package 'realsense2_camera' build argument 'cmake_force_configure' from command line to 'False'
[0.370s] Level 5:colcon.colcon_core.verb:set package 'realsense2_camera' build argument 'ament_cmake_args' from command line to 'None'
[0.370s] Level 5:colcon.colcon_core.verb:set package 'realsense2_camera' build argument 'catkin_cmake_args' from command line to 'None'
[0.370s] Level 5:colcon.colcon_core.verb:set package 'realsense2_camera' build argument 'catkin_skip_building_tests' from command line to 'False'
[0.370s] DEBUG:colcon.colcon_core.verb:Building package 'realsense2_camera' with the following arguments: {'ament_cmake_args': None, 'build_base': '/home/lukas/ros2_ws/build/realsense2_camera', 'catkin_cmake_args': None, 'catkin_skip_building_tests': False, 'cmake_args': None, 'cmake_clean_cache': False, 'cmake_clean_first': False, 'cmake_force_configure': False, 'cmake_target': None, 'cmake_target_skip_unavailable': False, 'install_base': '/home/lukas/ros2_ws/install/realsense2_camera', 'merge_install': False, 'path': '/home/lukas/ros2_ws/src/realsense-ros/realsense2_camera', 'symlink_install': False, 'test_result_base': None}
[0.370s] Level 5:colcon.colcon_core.verb:set package 'realsense2_description' build argument 'cmake_args' from command line to 'None'
[0.370s] Level 5:colcon.colcon_core.verb:set package 'realsense2_description' build argument 'cmake_target' from command line to 'None'
[0.370s] Level 5:colcon.colcon_core.verb:set package 'realsense2_description' build argument 'cmake_target_skip_unavailable' from command line to 'False'
[0.370s] Level 5:colcon.colcon_core.verb:set package 'realsense2_description' build argument 'cmake_clean_cache' from command line to 'False'
[0.370s] Level 5:colcon.colcon_core.verb:set package 'realsense2_description' build argument 'cmake_clean_first' from command line to 'False'
[0.370s] Level 5:colcon.colcon_core.verb:set package 'realsense2_description' build argument 'cmake_force_configure' from command line to 'False'
[0.370s] Level 5:colcon.colcon_core.verb:set package 'realsense2_description' build argument 'ament_cmake_args' from command line to 'None'
[0.370s] Level 5:colcon.colcon_core.verb:set package 'realsense2_description' build argument 'catkin_cmake_args' from command line to 'None'
[0.370s] Level 5:colcon.colcon_core.verb:set package 'realsense2_description' build argument 'catkin_skip_building_tests' from command line to 'False'
[0.370s] DEBUG:colcon.colcon_core.verb:Building package 'realsense2_description' with the following arguments: {'ament_cmake_args': None, 'build_base': '/home/lukas/ros2_ws/build/realsense2_description', 'catkin_cmake_args': None, 'catkin_skip_building_tests': False, 'cmake_args': None, 'cmake_clean_cache': False, 'cmake_clean_first': False, 'cmake_force_configure': False, 'cmake_target': None, 'cmake_target_skip_unavailable': False, 'install_base': '/home/lukas/ros2_ws/install/realsense2_description', 'merge_install': False, 'path': '/home/lukas/ros2_ws/src/realsense-ros/realsense2_description', 'symlink_install': False, 'test_result_base': None}
[0.370s] INFO:colcon.colcon_core.executor:Executing jobs using 'parallel' executor
[0.371s] DEBUG:colcon.colcon_parallel_executor.executor.parallel:run_until_complete
[0.371s] INFO:colcon.colcon_ros.task.ament_cmake.build:Building ROS package in '/home/lukas/ros2_ws/src/realsense-ros/realsense2_camera_msgs' with build type 'ament_cmake'
[0.371s] INFO:colcon.colcon_cmake.task.cmake.build:Building CMake package in '/home/lukas/ros2_ws/src/realsense-ros/realsense2_camera_msgs'
[0.374s] INFO:colcon.colcon_core.plugin_system:Skipping extension 'colcon_core.shell.bat': Not used on non-Windows systems
[0.374s] INFO:colcon.colcon_core.shell:Skip shell extension 'powershell' for command environment: Not usable outside of PowerShell
[0.374s] DEBUG:colcon.colcon_core.shell:Skip shell extension 'dsv' for command environment
[0.377s] INFO:colcon.colcon_ros.task.ament_cmake.build:Building ROS package in '/home/lukas/ros2_ws/src/leo_gazebo_classic' with build type 'ament_cmake'
[0.377s] INFO:colcon.colcon_cmake.task.cmake.build:Building CMake package in '/home/lukas/ros2_ws/src/leo_gazebo_classic'
[0.378s] INFO:colcon.colcon_core.shell:Skip shell extension 'powershell' for command environment: Not usable outside of PowerShell
[0.378s] DEBUG:colcon.colcon_core.shell:Skip shell extension 'dsv' for command environment
[0.381s] INFO:colcon.colcon_ros.task.ament_python.build:Building ROS package in '/home/lukas/ros2_ws/src/robot_utils' with build type 'ament_python'
[0.381s] Level 1:colcon.colcon_core.shell:create_environment_hook('robot_utils', 'ament_prefix_path')
[0.381s] INFO:colcon.colcon_core.shell:Creating environment hook '/home/lukas/ros2_ws/install/robot_utils/share/robot_utils/hook/ament_prefix_path.ps1'
[0.382s] INFO:colcon.colcon_core.shell:Creating environment descriptor '/home/lukas/ros2_ws/install/robot_utils/share/robot_utils/hook/ament_prefix_path.dsv'
[0.383s] INFO:colcon.colcon_core.shell:Creating environment hook '/home/lukas/ros2_ws/install/robot_utils/share/robot_utils/hook/ament_prefix_path.sh'
[0.383s] INFO:colcon.colcon_core.shell:Skip shell extension 'powershell' for command environment: Not usable outside of PowerShell
[0.383s] DEBUG:colcon.colcon_core.shell:Skip shell extension 'dsv' for command environment
[0.386s] INFO:colcon.colcon_ros.task.ament_cmake.build:Building ROS package in '/home/lukas/ros2_ws/src/teleop' with build type 'ament_cmake'
[0.387s] INFO:colcon.colcon_cmake.task.cmake.build:Building CMake package in '/home/lukas/ros2_ws/src/teleop'
[0.387s] INFO:colcon.colcon_core.shell:Skip shell extension 'powershell' for command environment: Not usable outside of PowerShell
[0.387s] DEBUG:colcon.colcon_core.shell:Skip shell extension 'dsv' for command environment
[0.395s] DEBUG:colcon.colcon_core.event_handler.log_command:Invoking command in '/home/lukas/ros2_ws/build/realsense2_camera_msgs': CMAKE_PREFIX_PATH=${CMAKE_PREFIX_PATH}:/opt/ros/foxy /usr/bin/cmake --build /home/lukas/ros2_ws/build/realsense2_camera_msgs -- -j12 -l12
[0.399s] DEBUG:colcon.colcon_core.event_handler.log_command:Invoking command in '/home/lukas/ros2_ws/build/leo_gazebo_classic': CMAKE_PREFIX_PATH=${CMAKE_PREFIX_PATH}:/opt/ros/foxy /usr/bin/cmake --build /home/lukas/ros2_ws/build/leo_gazebo_classic -- -j12 -l12
[0.563s] INFO:colcon.colcon_core.task.python.build:Building Python package in '/home/lukas/ros2_ws/src/robot_utils'
[0.564s] INFO:colcon.colcon_core.shell:Skip shell extension 'powershell' for command environment: Not usable outside of PowerShell
[0.564s] DEBUG:colcon.colcon_core.shell:Skip shell extension 'dsv' for command environment
[0.571s] DEBUG:colcon.colcon_core.event_handler.log_command:Invoking command in '/home/lukas/ros2_ws/build/teleop': CMAKE_PREFIX_PATH=${CMAKE_PREFIX_PATH}:/opt/ros/foxy /usr/bin/cmake --build /home/lukas/ros2_ws/build/teleop -- -j12 -l12
[0.575s] DEBUG:colcon.colcon_core.event_handler.log_command:Invoked command in '/home/lukas/ros2_ws/build/realsense2_camera_msgs' returned '0': CMAKE_PREFIX_PATH=${CMAKE_PREFIX_PATH}:/opt/ros/foxy /usr/bin/cmake --build /home/lukas/ros2_ws/build/realsense2_camera_msgs -- -j12 -l12
[0.583s] DEBUG:colcon.colcon_core.event_handler.log_command:Invoking command in '/home/lukas/ros2_ws/build/realsense2_camera_msgs': CMAKE_PREFIX_PATH=${CMAKE_PREFIX_PATH}:/opt/ros/foxy /usr/bin/cmake --install /home/lukas/ros2_ws/build/realsense2_camera_msgs
[0.585s] DEBUG:colcon.colcon_core.event_handler.log_command:Invoked command in '/home/lukas/ros2_ws/build/leo_gazebo_classic' returned '0': CMAKE_PREFIX_PATH=${CMAKE_PREFIX_PATH}:/opt/ros/foxy /usr/bin/cmake --build /home/lukas/ros2_ws/build/leo_gazebo_classic -- -j12 -l12
[0.587s] DEBUG:colcon.colcon_core.event_handler.log_command:Invoking command in '/home/lukas/ros2_ws/build/leo_gazebo_classic': CMAKE_PREFIX_PATH=${CMAKE_PREFIX_PATH}:/opt/ros/foxy /usr/bin/cmake --install /home/lukas/ros2_ws/build/leo_gazebo_classic
[0.605s] Level 1:colcon.colcon_core.environment:create_environment_scripts_only(leo_gazebo_classic)
[0.606s] DEBUG:colcon.colcon_core.event_handler.log_command:Invoked command in '/home/lukas/ros2_ws/build/leo_gazebo_classic' returned '0': CMAKE_PREFIX_PATH=${CMAKE_PREFIX_PATH}:/opt/ros/foxy /usr/bin/cmake --install /home/lukas/ros2_ws/build/leo_gazebo_classic
[0.609s] Level 1:colcon.colcon_core.environment:checking '/home/lukas/ros2_ws/install/leo_gazebo_classic' for CMake module files
[0.609s] Level 1:colcon.colcon_core.environment:checking '/home/lukas/ros2_ws/install/leo_gazebo_classic' for CMake config files
[0.609s] Level 1:colcon.colcon_core.shell:create_environment_hook('leo_gazebo_classic', 'cmake_prefix_path')
[0.610s] INFO:colcon.colcon_core.shell:Creating environment hook '/home/lukas/ros2_ws/install/leo_gazebo_classic/share/leo_gazebo_classic/hook/cmake_prefix_path.ps1'
[0.610s] INFO:colcon.colcon_core.shell:Creating environment descriptor '/home/lukas/ros2_ws/install/leo_gazebo_classic/share/leo_gazebo_classic/hook/cmake_prefix_path.dsv'
[0.610s] INFO:colcon.colcon_core.shell:Creating environment hook '/home/lukas/ros2_ws/install/leo_gazebo_classic/share/leo_gazebo_classic/hook/cmake_prefix_path.sh'
[0.611s] Level 1:colcon.colcon_core.environment:checking '/home/lukas/ros2_ws/install/leo_gazebo_classic/bin'
[0.611s] Level 1:colcon.colcon_core.environment:checking '/home/lukas/ros2_ws/install/leo_gazebo_classic/lib/pkgconfig/leo_gazebo_classic.pc'
[0.611s] Level 1:colcon.colcon_core.environment:checking '/home/lukas/ros2_ws/install/leo_gazebo_classic/lib/python3.8/site-packages'
[0.611s] Level 1:colcon.colcon_core.environment:checking '/home/lukas/ros2_ws/install/leo_gazebo_classic/bin'
[0.612s] INFO:colcon.colcon_core.shell:Creating package script '/home/lukas/ros2_ws/install/leo_gazebo_classic/share/leo_gazebo_classic/package.ps1'
[0.612s] INFO:colcon.colcon_core.shell:Creating package descriptor '/home/lukas/ros2_ws/install/leo_gazebo_classic/share/leo_gazebo_classic/package.dsv'
[0.613s] INFO:colcon.colcon_core.shell:Creating package script '/home/lukas/ros2_ws/install/leo_gazebo_classic/share/leo_gazebo_classic/package.sh'
[0.613s] INFO:colcon.colcon_core.shell:Creating package script '/home/lukas/ros2_ws/install/leo_gazebo_classic/share/leo_gazebo_classic/package.bash'
[0.614s] INFO:colcon.colcon_core.shell:Creating package script '/home/lukas/ros2_ws/install/leo_gazebo_classic/share/leo_gazebo_classic/package.zsh'
[0.615s] Level 1:colcon.colcon_core.environment:create_file_with_runtime_dependencies(/home/lukas/ros2_ws/install/leo_gazebo_classic/share/colcon-core/packages/leo_gazebo_classic)
[0.616s] Level 1:colcon.colcon_core.environment:create_environment_scripts_only(leo_gazebo_classic)
[0.617s] Level 1:colcon.colcon_core.environment:checking '/home/lukas/ros2_ws/install/leo_gazebo_classic' for CMake module files
[0.617s] Level 1:colcon.colcon_core.environment:checking '/home/lukas/ros2_ws/install/leo_gazebo_classic' for CMake config files
[0.617s] Level 1:colcon.colcon_core.shell:create_environment_hook('leo_gazebo_classic', 'cmake_prefix_path')
[0.618s] INFO:colcon.colcon_core.shell:Creating environment hook '/home/lukas/ros2_ws/install/leo_gazebo_classic/share/leo_gazebo_classic/hook/cmake_prefix_path.ps1'
[0.618s] INFO:colcon.colcon_core.shell:Creating environment descriptor '/home/lukas/ros2_ws/install/leo_gazebo_classic/share/leo_gazebo_classic/hook/cmake_prefix_path.dsv'
[0.619s] INFO:colcon.colcon_core.shell:Creating environment hook '/home/lukas/ros2_ws/install/leo_gazebo_classic/share/leo_gazebo_classic/hook/cmake_prefix_path.sh'
[0.619s] Level 1:colcon.colcon_core.environment:checking '/home/lukas/ros2_ws/install/leo_gazebo_classic/bin'
[0.619s] Level 1:colcon.colcon_core.environment:checking '/home/lukas/ros2_ws/install/leo_gazebo_classic/lib/pkgconfig/leo_gazebo_classic.pc'
[0.619s] Level 1:colcon.colcon_core.environment:checking '/home/lukas/ros2_ws/install/leo_gazebo_classic/lib/python3.8/site-packages'
[0.619s] Level 1:colcon.colcon_core.environment:checking '/home/lukas/ros2_ws/install/leo_gazebo_classic/bin'
[0.620s] INFO:colcon.colcon_core.shell:Creating package script '/home/lukas/ros2_ws/install/leo_gazebo_classic/share/leo_gazebo_classic/package.ps1'
[0.620s] INFO:colcon.colcon_core.shell:Creating package descriptor '/home/lukas/ros2_ws/install/leo_gazebo_classic/share/leo_gazebo_classic/package.dsv'
[0.620s] INFO:colcon.colcon_core.shell:Creating package script '/home/lukas/ros2_ws/install/leo_gazebo_classic/share/leo_gazebo_classic/package.sh'
[0.621s] INFO:colcon.colcon_core.shell:Creating package script '/home/lukas/ros2_ws/install/leo_gazebo_classic/share/leo_gazebo_classic/package.bash'
[0.621s] INFO:colcon.colcon_core.shell:Creating package script '/home/lukas/ros2_ws/install/leo_gazebo_classic/share/leo_gazebo_classic/package.zsh'
[0.621s] Level 1:colcon.colcon_core.environment:create_file_with_runtime_dependencies(/home/lukas/ros2_ws/install/leo_gazebo_classic/share/colcon-core/packages/leo_gazebo_classic)
[0.623s] DEBUG:colcon.colcon_core.event_handler.log_command:Invoked command in '/home/lukas/ros2_ws/build/teleop' returned '0': CMAKE_PREFIX_PATH=${CMAKE_PREFIX_PATH}:/opt/ros/foxy /usr/bin/cmake --build /home/lukas/ros2_ws/build/teleop -- -j12 -l12
[0.625s] DEBUG:colcon.colcon_core.event_handler.log_command:Invoking command in '/home/lukas/ros2_ws/build/teleop': CMAKE_PREFIX_PATH=${CMAKE_PREFIX_PATH}:/opt/ros/foxy /usr/bin/cmake --install /home/lukas/ros2_ws/build/teleop
[0.643s] Level 1:colcon.colcon_core.environment:create_environment_scripts_only(teleop)
[0.643s] Level 1:colcon.colcon_core.environment:checking '/home/lukas/ros2_ws/install/teleop' for CMake module files
[0.644s] DEBUG:colcon.colcon_core.event_handler.log_command:Invoked command in '/home/lukas/ros2_ws/build/teleop' returned '0': CMAKE_PREFIX_PATH=${CMAKE_PREFIX_PATH}:/opt/ros/foxy /usr/bin/cmake --install /home/lukas/ros2_ws/build/teleop
[0.645s] Level 1:colcon.colcon_core.environment:checking '/home/lukas/ros2_ws/install/teleop' for CMake config files
[0.646s] Level 1:colcon.colcon_core.shell:create_environment_hook('teleop', 'cmake_prefix_path')
[0.646s] INFO:colcon.colcon_core.shell:Creating environment hook '/home/lukas/ros2_ws/install/teleop/share/teleop/hook/cmake_prefix_path.ps1'
[0.646s] INFO:colcon.colcon_core.shell:Creating environment descriptor '/home/lukas/ros2_ws/install/teleop/share/teleop/hook/cmake_prefix_path.dsv'
[0.647s] INFO:colcon.colcon_core.shell:Creating environment hook '/home/lukas/ros2_ws/install/teleop/share/teleop/hook/cmake_prefix_path.sh'
[0.647s] Level 1:colcon.colcon_core.environment:checking '/home/lukas/ros2_ws/install/teleop/lib'
[0.647s] Level 1:colcon.colcon_core.environment:checking '/home/lukas/ros2_ws/install/teleop/bin'
[0.647s] Level 1:colcon.colcon_core.environment:checking '/home/lukas/ros2_ws/install/teleop/lib/pkgconfig/teleop.pc'
[0.648s] Level 1:colcon.colcon_core.environment:checking '/home/lukas/ros2_ws/install/teleop/lib/python3.8/site-packages'
[0.648s] Level 1:colcon.colcon_core.environment:checking '/home/lukas/ros2_ws/install/teleop/bin'
[0.648s] INFO:colcon.colcon_core.shell:Creating package script '/home/lukas/ros2_ws/install/teleop/share/teleop/package.ps1'
[0.648s] INFO:colcon.colcon_core.shell:Creating package descriptor '/home/lukas/ros2_ws/install/teleop/share/teleop/package.dsv'
[0.649s] INFO:colcon.colcon_core.shell:Creating package script '/home/lukas/ros2_ws/install/teleop/share/teleop/package.sh'
[0.649s] INFO:colcon.colcon_core.shell:Creating package script '/home/lukas/ros2_ws/install/teleop/share/teleop/package.bash'
[0.649s] INFO:colcon.colcon_core.shell:Creating package script '/home/lukas/ros2_ws/install/teleop/share/teleop/package.zsh'
[0.649s] Level 1:colcon.colcon_core.environment:create_file_with_runtime_dependencies(/home/lukas/ros2_ws/install/teleop/share/colcon-core/packages/teleop)
[0.650s] Level 1:colcon.colcon_core.environment:create_environment_scripts_only(teleop)
[0.650s] Level 1:colcon.colcon_core.environment:checking '/home/lukas/ros2_ws/install/teleop' for CMake module files
[0.650s] Level 1:colcon.colcon_core.environment:checking '/home/lukas/ros2_ws/install/teleop' for CMake config files
[0.650s] Level 1:colcon.colcon_core.shell:create_environment_hook('teleop', 'cmake_prefix_path')
[0.651s] INFO:colcon.colcon_core.shell:Creating environment hook '/home/lukas/ros2_ws/install/teleop/share/teleop/hook/cmake_prefix_path.ps1'
[0.651s] INFO:colcon.colcon_core.shell:Creating environment descriptor '/home/lukas/ros2_ws/install/teleop/share/teleop/hook/cmake_prefix_path.dsv'
[0.651s] INFO:colcon.colcon_core.shell:Creating environment hook '/home/lukas/ros2_ws/install/teleop/share/teleop/hook/cmake_prefix_path.sh'
[0.651s] Level 1:colcon.colcon_core.environment:checking '/home/lukas/ros2_ws/install/teleop/lib'
[0.652s] Level 1:colcon.colcon_core.environment:checking '/home/lukas/ros2_ws/install/teleop/bin'
[0.652s] Level 1:colcon.colcon_core.environment:checking '/home/lukas/ros2_ws/install/teleop/lib/pkgconfig/teleop.pc'
[0.652s] Level 1:colcon.colcon_core.environment:checking '/home/lukas/ros2_ws/install/teleop/lib/python3.8/site-packages'
[0.652s] Level 1:colcon.colcon_core.environment:checking '/home/lukas/ros2_ws/install/teleop/bin'
[0.652s] INFO:colcon.colcon_core.shell:Creating package script '/home/lukas/ros2_ws/install/teleop/share/teleop/package.ps1'
[0.652s] INFO:colcon.colcon_core.shell:Creating package descriptor '/home/lukas/ros2_ws/install/teleop/share/teleop/package.dsv'
[0.653s] INFO:colcon.colcon_core.shell:Creating package script '/home/lukas/ros2_ws/install/teleop/share/teleop/package.sh'
[0.653s] INFO:colcon.colcon_core.shell:Creating package script '/home/lukas/ros2_ws/install/teleop/share/teleop/package.bash'
[0.653s] INFO:colcon.colcon_core.shell:Creating package script '/home/lukas/ros2_ws/install/teleop/share/teleop/package.zsh'
[0.654s] Level 1:colcon.colcon_core.environment:create_file_with_runtime_dependencies(/home/lukas/ros2_ws/install/teleop/share/colcon-core/packages/teleop)
[0.654s] Level 1:colcon.colcon_core.environment:create_environment_scripts_only(realsense2_camera_msgs)
[0.655s] Level 1:colcon.colcon_core.environment:checking '/home/lukas/ros2_ws/install/realsense2_camera_msgs' for CMake module files
[0.655s] DEBUG:colcon.colcon_core.event_handler.log_command:Invoked command in '/home/lukas/ros2_ws/build/realsense2_camera_msgs' returned '0': CMAKE_PREFIX_PATH=${CMAKE_PREFIX_PATH}:/opt/ros/foxy /usr/bin/cmake --install /home/lukas/ros2_ws/build/realsense2_camera_msgs
[0.655s] Level 1:colcon.colcon_core.environment:checking '/home/lukas/ros2_ws/install/realsense2_camera_msgs' for CMake config files
[0.656s] Level 1:colcon.colcon_core.shell:create_environment_hook('realsense2_camera_msgs', 'cmake_prefix_path')
[0.656s] INFO:colcon.colcon_core.shell:Creating environment hook '/home/lukas/ros2_ws/install/realsense2_camera_msgs/share/realsense2_camera_msgs/hook/cmake_prefix_path.ps1'
[0.656s] INFO:colcon.colcon_core.shell:Creating environment descriptor '/home/lukas/ros2_ws/install/realsense2_camera_msgs/share/realsense2_camera_msgs/hook/cmake_prefix_path.dsv'
[0.656s] INFO:colcon.colcon_core.shell:Creating environment hook '/home/lukas/ros2_ws/install/realsense2_camera_msgs/share/realsense2_camera_msgs/hook/cmake_prefix_path.sh'
[0.657s] Level 1:colcon.colcon_core.environment:checking '/home/lukas/ros2_ws/install/realsense2_camera_msgs/lib'
[0.657s] Level 1:colcon.colcon_core.shell:create_environment_hook('realsense2_camera_msgs', 'ld_library_path_lib')
[0.657s] INFO:colcon.colcon_core.shell:Creating environment hook '/home/lukas/ros2_ws/install/realsense2_camera_msgs/share/realsense2_camera_msgs/hook/ld_library_path_lib.ps1'
[0.657s] INFO:colcon.colcon_core.shell:Creating environment descriptor '/home/lukas/ros2_ws/install/realsense2_camera_msgs/share/realsense2_camera_msgs/hook/ld_library_path_lib.dsv'
[0.658s] INFO:colcon.colcon_core.shell:Creating environment hook '/home/lukas/ros2_ws/install/realsense2_camera_msgs/share/realsense2_camera_msgs/hook/ld_library_path_lib.sh'
[0.658s] Level 1:colcon.colcon_core.environment:checking '/home/lukas/ros2_ws/install/realsense2_camera_msgs/bin'
[0.658s] Level 1:colcon.colcon_core.environment:checking '/home/lukas/ros2_ws/install/realsense2_camera_msgs/lib/pkgconfig/realsense2_camera_msgs.pc'
[0.658s] Level 1:colcon.colcon_core.environment:checking '/home/lukas/ros2_ws/install/realsense2_camera_msgs/lib/python3.8/site-packages'
[0.658s] Level 1:colcon.colcon_core.shell:create_environment_hook('realsense2_camera_msgs', 'pythonpath')
[0.658s] INFO:colcon.colcon_core.shell:Creating environment hook '/home/lukas/ros2_ws/install/realsense2_camera_msgs/share/realsense2_camera_msgs/hook/pythonpath.ps1'
[0.659s] INFO:colcon.colcon_core.shell:Creating environment descriptor '/home/lukas/ros2_ws/install/realsense2_camera_msgs/share/realsense2_camera_msgs/hook/pythonpath.dsv'
[0.659s] INFO:colcon.colcon_core.shell:Creating environment hook '/home/lukas/ros2_ws/install/realsense2_camera_msgs/share/realsense2_camera_msgs/hook/pythonpath.sh'
[0.659s] Level 1:colcon.colcon_core.environment:checking '/home/lukas/ros2_ws/install/realsense2_camera_msgs/bin'
[0.659s] INFO:colcon.colcon_core.shell:Creating package script '/home/lukas/ros2_ws/install/realsense2_camera_msgs/share/realsense2_camera_msgs/package.ps1'
[0.660s] INFO:colcon.colcon_core.shell:Creating package descriptor '/home/lukas/ros2_ws/install/realsense2_camera_msgs/share/realsense2_camera_msgs/package.dsv'
[0.660s] INFO:colcon.colcon_core.shell:Creating package script '/home/lukas/ros2_ws/install/realsense2_camera_msgs/share/realsense2_camera_msgs/package.sh'
[0.661s] INFO:colcon.colcon_core.shell:Creating package script '/home/lukas/ros2_ws/install/realsense2_camera_msgs/share/realsense2_camera_msgs/package.bash'
[0.661s] INFO:colcon.colcon_core.shell:Creating package script '/home/lukas/ros2_ws/install/realsense2_camera_msgs/share/realsense2_camera_msgs/package.zsh'
[0.661s] Level 1:colcon.colcon_core.environment:create_file_with_runtime_dependencies(/home/lukas/ros2_ws/install/realsense2_camera_msgs/share/colcon-core/packages/realsense2_camera_msgs)
[0.662s] Level 1:colcon.colcon_core.environment:create_environment_scripts_only(realsense2_camera_msgs)
[0.662s] Level 1:colcon.colcon_core.environment:checking '/home/lukas/ros2_ws/install/realsense2_camera_msgs' for CMake module files
[0.662s] Level 1:colcon.colcon_core.environment:checking '/home/lukas/ros2_ws/install/realsense2_camera_msgs' for CMake config files
[0.662s] Level 1:colcon.colcon_core.shell:create_environment_hook('realsense2_camera_msgs', 'cmake_prefix_path')
[0.663s] INFO:colcon.colcon_core.shell:Creating environment hook '/home/lukas/ros2_ws/install/realsense2_camera_msgs/share/realsense2_camera_msgs/hook/cmake_prefix_path.ps1'
[0.663s] INFO:colcon.colcon_core.shell:Creating environment descriptor '/home/lukas/ros2_ws/install/realsense2_camera_msgs/share/realsense2_camera_msgs/hook/cmake_prefix_path.dsv'
[0.663s] INFO:colcon.colcon_core.shell:Creating environment hook '/home/lukas/ros2_ws/install/realsense2_camera_msgs/share/realsense2_camera_msgs/hook/cmake_prefix_path.sh'
[0.664s] Level 1:colcon.colcon_core.environment:checking '/home/lukas/ros2_ws/install/realsense2_camera_msgs/lib'
[0.664s] Level 1:colcon.colcon_core.shell:create_environment_hook('realsense2_camera_msgs', 'ld_library_path_lib')
[0.664s] INFO:colcon.colcon_core.shell:Creating environment hook '/home/lukas/ros2_ws/install/realsense2_camera_msgs/share/realsense2_camera_msgs/hook/ld_library_path_lib.ps1'
[0.664s] INFO:colcon.colcon_core.shell:Creating environment descriptor '/home/lukas/ros2_ws/install/realsense2_camera_msgs/share/realsense2_camera_msgs/hook/ld_library_path_lib.dsv'
[0.664s] INFO:colcon.colcon_core.shell:Creating environment hook '/home/lukas/ros2_ws/install/realsense2_camera_msgs/share/realsense2_camera_msgs/hook/ld_library_path_lib.sh'
[0.665s] Level 1:colcon.colcon_core.environment:checking '/home/lukas/ros2_ws/install/realsense2_camera_msgs/bin'
[0.665s] Level 1:colcon.colcon_core.environment:checking '/home/lukas/ros2_ws/install/realsense2_camera_msgs/lib/pkgconfig/realsense2_camera_msgs.pc'
[0.665s] Level 1:colcon.colcon_core.environment:checking '/home/lukas/ros2_ws/install/realsense2_camera_msgs/lib/python3.8/site-packages'
[0.665s] Level 1:colcon.colcon_core.shell:create_environment_hook('realsense2_camera_msgs', 'pythonpath')
[0.665s] INFO:colcon.colcon_core.shell:Creating environment hook '/home/lukas/ros2_ws/install/realsense2_camera_msgs/share/realsense2_camera_msgs/hook/pythonpath.ps1'
[0.665s] INFO:colcon.colcon_core.shell:Creating environment descriptor '/home/lukas/ros2_ws/install/realsense2_camera_msgs/share/realsense2_camera_msgs/hook/pythonpath.dsv'
[0.665s] INFO:colcon.colcon_core.shell:Creating environment hook '/home/lukas/ros2_ws/install/realsense2_camera_msgs/share/realsense2_camera_msgs/hook/pythonpath.sh'
[0.666s] Level 1:colcon.colcon_core.environment:checking '/home/lukas/ros2_ws/install/realsense2_camera_msgs/bin'
[0.666s] INFO:colcon.colcon_core.shell:Creating package script '/home/lukas/ros2_ws/install/realsense2_camera_msgs/share/realsense2_camera_msgs/package.ps1'
[0.667s] INFO:colcon.colcon_core.shell:Creating package descriptor '/home/lukas/ros2_ws/install/realsense2_camera_msgs/share/realsense2_camera_msgs/package.dsv'
[0.667s] INFO:colcon.colcon_core.shell:Creating package script '/home/lukas/ros2_ws/install/realsense2_camera_msgs/share/realsense2_camera_msgs/package.sh'
[0.667s] INFO:colcon.colcon_core.shell:Creating package script '/home/lukas/ros2_ws/install/realsense2_camera_msgs/share/realsense2_camera_msgs/package.bash'
[0.668s] INFO:colcon.colcon_core.shell:Creating package script '/home/lukas/ros2_ws/install/realsense2_camera_msgs/share/realsense2_camera_msgs/package.zsh'
[0.668s] Level 1:colcon.colcon_core.environment:create_file_with_runtime_dependencies(/home/lukas/ros2_ws/install/realsense2_camera_msgs/share/colcon-core/packages/realsense2_camera_msgs)
[0.668s] INFO:colcon.colcon_ros.task.ament_cmake.build:Building ROS package in '/home/lukas/ros2_ws/src/realsense-ros/realsense2_camera' with build type 'ament_cmake'
[0.668s] INFO:colcon.colcon_cmake.task.cmake.build:Building CMake package in '/home/lukas/ros2_ws/src/realsense-ros/realsense2_camera'
[0.669s] INFO:colcon.colcon_core.shell:Skip shell extension 'powershell' for command environment: Not usable outside of PowerShell
[0.669s] DEBUG:colcon.colcon_core.shell:Skip shell extension 'dsv' for command environment
[0.672s] INFO:colcon.colcon_ros.task.ament_cmake.build:Building ROS package in '/home/lukas/ros2_ws/src/realsense-ros/realsense2_description' with build type 'ament_cmake'
[0.673s] INFO:colcon.colcon_cmake.task.cmake.build:Building CMake package in '/home/lukas/ros2_ws/src/realsense-ros/realsense2_description'
[0.673s] INFO:colcon.colcon_core.shell:Skip shell extension 'powershell' for command environment: Not usable outside of PowerShell
[0.673s] DEBUG:colcon.colcon_core.shell:Skip shell extension 'dsv' for command environment
[0.680s] DEBUG:colcon.colcon_core.event_handler.log_command:Invoking command in '/home/lukas/ros2_ws/build/realsense2_camera': CMAKE_PREFIX_PATH=/home/lukas/ros2_ws/install/realsense2_camera_msgs:/home/lukas/ros2_ws/install/teleop:/home/lukas/ros2_ws/install/realsense2_description:/home/lukas/ros2_ws/install/realsense2_camera:/home/lukas/ros2_ws/install/leo_gazebo_classic:/opt/ros/foxy LD_LIBRARY_PATH=/home/lukas/ros2_ws/install/realsense2_camera_msgs/lib:/home/lukas/ros2_ws/install/realsense2_camera/lib:/usr/lib/x86_64-linux-gnu/gazebo-11/plugins:/opt/ros/foxy/opt/yaml_cpp_vendor/lib:/opt/ros/foxy/opt/rviz_ogre_vendor/lib:/opt/ros/foxy/lib/x86_64-linux-gnu:/opt/ros/foxy/lib /usr/bin/cmake --build /home/lukas/ros2_ws/build/realsense2_camera -- -j12 -l12
[0.684s] DEBUG:colcon.colcon_core.event_handler.log_command:Invoking command in '/home/lukas/ros2_ws/build/realsense2_description': CMAKE_PREFIX_PATH=/home/lukas/ros2_ws/install/realsense2_camera_msgs:/home/lukas/ros2_ws/install/teleop:/home/lukas/ros2_ws/install/realsense2_description:/home/lukas/ros2_ws/install/realsense2_camera:/home/lukas/ros2_ws/install/leo_gazebo_classic:/opt/ros/foxy LD_LIBRARY_PATH=/home/lukas/ros2_ws/install/realsense2_camera_msgs/lib:/home/lukas/ros2_ws/install/realsense2_camera/lib:/usr/lib/x86_64-linux-gnu/gazebo-11/plugins:/opt/ros/foxy/opt/yaml_cpp_vendor/lib:/opt/ros/foxy/opt/rviz_ogre_vendor/lib:/opt/ros/foxy/lib/x86_64-linux-gnu:/opt/ros/foxy/lib /usr/bin/cmake --build /home/lukas/ros2_ws/build/realsense2_description -- -j12 -l12
[0.711s] DEBUG:colcon.colcon_core.event_handler.log_command:Invoked command in '/home/lukas/ros2_ws/build/realsense2_description' returned '0': CMAKE_PREFIX_PATH=/home/lukas/ros2_ws/install/realsense2_camera_msgs:/home/lukas/ros2_ws/install/teleop:/home/lukas/ros2_ws/install/realsense2_description:/home/lukas/ros2_ws/install/realsense2_camera:/home/lukas/ros2_ws/install/leo_gazebo_classic:/opt/ros/foxy LD_LIBRARY_PATH=/home/lukas/ros2_ws/install/realsense2_camera_msgs/lib:/home/lukas/ros2_ws/install/realsense2_camera/lib:/usr/lib/x86_64-linux-gnu/gazebo-11/plugins:/opt/ros/foxy/opt/yaml_cpp_vendor/lib:/opt/ros/foxy/opt/rviz_ogre_vendor/lib:/opt/ros/foxy/lib/x86_64-linux-gnu:/opt/ros/foxy/lib /usr/bin/cmake --build /home/lukas/ros2_ws/build/realsense2_description -- -j12 -l12
[0.713s] DEBUG:colcon.colcon_core.event_handler.log_command:Invoking command in '/home/lukas/ros2_ws/build/realsense2_description': CMAKE_PREFIX_PATH=/home/lukas/ros2_ws/install/realsense2_camera_msgs:/home/lukas/ros2_ws/install/teleop:/home/lukas/ros2_ws/install/realsense2_description:/home/lukas/ros2_ws/install/realsense2_camera:/home/lukas/ros2_ws/install/leo_gazebo_classic:/opt/ros/foxy LD_LIBRARY_PATH=/home/lukas/ros2_ws/install/realsense2_camera_msgs/lib:/home/lukas/ros2_ws/install/realsense2_camera/lib:/usr/lib/x86_64-linux-gnu/gazebo-11/plugins:/opt/ros/foxy/opt/yaml_cpp_vendor/lib:/opt/ros/foxy/opt/rviz_ogre_vendor/lib:/opt/ros/foxy/lib/x86_64-linux-gnu:/opt/ros/foxy/lib /usr/bin/cmake --install /home/lukas/ros2_ws/build/realsense2_description
[0.735s] Level 1:colcon.colcon_core.environment:create_environment_scripts_only(realsense2_description)
[0.735s] Level 1:colcon.colcon_core.environment:checking '/home/lukas/ros2_ws/install/realsense2_description' for CMake module files
[0.736s] DEBUG:colcon.colcon_core.event_handler.log_command:Invoked command in '/home/lukas/ros2_ws/build/realsense2_description' returned '0': CMAKE_PREFIX_PATH=/home/lukas/ros2_ws/install/realsense2_camera_msgs:/home/lukas/ros2_ws/install/teleop:/home/lukas/ros2_ws/install/realsense2_description:/home/lukas/ros2_ws/install/realsense2_camera:/home/lukas/ros2_ws/install/leo_gazebo_classic:/opt/ros/foxy LD_LIBRARY_PATH=/home/lukas/ros2_ws/install/realsense2_camera_msgs/lib:/home/lukas/ros2_ws/install/realsense2_camera/lib:/usr/lib/x86_64-linux-gnu/gazebo-11/plugins:/opt/ros/foxy/opt/yaml_cpp_vendor/lib:/opt/ros/foxy/opt/rviz_ogre_vendor/lib:/opt/ros/foxy/lib/x86_64-linux-gnu:/opt/ros/foxy/lib /usr/bin/cmake --install /home/lukas/ros2_ws/build/realsense2_description
[0.736s] Level 1:colcon.colcon_core.environment:checking '/home/lukas/ros2_ws/install/realsense2_description' for CMake config files
[0.736s] Level 1:colcon.colcon_core.shell:create_environment_hook('realsense2_description', 'cmake_prefix_path')
[0.737s] INFO:colcon.colcon_core.shell:Creating environment hook '/home/lukas/ros2_ws/install/realsense2_description/share/realsense2_description/hook/cmake_prefix_path.ps1'
[0.737s] INFO:colcon.colcon_core.shell:Creating environment descriptor '/home/lukas/ros2_ws/install/realsense2_description/share/realsense2_description/hook/cmake_prefix_path.dsv'
[0.737s] INFO:colcon.colcon_core.shell:Creating environment hook '/home/lukas/ros2_ws/install/realsense2_description/share/realsense2_description/hook/cmake_prefix_path.sh'
[0.738s] Level 1:colcon.colcon_core.environment:checking '/home/lukas/ros2_ws/install/realsense2_description/bin'
[0.738s] Level 1:colcon.colcon_core.environment:checking '/home/lukas/ros2_ws/install/realsense2_description/lib/pkgconfig/realsense2_description.pc'
[0.738s] Level 1:colcon.colcon_core.environment:checking '/home/lukas/ros2_ws/install/realsense2_description/lib/python3.8/site-packages'
[0.738s] Level 1:colcon.colcon_core.environment:checking '/home/lukas/ros2_ws/install/realsense2_description/bin'
[0.738s] INFO:colcon.colcon_core.shell:Creating package script '/home/lukas/ros2_ws/install/realsense2_description/share/realsense2_description/package.ps1'
[0.739s] INFO:colcon.colcon_core.shell:Creating package descriptor '/home/lukas/ros2_ws/install/realsense2_description/share/realsense2_description/package.dsv'
[0.739s] INFO:colcon.colcon_core.shell:Creating package script '/home/lukas/ros2_ws/install/realsense2_description/share/realsense2_description/package.sh'
[0.739s] INFO:colcon.colcon_core.shell:Creating package script '/home/lukas/ros2_ws/install/realsense2_description/share/realsense2_description/package.bash'
[0.740s] INFO:colcon.colcon_core.shell:Creating package script '/home/lukas/ros2_ws/install/realsense2_description/share/realsense2_description/package.zsh'
[0.740s] Level 1:colcon.colcon_core.environment:create_file_with_runtime_dependencies(/home/lukas/ros2_ws/install/realsense2_description/share/colcon-core/packages/realsense2_description)
[0.740s] Level 1:colcon.colcon_core.environment:create_environment_scripts_only(realsense2_description)
[0.741s] Level 1:colcon.colcon_core.environment:checking '/home/lukas/ros2_ws/install/realsense2_description' for CMake module files
[0.741s] Level 1:colcon.colcon_core.environment:checking '/home/lukas/ros2_ws/install/realsense2_description' for CMake config files
[0.741s] Level 1:colcon.colcon_core.shell:create_environment_hook('realsense2_description', 'cmake_prefix_path')
[0.741s] INFO:colcon.colcon_core.shell:Creating environment hook '/home/lukas/ros2_ws/install/realsense2_description/share/realsense2_description/hook/cmake_prefix_path.ps1'
[0.742s] INFO:colcon.colcon_core.shell:Creating environment descriptor '/home/lukas/ros2_ws/install/realsense2_description/share/realsense2_description/hook/cmake_prefix_path.dsv'
[0.742s] INFO:colcon.colcon_core.shell:Creating environment hook '/home/lukas/ros2_ws/install/realsense2_description/share/realsense2_description/hook/cmake_prefix_path.sh'
[0.743s] Level 1:colcon.colcon_core.environment:checking '/home/lukas/ros2_ws/install/realsense2_description/bin'
[0.743s] Level 1:colcon.colcon_core.environment:checking '/home/lukas/ros2_ws/install/realsense2_description/lib/pkgconfig/realsense2_description.pc'
[0.743s] Level 1:colcon.colcon_core.environment:checking '/home/lukas/ros2_ws/install/realsense2_description/lib/python3.8/site-packages'
[0.743s] Level 1:colcon.colcon_core.environment:checking '/home/lukas/ros2_ws/install/realsense2_description/bin'
[0.743s] INFO:colcon.colcon_core.shell:Creating package script '/home/lukas/ros2_ws/install/realsense2_description/share/realsense2_description/package.ps1'
[0.744s] INFO:colcon.colcon_core.shell:Creating package descriptor '/home/lukas/ros2_ws/install/realsense2_description/share/realsense2_description/package.dsv'
[0.744s] INFO:colcon.colcon_core.shell:Creating package script '/home/lukas/ros2_ws/install/realsense2_description/share/realsense2_description/package.sh'
[0.745s] INFO:colcon.colcon_core.shell:Creating package script '/home/lukas/ros2_ws/install/realsense2_description/share/realsense2_description/package.bash'
[0.745s] INFO:colcon.colcon_core.shell:Creating package script '/home/lukas/ros2_ws/install/realsense2_description/share/realsense2_description/package.zsh'
[0.745s] Level 1:colcon.colcon_core.environment:create_file_with_runtime_dependencies(/home/lukas/ros2_ws/install/realsense2_description/share/colcon-core/packages/realsense2_description)
[0.746s] DEBUG:colcon.colcon_core.event_handler.log_command:Invoked command in '/home/lukas/ros2_ws/build/realsense2_camera' returned '0': CMAKE_PREFIX_PATH=/home/lukas/ros2_ws/install/realsense2_camera_msgs:/home/lukas/ros2_ws/install/teleop:/home/lukas/ros2_ws/install/realsense2_description:/home/lukas/ros2_ws/install/realsense2_camera:/home/lukas/ros2_ws/install/leo_gazebo_classic:/opt/ros/foxy LD_LIBRARY_PATH=/home/lukas/ros2_ws/install/realsense2_camera_msgs/lib:/home/lukas/ros2_ws/install/realsense2_camera/lib:/usr/lib/x86_64-linux-gnu/gazebo-11/plugins:/opt/ros/foxy/opt/yaml_cpp_vendor/lib:/opt/ros/foxy/opt/rviz_ogre_vendor/lib:/opt/ros/foxy/lib/x86_64-linux-gnu:/opt/ros/foxy/lib /usr/bin/cmake --build /home/lukas/ros2_ws/build/realsense2_camera -- -j12 -l12
[0.749s] DEBUG:colcon.colcon_core.event_handler.log_command:Invoking command in '/home/lukas/ros2_ws/build/realsense2_camera': CMAKE_PREFIX_PATH=/home/lukas/ros2_ws/install/realsense2_camera_msgs:/home/lukas/ros2_ws/install/teleop:/home/lukas/ros2_ws/install/realsense2_description:/home/lukas/ros2_ws/install/realsense2_camera:/home/lukas/ros2_ws/install/leo_gazebo_classic:/opt/ros/foxy LD_LIBRARY_PATH=/home/lukas/ros2_ws/install/realsense2_camera_msgs/lib:/home/lukas/ros2_ws/install/realsense2_camera/lib:/usr/lib/x86_64-linux-gnu/gazebo-11/plugins:/opt/ros/foxy/opt/yaml_cpp_vendor/lib:/opt/ros/foxy/opt/rviz_ogre_vendor/lib:/opt/ros/foxy/lib/x86_64-linux-gnu:/opt/ros/foxy/lib /usr/bin/cmake --install /home/lukas/ros2_ws/build/realsense2_camera
[0.771s] Level 1:colcon.colcon_core.environment:create_environment_scripts_only(realsense2_camera)
[0.771s] Level 1:colcon.colcon_core.environment:checking '/home/lukas/ros2_ws/install/realsense2_camera' for CMake module files
[0.772s] DEBUG:colcon.colcon_core.event_handler.log_command:Invoked command in '/home/lukas/ros2_ws/build/realsense2_camera' returned '0': CMAKE_PREFIX_PATH=/home/lukas/ros2_ws/install/realsense2_camera_msgs:/home/lukas/ros2_ws/install/teleop:/home/lukas/ros2_ws/install/realsense2_description:/home/lukas/ros2_ws/install/realsense2_camera:/home/lukas/ros2_ws/install/leo_gazebo_classic:/opt/ros/foxy LD_LIBRARY_PATH=/home/lukas/ros2_ws/install/realsense2_camera_msgs/lib:/home/lukas/ros2_ws/install/realsense2_camera/lib:/usr/lib/x86_64-linux-gnu/gazebo-11/plugins:/opt/ros/foxy/opt/yaml_cpp_vendor/lib:/opt/ros/foxy/opt/rviz_ogre_vendor/lib:/opt/ros/foxy/lib/x86_64-linux-gnu:/opt/ros/foxy/lib /usr/bin/cmake --install /home/lukas/ros2_ws/build/realsense2_camera
[0.772s] Level 1:colcon.colcon_core.environment:checking '/home/lukas/ros2_ws/install/realsense2_camera' for CMake config files
[0.773s] Level 1:colcon.colcon_core.shell:create_environment_hook('realsense2_camera', 'cmake_prefix_path')
[0.773s] INFO:colcon.colcon_core.shell:Creating environment hook '/home/lukas/ros2_ws/install/realsense2_camera/share/realsense2_camera/hook/cmake_prefix_path.ps1'
[0.773s] INFO:colcon.colcon_core.shell:Creating environment descriptor '/home/lukas/ros2_ws/install/realsense2_camera/share/realsense2_camera/hook/cmake_prefix_path.dsv'
[0.773s] INFO:colcon.colcon_core.shell:Creating environment hook '/home/lukas/ros2_ws/install/realsense2_camera/share/realsense2_camera/hook/cmake_prefix_path.sh'
[0.774s] Level 1:colcon.colcon_core.environment:checking '/home/lukas/ros2_ws/install/realsense2_camera/lib'
[0.774s] Level 1:colcon.colcon_core.shell:create_environment_hook('realsense2_camera', 'ld_library_path_lib')
[0.774s] INFO:colcon.colcon_core.shell:Creating environment hook '/home/lukas/ros2_ws/install/realsense2_camera/share/realsense2_camera/hook/ld_library_path_lib.ps1'
[0.774s] INFO:colcon.colcon_core.shell:Creating environment descriptor '/home/lukas/ros2_ws/install/realsense2_camera/share/realsense2_camera/hook/ld_library_path_lib.dsv'
[0.775s] INFO:colcon.colcon_core.shell:Creating environment hook '/home/lukas/ros2_ws/install/realsense2_camera/share/realsense2_camera/hook/ld_library_path_lib.sh'
[0.775s] Level 1:colcon.colcon_core.environment:checking '/home/lukas/ros2_ws/install/realsense2_camera/bin'
[0.775s] Level 1:colcon.colcon_core.environment:checking '/home/lukas/ros2_ws/install/realsense2_camera/lib/pkgconfig/realsense2_camera.pc'
[0.775s] Level 1:colcon.colcon_core.environment:checking '/home/lukas/ros2_ws/install/realsense2_camera/lib/python3.8/site-packages'
[0.775s] Level 1:colcon.colcon_core.environment:checking '/home/lukas/ros2_ws/install/realsense2_camera/bin'
[0.776s] INFO:colcon.colcon_core.shell:Creating package script '/home/lukas/ros2_ws/install/realsense2_camera/share/realsense2_camera/package.ps1'
[0.776s] INFO:colcon.colcon_core.shell:Creating package descriptor '/home/lukas/ros2_ws/install/realsense2_camera/share/realsense2_camera/package.dsv'
[0.776s] INFO:colcon.colcon_core.shell:Creating package script '/home/lukas/ros2_ws/install/realsense2_camera/share/realsense2_camera/package.sh'
[0.777s] INFO:colcon.colcon_core.shell:Creating package script '/home/lukas/ros2_ws/install/realsense2_camera/share/realsense2_camera/package.bash'
[0.777s] INFO:colcon.colcon_core.shell:Creating package script '/home/lukas/ros2_ws/install/realsense2_camera/share/realsense2_camera/package.zsh'
[0.777s] Level 1:colcon.colcon_core.environment:create_file_with_runtime_dependencies(/home/lukas/ros2_ws/install/realsense2_camera/share/colcon-core/packages/realsense2_camera)
[0.778s] Level 1:colcon.colcon_core.environment:create_environment_scripts_only(realsense2_camera)
[0.778s] Level 1:colcon.colcon_core.environment:checking '/home/lukas/ros2_ws/install/realsense2_camera' for CMake module files
[0.778s] Level 1:colcon.colcon_core.environment:checking '/home/lukas/ros2_ws/install/realsense2_camera' for CMake config files
[0.778s] Level 1:colcon.colcon_core.shell:create_environment_hook('realsense2_camera', 'cmake_prefix_path')
[0.778s] INFO:colcon.colcon_core.shell:Creating environment hook '/home/lukas/ros2_ws/install/realsense2_camera/share/realsense2_camera/hook/cmake_prefix_path.ps1'
[0.779s] INFO:colcon.colcon_core.shell:Creating environment descriptor '/home/lukas/ros2_ws/install/realsense2_camera/share/realsense2_camera/hook/cmake_prefix_path.dsv'
[0.779s] INFO:colcon.colcon_core.shell:Creating environment hook '/home/lukas/ros2_ws/install/realsense2_camera/share/realsense2_camera/hook/cmake_prefix_path.sh'
[0.779s] Level 1:colcon.colcon_core.environment:checking '/home/lukas/ros2_ws/install/realsense2_camera/lib'
[0.779s] Level 1:colcon.colcon_core.shell:create_environment_hook('realsense2_camera', 'ld_library_path_lib')
[0.780s] INFO:colcon.colcon_core.shell:Creating environment hook '/home/lukas/ros2_ws/install/realsense2_camera/share/realsense2_camera/hook/ld_library_path_lib.ps1'
[0.780s] INFO:colcon.colcon_core.shell:Creating environment descriptor '/home/lukas/ros2_ws/install/realsense2_camera/share/realsense2_camera/hook/ld_library_path_lib.dsv'
[0.780s] INFO:colcon.colcon_core.shell:Creating environment hook '/home/lukas/ros2_ws/install/realsense2_camera/share/realsense2_camera/hook/ld_library_path_lib.sh'
[0.780s] Level 1:colcon.colcon_core.environment:checking '/home/lukas/ros2_ws/install/realsense2_camera/bin'
[0.780s] Level 1:colcon.colcon_core.environment:checking '/home/lukas/ros2_ws/install/realsense2_camera/lib/pkgconfig/realsense2_camera.pc'
[0.781s] Level 1:colcon.colcon_core.environment:checking '/home/lukas/ros2_ws/install/realsense2_camera/lib/python3.8/site-packages'
[0.781s] Level 1:colcon.colcon_core.environment:checking '/home/lukas/ros2_ws/install/realsense2_camera/bin'
[0.781s] INFO:colcon.colcon_core.shell:Creating package script '/home/lukas/ros2_ws/install/realsense2_camera/share/realsense2_camera/package.ps1'
[0.781s] INFO:colcon.colcon_core.shell:Creating package descriptor '/home/lukas/ros2_ws/install/realsense2_camera/share/realsense2_camera/package.dsv'
[0.782s] INFO:colcon.colcon_core.shell:Creating package script '/home/lukas/ros2_ws/install/realsense2_camera/share/realsense2_camera/package.sh'
[0.782s] INFO:colcon.colcon_core.shell:Creating package script '/home/lukas/ros2_ws/install/realsense2_camera/share/realsense2_camera/package.bash'
[0.782s] INFO:colcon.colcon_core.shell:Creating package script '/home/lukas/ros2_ws/install/realsense2_camera/share/realsense2_camera/package.zsh'
[0.783s] Level 1:colcon.colcon_core.environment:create_file_with_runtime_dependencies(/home/lukas/ros2_ws/install/realsense2_camera/share/colcon-core/packages/realsense2_camera)
[0.928s] DEBUG:colcon.colcon_core.event_handler.log_command:Invoking command in '/home/lukas/ros2_ws/src/robot_utils': PYTHONPATH=/home/lukas/ros2_ws/build/robot_utils/prefix_override:/usr/lib/python3/dist-packages/colcon_core/task/python/colcon_distutils_commands:/home/lukas/ros2_ws/install/robot_utils/lib/python3.8/site-packages:${PYTHONPATH} /usr/bin/python3 -W ignore:setup.py install is deprecated -W ignore:easy_install command is deprecated setup.py egg_info --egg-base ../../build/robot_utils build --build-base /home/lukas/ros2_ws/build/robot_utils/build install --record /home/lukas/ros2_ws/build/robot_utils/install.log --install-scripts $base/lib/robot_utils --single-version-externally-managed install_data
[1.140s] Level 1:colcon.colcon_core.environment:checking '/home/lukas/ros2_ws/install/robot_utils' for CMake module files
[1.140s] DEBUG:colcon.colcon_core.event_handler.log_command:Invoked command in '/home/lukas/ros2_ws/src/robot_utils' returned '0': PYTHONPATH=/home/lukas/ros2_ws/build/robot_utils/prefix_override:/usr/lib/python3/dist-packages/colcon_core/task/python/colcon_distutils_commands:/home/lukas/ros2_ws/install/robot_utils/lib/python3.8/site-packages:${PYTHONPATH} /usr/bin/python3 -W ignore:setup.py install is deprecated -W ignore:easy_install command is deprecated setup.py egg_info --egg-base ../../build/robot_utils build --build-base /home/lukas/ros2_ws/build/robot_utils/build install --record /home/lukas/ros2_ws/build/robot_utils/install.log --install-scripts $base/lib/robot_utils --single-version-externally-managed install_data
[1.140s] Level 1:colcon.colcon_core.environment:checking '/home/lukas/ros2_ws/install/robot_utils' for CMake config files
[1.141s] Level 1:colcon.colcon_core.environment:checking '/home/lukas/ros2_ws/install/robot_utils/lib'
[1.141s] Level 1:colcon.colcon_core.environment:checking '/home/lukas/ros2_ws/install/robot_utils/bin'
[1.141s] Level 1:colcon.colcon_core.environment:checking '/home/lukas/ros2_ws/install/robot_utils/lib/pkgconfig/robot_utils.pc'
[1.141s] Level 1:colcon.colcon_core.environment:checking '/home/lukas/ros2_ws/install/robot_utils/lib/python3.8/site-packages'
[1.141s] Level 1:colcon.colcon_core.shell:create_environment_hook('robot_utils', 'pythonpath')
[1.141s] INFO:colcon.colcon_core.shell:Creating environment hook '/home/lukas/ros2_ws/install/robot_utils/share/robot_utils/hook/pythonpath.ps1'
[1.142s] INFO:colcon.colcon_core.shell:Creating environment descriptor '/home/lukas/ros2_ws/install/robot_utils/share/robot_utils/hook/pythonpath.dsv'
[1.142s] INFO:colcon.colcon_core.shell:Creating environment hook '/home/lukas/ros2_ws/install/robot_utils/share/robot_utils/hook/pythonpath.sh'
[1.142s] Level 1:colcon.colcon_core.environment:checking '/home/lukas/ros2_ws/install/robot_utils/bin'
[1.143s] Level 1:colcon.colcon_core.environment:create_environment_scripts_only(robot_utils)
[1.143s] INFO:colcon.colcon_core.shell:Creating package script '/home/lukas/ros2_ws/install/robot_utils/share/robot_utils/package.ps1'
[1.143s] INFO:colcon.colcon_core.shell:Creating package descriptor '/home/lukas/ros2_ws/install/robot_utils/share/robot_utils/package.dsv'
[1.143s] INFO:colcon.colcon_core.shell:Creating package script '/home/lukas/ros2_ws/install/robot_utils/share/robot_utils/package.sh'
[1.144s] INFO:colcon.colcon_core.shell:Creating package script '/home/lukas/ros2_ws/install/robot_utils/share/robot_utils/package.bash'
[1.144s] INFO:colcon.colcon_core.shell:Creating package script '/home/lukas/ros2_ws/install/robot_utils/share/robot_utils/package.zsh'
[1.144s] Level 1:colcon.colcon_core.environment:create_file_with_runtime_dependencies(/home/lukas/ros2_ws/install/robot_utils/share/colcon-core/packages/robot_utils)
[1.145s] DEBUG:colcon.colcon_parallel_executor.executor.parallel:closing loop
[1.145s] DEBUG:colcon.colcon_parallel_executor.executor.parallel:loop closed
[1.145s] DEBUG:colcon.colcon_parallel_executor.executor.parallel:run_until_complete finished with '0'
[1.145s] DEBUG:colcon.colcon_core.event_reactor:joining thread
[1.149s] INFO:colcon.colcon_core.plugin_system:Skipping extension 'colcon_notification.desktop_notification.terminal_notifier': Not used on non-Darwin systems
[1.149s] INFO:colcon.colcon_core.plugin_system:Skipping extension 'colcon_notification.desktop_notification.win32': Not used on non-Windows systems
[1.149s] INFO:colcon.colcon_notification.desktop_notification:Sending desktop notification using 'notify2'
[1.161s] DEBUG:colcon.colcon_core.event_reactor:joined thread
[1.161s] INFO:colcon.colcon_core.shell:Creating prefix script '/home/lukas/ros2_ws/install/local_setup.ps1'
[1.162s] INFO:colcon.colcon_core.shell:Creating prefix util module '/home/lukas/ros2_ws/install/_local_setup_util_ps1.py'
[1.163s] INFO:colcon.colcon_core.shell:Creating prefix chain script '/home/lukas/ros2_ws/install/setup.ps1'
[1.164s] INFO:colcon.colcon_core.shell:Creating prefix script '/home/lukas/ros2_ws/install/local_setup.sh'
[1.165s] INFO:colcon.colcon_core.shell:Creating prefix util module '/home/lukas/ros2_ws/install/_local_setup_util_sh.py'
[1.165s] INFO:colcon.colcon_core.shell:Creating prefix chain script '/home/lukas/ros2_ws/install/setup.sh'
[1.166s] INFO:colcon.colcon_core.shell:Creating prefix script '/home/lukas/ros2_ws/install/local_setup.bash'
[1.167s] INFO:colcon.colcon_core.shell:Creating prefix chain script '/home/lukas/ros2_ws/install/setup.bash'
[1.167s] INFO:colcon.colcon_core.shell:Creating prefix script '/home/lukas/ros2_ws/install/local_setup.zsh'
[1.168s] INFO:colcon.colcon_core.shell:Creating prefix chain script '/home/lukas/ros2_ws/install/setup.zsh'
