[0.513s] Invoking command in '/home/lukas/ros2_ws/src/robot_utils': PYTHONPATH=/home/lukas/ros2_ws/build/robot_utils/prefix_override:/usr/lib/python3/dist-packages/colcon_core/task/python/colcon_distutils_commands:/home/lukas/ros2_ws/install/robot_utils/lib/python3.8/site-packages:${PYTHONPATH} /usr/bin/python3 -W ignore:setup.py install is deprecated -W ignore:easy_install command is deprecated setup.py egg_info --egg-base ../../build/robot_utils build --build-base /home/lukas/ros2_ws/build/robot_utils/build install --record /home/lukas/ros2_ws/build/robot_utils/install.log --install-scripts $base/lib/robot_utils --single-version-externally-managed install_data
[0.664s] running egg_info
[0.665s] writing ../../build/robot_utils/robot_utils.egg-info/PKG-INFO
[0.665s] writing dependency_links to ../../build/robot_utils/robot_utils.egg-info/dependency_links.txt
[0.665s] writing entry points to ../../build/robot_utils/robot_utils.egg-info/entry_points.txt
[0.665s] writing requirements to ../../build/robot_utils/robot_utils.egg-info/requires.txt
[0.665s] writing top-level names to ../../build/robot_utils/robot_utils.egg-info/top_level.txt
[0.690s] reading manifest file '../../build/robot_utils/robot_utils.egg-info/SOURCES.txt'
[0.691s] writing manifest file '../../build/robot_utils/robot_utils.egg-info/SOURCES.txt'
[0.691s] running build
[0.691s] running build_py
[0.691s] running install
[0.691s] running install_lib
[0.692s] running install_data
[0.693s] running install_egg_info
[0.694s] removing '/home/lukas/ros2_ws/install/robot_utils/lib/python3.8/site-packages/robot_utils-0.0.0-py3.8.egg-info' (and everything under it)
[0.694s] Copying ../../build/robot_utils/robot_utils.egg-info to /home/lukas/ros2_ws/install/robot_utils/lib/python3.8/site-packages/robot_utils-0.0.0-py3.8.egg-info
[0.694s] running install_scripts
[0.706s] Installing odom_monitor script to /home/lukas/ros2_ws/install/robot_utils/lib/robot_utils
[0.706s] writing list of installed files to '/home/lukas/ros2_ws/build/robot_utils/install.log'
[0.719s] Invoked command in '/home/lukas/ros2_ws/src/robot_utils' returned '0': PYTHONPATH=/home/lukas/ros2_ws/build/robot_utils/prefix_override:/usr/lib/python3/dist-packages/colcon_core/task/python/colcon_distutils_commands:/home/lukas/ros2_ws/install/robot_utils/lib/python3.8/site-packages:${PYTHONPATH} /usr/bin/python3 -W ignore:setup.py install is deprecated -W ignore:easy_install command is deprecated setup.py egg_info --egg-base ../../build/robot_utils build --build-base /home/lukas/ros2_ws/build/robot_utils/build install --record /home/lukas/ros2_ws/build/robot_utils/install.log --install-scripts $base/lib/robot_utils --single-version-externally-managed install_data
