[0.015s] Invoking command in '/home/lukas/ros2_ws/build/leo_gazebo_classic': CMAKE_PREFIX_PATH=${CMAKE_PREFIX_PATH}:/opt/ros/foxy /usr/bin/cmake /home/lukas/ros2_ws/src/leo_gazebo_classic -DCMAKE_INSTALL_PREFIX=/home/lukas/ros2_ws/install/leo_gazebo_classic
[0.025s] -- Found ament_cmake: 0.9.12 (/opt/ros/foxy/share/ament_cmake/cmake)
[0.042s] -- Using PYTHON_EXECUTABLE: /usr/bin/python3
[0.182s] -- Override CMake install command with custom implementation using symlinks instead of copying resources
[0.188s] -- Found rclcpp: 2.4.3 (/opt/ros/foxy/share/rclcpp/cmake)
[0.215s] -- Using all available rosidl_typesupport_c: rosidl_typesupport_fastrtps_c;rosidl_typesupport_introspection_c
[0.218s] -- Found rosidl_adapter: 1.3.1 (/opt/ros/foxy/share/rosidl_adapter/cmake)
[0.318s] -- Using all available rosidl_typesupport_cpp: rosidl_typesupport_fastrtps_cpp;rosidl_typesupport_introspection_cpp
[0.364s] -- Found rmw_implementation_cmake: 1.0.4 (/opt/ros/foxy/share/rmw_implementation_cmake/cmake)
[0.366s] -- Using RMW implementation 'rmw_fastrtps_cpp' as default
[0.502s] -- Found xacro: 2.0.7 (/opt/ros/foxy/share/xacro/cmake)
[0.552s] -- Configuring done
[0.553s] -- Generating done
[0.555s] -- Build files have been written to: /home/lukas/ros2_ws/build/leo_gazebo_classic
[0.559s] Invoked command in '/home/lukas/ros2_ws/build/leo_gazebo_classic' returned '0': CMAKE_PREFIX_PATH=${CMAKE_PREFIX_PATH}:/opt/ros/foxy /usr/bin/cmake /home/lukas/ros2_ws/src/leo_gazebo_classic -DCMAKE_INSTALL_PREFIX=/home/lukas/ros2_ws/install/leo_gazebo_classic
[0.563s] Invoking command in '/home/lukas/ros2_ws/build/leo_gazebo_classic': CMAKE_PREFIX_PATH=${CMAKE_PREFIX_PATH}:/opt/ros/foxy /usr/bin/cmake --build /home/lukas/ros2_ws/build/leo_gazebo_classic -- -j12 -l12
[0.595s] Invoked command in '/home/lukas/ros2_ws/build/leo_gazebo_classic' returned '0': CMAKE_PREFIX_PATH=${CMAKE_PREFIX_PATH}:/opt/ros/foxy /usr/bin/cmake --build /home/lukas/ros2_ws/build/leo_gazebo_classic -- -j12 -l12
[0.606s] Invoking command in '/home/lukas/ros2_ws/build/leo_gazebo_classic': CMAKE_PREFIX_PATH=${CMAKE_PREFIX_PATH}:/opt/ros/foxy /usr/bin/cmake --install /home/lukas/ros2_ws/build/leo_gazebo_classic
[0.612s] -- Install configuration: ""
[0.613s] -- Execute custom install script
[0.613s] -- Up-to-date symlink: /home/lukas/ros2_ws/install/leo_gazebo_classic/share/leo_gazebo_classic/description/leo.xacro
[0.613s] -- Up-to-date symlink: /home/lukas/ros2_ws/install/leo_gazebo_classic/share/leo_gazebo_classic/description/leo_gazebo_classic.xacro
[0.614s] -- Up-to-date symlink: /home/lukas/ros2_ws/install/leo_gazebo_classic/share/leo_gazebo_classic/launch/rsp.launch.py
[0.614s] -- Up-to-date symlink: /home/lukas/ros2_ws/install/leo_gazebo_classic/share/ament_index/resource_index/package_run_dependencies/leo_gazebo_classic
[0.614s] -- Up-to-date symlink: /home/lukas/ros2_ws/install/leo_gazebo_classic/share/ament_index/resource_index/parent_prefix_path/leo_gazebo_classic
[0.615s] -- Up-to-date symlink: /home/lukas/ros2_ws/install/leo_gazebo_classic/share/leo_gazebo_classic/environment/ament_prefix_path.sh
[0.615s] -- Up-to-date symlink: /home/lukas/ros2_ws/install/leo_gazebo_classic/share/leo_gazebo_classic/environment/ament_prefix_path.dsv
[0.615s] -- Up-to-date symlink: /home/lukas/ros2_ws/install/leo_gazebo_classic/share/leo_gazebo_classic/environment/path.sh
[0.615s] -- Up-to-date symlink: /home/lukas/ros2_ws/install/leo_gazebo_classic/share/leo_gazebo_classic/environment/path.dsv
[0.615s] -- Up-to-date symlink: /home/lukas/ros2_ws/install/leo_gazebo_classic/share/leo_gazebo_classic/local_setup.bash
[0.615s] -- Up-to-date symlink: /home/lukas/ros2_ws/install/leo_gazebo_classic/share/leo_gazebo_classic/local_setup.sh
[0.616s] -- Up-to-date symlink: /home/lukas/ros2_ws/install/leo_gazebo_classic/share/leo_gazebo_classic/local_setup.zsh
[0.616s] -- Up-to-date symlink: /home/lukas/ros2_ws/install/leo_gazebo_classic/share/leo_gazebo_classic/local_setup.dsv
[0.616s] -- Symlinking: /home/lukas/ros2_ws/install/leo_gazebo_classic/share/leo_gazebo_classic/package.dsv
[0.623s] -- Up-to-date symlink: /home/lukas/ros2_ws/install/leo_gazebo_classic/share/ament_index/resource_index/packages/leo_gazebo_classic
[0.623s] -- Up-to-date symlink: /home/lukas/ros2_ws/install/leo_gazebo_classic/share/leo_gazebo_classic/cmake/leo_gazebo_classicConfig.cmake
[0.623s] -- Up-to-date symlink: /home/lukas/ros2_ws/install/leo_gazebo_classic/share/leo_gazebo_classic/cmake/leo_gazebo_classicConfig-version.cmake
[0.624s] -- Up-to-date symlink: /home/lukas/ros2_ws/install/leo_gazebo_classic/share/leo_gazebo_classic/package.xml
[0.625s] Invoked command in '/home/lukas/ros2_ws/build/leo_gazebo_classic' returned '0': CMAKE_PREFIX_PATH=${CMAKE_PREFIX_PATH}:/opt/ros/foxy /usr/bin/cmake --install /home/lukas/ros2_ws/build/leo_gazebo_classic
