[0.011s] Invoking command in '/home/lukas/ros2_ws/build/realsense2_camera': CMAKE_PREFIX_PATH=/home/lukas/ros2_ws/install/realsense2_camera_msgs:/home/lukas/ros2_ws/install/teleop:/home/lukas/ros2_ws/install/realsense2_description:/home/lukas/ros2_ws/install/realsense2_camera:/opt/ros/foxy LD_LIBRARY_PATH=/home/lukas/ros2_ws/install/realsense2_camera_msgs/lib:/opt/ros/foxy/opt/yaml_cpp_vendor/lib:/opt/ros/foxy/opt/rviz_ogre_vendor/lib:/opt/ros/foxy/lib/x86_64-linux-gnu:/opt/ros/foxy/lib:/home/lukas/ros2_ws/install/realsense2_camera/lib:/usr/lib/x86_64-linux-gnu/gazebo-11/plugins PYTHONPATH=/home/lukas/ros2_ws/install/realsense2_camera_msgs/lib/python3.8/site-packages:/opt/ros/foxy/lib/python3.8/site-packages /usr/bin/cmake /home/lukas/ros2_ws/src/realsense-ros/realsense2_camera -DCMAKE_INSTALL_PREFIX=/home/lukas/ros2_ws/install/realsense2_camera
[0.050s] -- The C compiler identification is GNU 9.4.0
[0.089s] -- The CXX compiler identification is GNU 9.4.0
[0.092s] -- Check for working C compiler: /usr/bin/cc
[0.140s] -- Check for working C compiler: /usr/bin/cc -- works
[0.141s] -- Detecting C compiler ABI info
[0.188s] -- Detecting C compiler ABI info - done
[0.197s] -- Detecting C compile features
[0.197s] -- Detecting C compile features - done
[0.199s] -- Check for working CXX compiler: /usr/bin/c++
[0.254s] -- Check for working CXX compiler: /usr/bin/c++ -- works
[0.255s] -- Detecting CXX compiler ABI info
[0.309s] -- Detecting CXX compiler ABI info - done
[0.319s] -- Detecting CXX compile features
[0.319s] -- Detecting CXX compile features - done
[0.320s] -- Create Release Build.
[0.320s] -- Found ament_cmake: 0.9.12 (/opt/ros/foxy/share/ament_cmake/cmake)
[0.338s] -- Found PythonInterp: /usr/bin/python3 (found suitable version "3.8.10", minimum required is "3") 
[0.338s] -- Using PYTHON_EXECUTABLE: /usr/bin/python3
[0.482s] -- Found builtin_interfaces: 1.0.0 (/opt/ros/foxy/share/builtin_interfaces/cmake)
[0.501s] -- Using all available rosidl_typesupport_c: rosidl_typesupport_fastrtps_c;rosidl_typesupport_introspection_c
[0.506s] -- Found rosidl_adapter: 1.3.1 (/opt/ros/foxy/share/rosidl_adapter/cmake)
[0.564s] -- Found OpenSSL: /usr/lib/x86_64-linux-gnu/libcrypto.so (found version "1.1.1f")  
[0.585s] -- Found FastRTPS: /opt/ros/foxy/include  
[0.642s] -- Using all available rosidl_typesupport_cpp: rosidl_typesupport_fastrtps_cpp;rosidl_typesupport_introspection_cpp
[0.664s] -- Found cv_bridge: 3.0.7 (/opt/ros/foxy/share/cv_bridge/cmake)
[0.800s] -- Found image_transport: 2.4.0 (/opt/ros/foxy/share/image_transport/cmake)
[0.839s] -- Found rmw_implementation_cmake: 1.0.4 (/opt/ros/foxy/share/rmw_implementation_cmake/cmake)
[0.840s] -- Using RMW implementation 'rmw_fastrtps_cpp' as default
[0.841s] -- Looking for pthread.h
[0.890s] -- Looking for pthread.h - found
[0.890s] -- Performing Test CMAKE_HAVE_LIBC_PTHREAD
[0.947s] -- Performing Test CMAKE_HAVE_LIBC_PTHREAD - Failed
[0.947s] -- Looking for pthread_create in pthreads
[1.005s] -- Looking for pthread_create in pthreads - not found
[1.005s] -- Looking for pthread_create in pthread
[1.105s] -- Looking for pthread_create in pthread - found
[1.107s] -- Found Threads: TRUE  
[1.283s] -- Found rclcpp_components: 2.4.3 (/opt/ros/foxy/share/rclcpp_components/cmake)
[1.324s] -- Found realsense2_camera_msgs: 3.1.4 (/home/lukas/ros2_ws/install/realsense2_camera_msgs/share/realsense2_camera_msgs/cmake)
[1.354s] -- Found nav_msgs: 2.0.5 (/opt/ros/foxy/share/nav_msgs/cmake)
[1.413s] -- Found tf2_ros: 0.13.14 (/opt/ros/foxy/share/tf2_ros/cmake)
[1.666s] -- Found ament_lint_auto: 0.9.8 (/opt/ros/foxy/share/ament_lint_auto/cmake)
[1.670s] -- Found OpenCV: /usr (found version "4.2.0") 
[1.735s] -- Added test 'copyright' to check source files copyright and LICENSE
[1.737s] -- Added test 'cppcheck' to perform static code analysis on C / C++ code
[1.737s] -- Configured cppcheck include dirs: /home/lukas/ros2_ws/src/realsense-ros/realsense2_camera/include
[1.737s] -- Configured cppcheck exclude dirs and/or files: 
[1.738s] -- Added test 'cpplint' to check C / C++ code against the Google style
[1.738s] -- Configured cpplint exclude dirs and/or files: 
[1.739s] -- Added test 'flake8' to check Python code syntax and style conventions
[1.739s] -- Added test 'lint_cmake' to check CMake code style
[1.740s] -- Added test 'pep257' to check Python code against some of the style conventions in PEP 257
[1.741s] -- Added test 'uncrustify' to check C / C++ code style
[1.741s] -- Configured uncrustify additional arguments: 
[1.741s] -- Added test 'xmllint' to check XML markup files
[1.745s] -- Configuring done
[1.774s] -- Generating done
[1.787s] -- Build files have been written to: /home/lukas/ros2_ws/build/realsense2_camera
[1.794s] Invoked command in '/home/lukas/ros2_ws/build/realsense2_camera' returned '0': CMAKE_PREFIX_PATH=/home/lukas/ros2_ws/install/realsense2_camera_msgs:/home/lukas/ros2_ws/install/teleop:/home/lukas/ros2_ws/install/realsense2_description:/home/lukas/ros2_ws/install/realsense2_camera:/opt/ros/foxy LD_LIBRARY_PATH=/home/lukas/ros2_ws/install/realsense2_camera_msgs/lib:/opt/ros/foxy/opt/yaml_cpp_vendor/lib:/opt/ros/foxy/opt/rviz_ogre_vendor/lib:/opt/ros/foxy/lib/x86_64-linux-gnu:/opt/ros/foxy/lib:/home/lukas/ros2_ws/install/realsense2_camera/lib:/usr/lib/x86_64-linux-gnu/gazebo-11/plugins PYTHONPATH=/home/lukas/ros2_ws/install/realsense2_camera_msgs/lib/python3.8/site-packages:/opt/ros/foxy/lib/python3.8/site-packages /usr/bin/cmake /home/lukas/ros2_ws/src/realsense-ros/realsense2_camera -DCMAKE_INSTALL_PREFIX=/home/lukas/ros2_ws/install/realsense2_camera
[1.796s] Invoking command in '/home/lukas/ros2_ws/build/realsense2_camera': CMAKE_PREFIX_PATH=/home/lukas/ros2_ws/install/realsense2_camera_msgs:/home/lukas/ros2_ws/install/teleop:/home/lukas/ros2_ws/install/realsense2_description:/home/lukas/ros2_ws/install/realsense2_camera:/opt/ros/foxy LD_LIBRARY_PATH=/home/lukas/ros2_ws/install/realsense2_camera_msgs/lib:/opt/ros/foxy/opt/yaml_cpp_vendor/lib:/opt/ros/foxy/opt/rviz_ogre_vendor/lib:/opt/ros/foxy/lib/x86_64-linux-gnu:/opt/ros/foxy/lib:/home/lukas/ros2_ws/install/realsense2_camera/lib:/usr/lib/x86_64-linux-gnu/gazebo-11/plugins PYTHONPATH=/home/lukas/ros2_ws/install/realsense2_camera_msgs/lib/python3.8/site-packages:/opt/ros/foxy/lib/python3.8/site-packages /usr/bin/cmake --build /home/lukas/ros2_ws/build/realsense2_camera -- -j12 -l12
[1.824s] [35m[1mScanning dependencies of target realsense2_camera_node[0m
[1.824s] [35m[1mScanning dependencies of target realsense2_camera[0m
[1.851s] [ 16%] [32mBuilding CXX object CMakeFiles/realsense2_camera_node.dir/rclcpp_components/node_main_realsense2_camera_node.cpp.o[0m
[1.904s] [ 50%] [32mBuilding CXX object CMakeFiles/realsense2_camera.dir/src/realsense_node_factory.cpp.o[0m
[1.904s] [ 50%] [32mBuilding CXX object CMakeFiles/realsense2_camera.dir/src/base_realsense_node.cpp.o[0m
[1.904s] [ 66%] [32mBuilding CXX object CMakeFiles/realsense2_camera.dir/src/t265_realsense_node.cpp.o[0m
[3.679s] [ 83%] [32m[1mLinking CXX executable realsense2_camera_node[0m
[3.765s] [ 83%] Built target realsense2_camera_node
[18.183s] [100%] [32m[1mLinking CXX shared library librealsense2_camera.so[0m
[18.726s] [100%] Built target realsense2_camera
[18.733s] Invoked command in '/home/lukas/ros2_ws/build/realsense2_camera' returned '0': CMAKE_PREFIX_PATH=/home/lukas/ros2_ws/install/realsense2_camera_msgs:/home/lukas/ros2_ws/install/teleop:/home/lukas/ros2_ws/install/realsense2_description:/home/lukas/ros2_ws/install/realsense2_camera:/opt/ros/foxy LD_LIBRARY_PATH=/home/lukas/ros2_ws/install/realsense2_camera_msgs/lib:/opt/ros/foxy/opt/yaml_cpp_vendor/lib:/opt/ros/foxy/opt/rviz_ogre_vendor/lib:/opt/ros/foxy/lib/x86_64-linux-gnu:/opt/ros/foxy/lib:/home/lukas/ros2_ws/install/realsense2_camera/lib:/usr/lib/x86_64-linux-gnu/gazebo-11/plugins PYTHONPATH=/home/lukas/ros2_ws/install/realsense2_camera_msgs/lib/python3.8/site-packages:/opt/ros/foxy/lib/python3.8/site-packages /usr/bin/cmake --build /home/lukas/ros2_ws/build/realsense2_camera -- -j12 -l12
[18.735s] Invoking command in '/home/lukas/ros2_ws/build/realsense2_camera': CMAKE_PREFIX_PATH=/home/lukas/ros2_ws/install/realsense2_camera_msgs:/home/lukas/ros2_ws/install/teleop:/home/lukas/ros2_ws/install/realsense2_description:/home/lukas/ros2_ws/install/realsense2_camera:/opt/ros/foxy LD_LIBRARY_PATH=/home/lukas/ros2_ws/install/realsense2_camera_msgs/lib:/opt/ros/foxy/opt/yaml_cpp_vendor/lib:/opt/ros/foxy/opt/rviz_ogre_vendor/lib:/opt/ros/foxy/lib/x86_64-linux-gnu:/opt/ros/foxy/lib:/home/lukas/ros2_ws/install/realsense2_camera/lib:/usr/lib/x86_64-linux-gnu/gazebo-11/plugins PYTHONPATH=/home/lukas/ros2_ws/install/realsense2_camera_msgs/lib/python3.8/site-packages:/opt/ros/foxy/lib/python3.8/site-packages /usr/bin/cmake --install /home/lukas/ros2_ws/build/realsense2_camera
[18.741s] -- Install configuration: "Release"
[18.741s] -- Installing: /home/lukas/ros2_ws/install/realsense2_camera/lib/realsense2_camera/realsense2_camera_node
[18.741s] -- Set runtime path of "/home/lukas/ros2_ws/install/realsense2_camera/lib/realsense2_camera/realsense2_camera_node" to ""
[18.741s] -- Installing: /home/lukas/ros2_ws/install/realsense2_camera/lib/librealsense2_camera.so
[18.743s] -- Set runtime path of "/home/lukas/ros2_ws/install/realsense2_camera/lib/librealsense2_camera.so" to ""
[18.743s] -- Installing: /home/lukas/ros2_ws/install/realsense2_camera/include
[18.743s] -- Installing: /home/lukas/ros2_ws/install/realsense2_camera/include/realsense2_camera
[18.743s] -- Installing: /home/lukas/ros2_ws/install/realsense2_camera/include/realsense2_camera/base_realsense_node.h
[18.743s] -- Installing: /home/lukas/ros2_ws/install/realsense2_camera/include/realsense2_camera/realsense_node_factory.h
[18.743s] -- Installing: /home/lukas/ros2_ws/install/realsense2_camera/include/realsense2_camera/t265_realsense_node.h
[18.743s] -- Installing: /home/lukas/ros2_ws/install/realsense2_camera/include/realsense2_camera/constants.h
[18.743s] -- Installing: /home/lukas/ros2_ws/install/realsense2_camera/share/realsense2_camera/launch
[18.743s] -- Installing: /home/lukas/ros2_ws/install/realsense2_camera/share/realsense2_camera/launch/rs_d400_and_t265_launch.py
[18.743s] -- Installing: /home/lukas/ros2_ws/install/realsense2_camera/share/realsense2_camera/launch/default.rviz
[18.744s] -- Installing: /home/lukas/ros2_ws/install/realsense2_camera/share/realsense2_camera/launch/rs_multi_camera_launch.py
[18.744s] -- Installing: /home/lukas/ros2_ws/install/realsense2_camera/share/realsense2_camera/launch/rs_launch.py
[18.744s] -- Installing: /home/lukas/ros2_ws/install/realsense2_camera/share/realsense2_camera/config
[18.744s] -- Installing: /home/lukas/ros2_ws/install/realsense2_camera/share/realsense2_camera/config/d435i.yaml
[18.744s] -- Installing: /home/lukas/ros2_ws/install/realsense2_camera/share/realsense2_camera/environment/library_path.sh
[18.744s] -- Installing: /home/lukas/ros2_ws/install/realsense2_camera/share/realsense2_camera/environment/library_path.dsv
[18.744s] -- Installing: /home/lukas/ros2_ws/install/realsense2_camera/share/ament_index/resource_index/package_run_dependencies/realsense2_camera
[18.744s] -- Installing: /home/lukas/ros2_ws/install/realsense2_camera/share/ament_index/resource_index/parent_prefix_path/realsense2_camera
[18.744s] -- Installing: /home/lukas/ros2_ws/install/realsense2_camera/share/realsense2_camera/environment/ament_prefix_path.sh
[18.744s] -- Installing: /home/lukas/ros2_ws/install/realsense2_camera/share/realsense2_camera/environment/ament_prefix_path.dsv
[18.744s] -- Installing: /home/lukas/ros2_ws/install/realsense2_camera/share/realsense2_camera/environment/path.sh
[18.744s] -- Installing: /home/lukas/ros2_ws/install/realsense2_camera/share/realsense2_camera/environment/path.dsv
[18.745s] -- Installing: /home/lukas/ros2_ws/install/realsense2_camera/share/realsense2_camera/local_setup.bash
[18.745s] -- Installing: /home/lukas/ros2_ws/install/realsense2_camera/share/realsense2_camera/local_setup.sh
[18.745s] -- Installing: /home/lukas/ros2_ws/install/realsense2_camera/share/realsense2_camera/local_setup.zsh
[18.745s] -- Installing: /home/lukas/ros2_ws/install/realsense2_camera/share/realsense2_camera/local_setup.dsv
[18.745s] -- Installing: /home/lukas/ros2_ws/install/realsense2_camera/share/realsense2_camera/package.dsv
[18.745s] -- Installing: /home/lukas/ros2_ws/install/realsense2_camera/share/ament_index/resource_index/packages/realsense2_camera
[18.745s] -- Installing: /home/lukas/ros2_ws/install/realsense2_camera/share/ament_index/resource_index/rclcpp_components/realsense2_camera
[18.745s] -- Installing: /home/lukas/ros2_ws/install/realsense2_camera/share/realsense2_camera/cmake/ament_cmake_export_include_directories-extras.cmake
[18.745s] -- Installing: /home/lukas/ros2_ws/install/realsense2_camera/share/realsense2_camera/cmake/ament_cmake_export_libraries-extras.cmake
[18.745s] -- Installing: /home/lukas/ros2_ws/install/realsense2_camera/share/realsense2_camera/cmake/ament_cmake_export_dependencies-extras.cmake
[18.745s] -- Installing: /home/lukas/ros2_ws/install/realsense2_camera/share/realsense2_camera/cmake/realsense2_cameraConfig.cmake
[18.745s] -- Installing: /home/lukas/ros2_ws/install/realsense2_camera/share/realsense2_camera/cmake/realsense2_cameraConfig-version.cmake
[18.746s] -- Installing: /home/lukas/ros2_ws/install/realsense2_camera/share/realsense2_camera/package.xml
[18.747s] Invoked command in '/home/lukas/ros2_ws/build/realsense2_camera' returned '0': CMAKE_PREFIX_PATH=/home/lukas/ros2_ws/install/realsense2_camera_msgs:/home/lukas/ros2_ws/install/teleop:/home/lukas/ros2_ws/install/realsense2_description:/home/lukas/ros2_ws/install/realsense2_camera:/opt/ros/foxy LD_LIBRARY_PATH=/home/lukas/ros2_ws/install/realsense2_camera_msgs/lib:/opt/ros/foxy/opt/yaml_cpp_vendor/lib:/opt/ros/foxy/opt/rviz_ogre_vendor/lib:/opt/ros/foxy/lib/x86_64-linux-gnu:/opt/ros/foxy/lib:/home/lukas/ros2_ws/install/realsense2_camera/lib:/usr/lib/x86_64-linux-gnu/gazebo-11/plugins PYTHONPATH=/home/lukas/ros2_ws/install/realsense2_camera_msgs/lib/python3.8/site-packages:/opt/ros/foxy/lib/python3.8/site-packages /usr/bin/cmake --install /home/lukas/ros2_ws/build/realsense2_camera
