[0.546s] Invoking command in '/home/lukas/ros2_ws/src/robot_utils': PYTHONPATH=/home/lukas/ros2_ws/build/robot_utils/prefix_override:/usr/lib/python3/dist-packages/colcon_core/task/python/colcon_distutils_commands:/home/lukas/ros2_ws/install/robot_utils/lib/python3.8/site-packages:${PYTHONPATH} /usr/bin/python3 -W ignore:setup.py install is deprecated -W ignore:easy_install command is deprecated setup.py egg_info --egg-base ../../build/robot_utils build --build-base /home/lukas/ros2_ws/build/robot_utils/build install --record /home/lukas/ros2_ws/build/robot_utils/install.log --install-scripts $base/lib/robot_utils --single-version-externally-managed install_data
[0.700s] running egg_info
[0.700s] creating ../../build/robot_utils/robot_utils.egg-info
[0.700s] writing ../../build/robot_utils/robot_utils.egg-info/PKG-INFO
[0.700s] writing dependency_links to ../../build/robot_utils/robot_utils.egg-info/dependency_links.txt
[0.701s] writing entry points to ../../build/robot_utils/robot_utils.egg-info/entry_points.txt
[0.701s] writing requirements to ../../build/robot_utils/robot_utils.egg-info/requires.txt
[0.701s] writing top-level names to ../../build/robot_utils/robot_utils.egg-info/top_level.txt
[0.704s] writing manifest file '../../build/robot_utils/robot_utils.egg-info/SOURCES.txt'
[0.728s] reading manifest file '../../build/robot_utils/robot_utils.egg-info/SOURCES.txt'
[0.729s] writing manifest file '../../build/robot_utils/robot_utils.egg-info/SOURCES.txt'
[0.729s] running build
[0.729s] running build_py
[0.729s] creating /home/lukas/ros2_ws/build/robot_utils/build
[0.729s] creating /home/lukas/ros2_ws/build/robot_utils/build/lib
[0.729s] creating /home/lukas/ros2_ws/build/robot_utils/build/lib/robot_utils
[0.729s] copying robot_utils/__init__.py -> /home/lukas/ros2_ws/build/robot_utils/build/lib/robot_utils
[0.729s] copying robot_utils/odom_monitor.py -> /home/lukas/ros2_ws/build/robot_utils/build/lib/robot_utils
[0.729s] running install
[0.730s] running install_lib
[0.730s] creating /home/lukas/ros2_ws/install/robot_utils/lib/python3.8/site-packages/robot_utils
[0.731s] copying /home/lukas/ros2_ws/build/robot_utils/build/lib/robot_utils/__init__.py -> /home/lukas/ros2_ws/install/robot_utils/lib/python3.8/site-packages/robot_utils
[0.731s] copying /home/lukas/ros2_ws/build/robot_utils/build/lib/robot_utils/odom_monitor.py -> /home/lukas/ros2_ws/install/robot_utils/lib/python3.8/site-packages/robot_utils
[0.731s] byte-compiling /home/lukas/ros2_ws/install/robot_utils/lib/python3.8/site-packages/robot_utils/__init__.py to __init__.cpython-38.pyc
[0.732s] byte-compiling /home/lukas/ros2_ws/install/robot_utils/lib/python3.8/site-packages/robot_utils/odom_monitor.py to odom_monitor.cpython-38.pyc
[0.732s] running install_data
[0.732s] creating /home/lukas/ros2_ws/install/robot_utils/share/ament_index
[0.732s] creating /home/lukas/ros2_ws/install/robot_utils/share/ament_index/resource_index
[0.732s] creating /home/lukas/ros2_ws/install/robot_utils/share/ament_index/resource_index/packages
[0.732s] copying resource/robot_utils -> /home/lukas/ros2_ws/install/robot_utils/share/ament_index/resource_index/packages
[0.732s] copying package.xml -> /home/lukas/ros2_ws/install/robot_utils/share/robot_utils
[0.732s] running install_egg_info
[0.733s] Copying ../../build/robot_utils/robot_utils.egg-info to /home/lukas/ros2_ws/install/robot_utils/lib/python3.8/site-packages/robot_utils-0.0.0-py3.8.egg-info
[0.734s] running install_scripts
[0.746s] Installing odom_monitor script to /home/lukas/ros2_ws/install/robot_utils/lib/robot_utils
[0.746s] writing list of installed files to '/home/lukas/ros2_ws/build/robot_utils/install.log'
[0.759s] Invoked command in '/home/lukas/ros2_ws/src/robot_utils' returned '0': PYTHONPATH=/home/lukas/ros2_ws/build/robot_utils/prefix_override:/usr/lib/python3/dist-packages/colcon_core/task/python/colcon_distutils_commands:/home/lukas/ros2_ws/install/robot_utils/lib/python3.8/site-packages:${PYTHONPATH} /usr/bin/python3 -W ignore:setup.py install is deprecated -W ignore:easy_install command is deprecated setup.py egg_info --egg-base ../../build/robot_utils build --build-base /home/lukas/ros2_ws/build/robot_utils/build install --record /home/lukas/ros2_ws/build/robot_utils/install.log --install-scripts $base/lib/robot_utils --single-version-externally-managed install_data
