[0.014s] Invoking command in '/home/lukas/ros2_ws/build/leo_gazebo_classic': CMAKE_PREFIX_PATH=${CMAKE_PREFIX_PATH}:/opt/ros/foxy /usr/bin/cmake /home/lukas/ros2_ws/src/leo_gazebo_classic -DCMAKE_INSTALL_PREFIX=/home/lukas/ros2_ws/install/leo_gazebo_classic
[0.024s] -- Found ament_cmake: 0.9.12 (/opt/ros/foxy/share/ament_cmake/cmake)
[0.041s] -- Using PYTHON_EXECUTABLE: /usr/bin/python3
[0.184s] -- Found rclcpp: 2.4.3 (/opt/ros/foxy/share/rclcpp/cmake)
[0.214s] -- Using all available rosidl_typesupport_c: rosidl_typesupport_fastrtps_c;rosidl_typesupport_introspection_c
[0.216s] -- Found rosidl_adapter: 1.3.1 (/opt/ros/foxy/share/rosidl_adapter/cmake)
[0.311s] -- Using all available rosidl_typesupport_cpp: rosidl_typesupport_fastrtps_cpp;rosidl_typesupport_introspection_cpp
[0.350s] -- Found rmw_implementation_cmake: 1.0.4 (/opt/ros/foxy/share/rmw_implementation_cmake/cmake)
[0.351s] -- Using RMW implementation 'rmw_fastrtps_cpp' as default
[0.466s] -- Found xacro: 2.0.7 (/opt/ros/foxy/share/xacro/cmake)
[0.509s] -- Configuring done
[0.510s] -- Generating done
[0.511s] -- Build files have been written to: /home/lukas/ros2_ws/build/leo_gazebo_classic
[0.517s] Invoked command in '/home/lukas/ros2_ws/build/leo_gazebo_classic' returned '0': CMAKE_PREFIX_PATH=${CMAKE_PREFIX_PATH}:/opt/ros/foxy /usr/bin/cmake /home/lukas/ros2_ws/src/leo_gazebo_classic -DCMAKE_INSTALL_PREFIX=/home/lukas/ros2_ws/install/leo_gazebo_classic
[0.517s] Invoking command in '/home/lukas/ros2_ws/build/leo_gazebo_classic': CMAKE_PREFIX_PATH=${CMAKE_PREFIX_PATH}:/opt/ros/foxy /usr/bin/cmake --build /home/lukas/ros2_ws/build/leo_gazebo_classic -- -j12 -l12
[0.544s] Invoked command in '/home/lukas/ros2_ws/build/leo_gazebo_classic' returned '0': CMAKE_PREFIX_PATH=${CMAKE_PREFIX_PATH}:/opt/ros/foxy /usr/bin/cmake --build /home/lukas/ros2_ws/build/leo_gazebo_classic -- -j12 -l12
[0.546s] Invoking command in '/home/lukas/ros2_ws/build/leo_gazebo_classic': CMAKE_PREFIX_PATH=${CMAKE_PREFIX_PATH}:/opt/ros/foxy /usr/bin/cmake --install /home/lukas/ros2_ws/build/leo_gazebo_classic
[0.551s] -- Install configuration: ""
[0.551s] -- Installing: /home/lukas/ros2_ws/install/leo_gazebo_classic/share/leo_gazebo_classic/urdf
[0.552s] -- Installing: /home/lukas/ros2_ws/install/leo_gazebo_classic/share/leo_gazebo_classic/launch
[0.552s] -- Installing: /home/lukas/ros2_ws/install/leo_gazebo_classic/share/leo_gazebo_classic/config
[0.552s] -- Installing: /home/lukas/ros2_ws/install/leo_gazebo_classic/share/ament_index/resource_index/package_run_dependencies/leo_gazebo_classic
[0.552s] -- Installing: /home/lukas/ros2_ws/install/leo_gazebo_classic/share/ament_index/resource_index/parent_prefix_path/leo_gazebo_classic
[0.552s] -- Installing: /home/lukas/ros2_ws/install/leo_gazebo_classic/share/leo_gazebo_classic/environment/ament_prefix_path.sh
[0.552s] -- Installing: /home/lukas/ros2_ws/install/leo_gazebo_classic/share/leo_gazebo_classic/environment/ament_prefix_path.dsv
[0.552s] -- Installing: /home/lukas/ros2_ws/install/leo_gazebo_classic/share/leo_gazebo_classic/environment/path.sh
[0.552s] -- Installing: /home/lukas/ros2_ws/install/leo_gazebo_classic/share/leo_gazebo_classic/environment/path.dsv
[0.552s] -- Installing: /home/lukas/ros2_ws/install/leo_gazebo_classic/share/leo_gazebo_classic/local_setup.bash
[0.552s] -- Installing: /home/lukas/ros2_ws/install/leo_gazebo_classic/share/leo_gazebo_classic/local_setup.sh
[0.552s] -- Installing: /home/lukas/ros2_ws/install/leo_gazebo_classic/share/leo_gazebo_classic/local_setup.zsh
[0.552s] -- Installing: /home/lukas/ros2_ws/install/leo_gazebo_classic/share/leo_gazebo_classic/local_setup.dsv
[0.552s] -- Installing: /home/lukas/ros2_ws/install/leo_gazebo_classic/share/leo_gazebo_classic/package.dsv
[0.553s] -- Installing: /home/lukas/ros2_ws/install/leo_gazebo_classic/share/ament_index/resource_index/packages/leo_gazebo_classic
[0.553s] -- Installing: /home/lukas/ros2_ws/install/leo_gazebo_classic/share/leo_gazebo_classic/cmake/leo_gazebo_classicConfig.cmake
[0.553s] -- Installing: /home/lukas/ros2_ws/install/leo_gazebo_classic/share/leo_gazebo_classic/cmake/leo_gazebo_classicConfig-version.cmake
[0.553s] -- Installing: /home/lukas/ros2_ws/install/leo_gazebo_classic/share/leo_gazebo_classic/package.xml
[0.554s] Invoked command in '/home/lukas/ros2_ws/build/leo_gazebo_classic' returned '0': CMAKE_PREFIX_PATH=${CMAKE_PREFIX_PATH}:/opt/ros/foxy /usr/bin/cmake --install /home/lukas/ros2_ws/build/leo_gazebo_classic
