[0.014s] Invoking command in '/home/lukas/ros2_ws/build/teleop': CMAKE_PREFIX_PATH=${CMAKE_PREFIX_PATH}:/opt/ros/foxy /usr/bin/cmake --build /home/lukas/ros2_ws/build/teleop -- -j12 -l12
[0.063s] [100%] Built target teleop
[0.070s] Invoked command in '/home/lukas/ros2_ws/build/teleop' returned '0': CMAKE_PREFIX_PATH=${CMAKE_PREFIX_PATH}:/opt/ros/foxy /usr/bin/cmake --build /home/lukas/ros2_ws/build/teleop -- -j12 -l12
[0.072s] Invoking command in '/home/lukas/ros2_ws/build/teleop': CMAKE_PREFIX_PATH=${CMAKE_PREFIX_PATH}:/opt/ros/foxy /usr/bin/cmake --install /home/lukas/ros2_ws/build/teleop
[0.079s] -- Install configuration: ""
[0.079s] -- Execute custom install script
[0.079s] -- Up-to-date symlink: /home/lukas/ros2_ws/install/teleop/lib/teleop/teleop
[0.080s] -- Up-to-date symlink: /home/lukas/ros2_ws/install/teleop/share/ament_index/resource_index/package_run_dependencies/teleop
[0.080s] -- Up-to-date symlink: /home/lukas/ros2_ws/install/teleop/share/ament_index/resource_index/parent_prefix_path/teleop
[0.080s] -- Up-to-date symlink: /home/lukas/ros2_ws/install/teleop/share/teleop/environment/ament_prefix_path.sh
[0.080s] -- Up-to-date symlink: /home/lukas/ros2_ws/install/teleop/share/teleop/environment/ament_prefix_path.dsv
[0.080s] -- Up-to-date symlink: /home/lukas/ros2_ws/install/teleop/share/teleop/environment/path.sh
[0.081s] -- Up-to-date symlink: /home/lukas/ros2_ws/install/teleop/share/teleop/environment/path.dsv
[0.081s] -- Up-to-date symlink: /home/lukas/ros2_ws/install/teleop/share/teleop/local_setup.bash
[0.081s] -- Up-to-date symlink: /home/lukas/ros2_ws/install/teleop/share/teleop/local_setup.sh
[0.081s] -- Up-to-date symlink: /home/lukas/ros2_ws/install/teleop/share/teleop/local_setup.zsh
[0.081s] -- Up-to-date symlink: /home/lukas/ros2_ws/install/teleop/share/teleop/local_setup.dsv
[0.081s] -- Symlinking: /home/lukas/ros2_ws/install/teleop/share/teleop/package.dsv
[0.089s] -- Up-to-date symlink: /home/lukas/ros2_ws/install/teleop/share/ament_index/resource_index/packages/teleop
[0.089s] -- Up-to-date symlink: /home/lukas/ros2_ws/install/teleop/share/teleop/cmake/teleopConfig.cmake
[0.089s] -- Up-to-date symlink: /home/lukas/ros2_ws/install/teleop/share/teleop/cmake/teleopConfig-version.cmake
[0.089s] -- Up-to-date symlink: /home/lukas/ros2_ws/install/teleop/share/teleop/package.xml
[0.091s] Invoked command in '/home/lukas/ros2_ws/build/teleop' returned '0': CMAKE_PREFIX_PATH=${CMAKE_PREFIX_PATH}:/opt/ros/foxy /usr/bin/cmake --install /home/lukas/ros2_ws/build/teleop
