[0.144s] DEBUG:colcon:Command line arguments: ['/usr/bin/colcon', 'build', '--symlink-install']
[0.144s] DEBUG:colcon:Parsed command line arguments: Namespace(allow_overriding=[], ament_cmake_args=None, base_paths=['.'], build_base='build', catkin_cmake_args=None, catkin_skip_building_tests=False, cmake_args=None, cmake_clean_cache=False, cmake_clean_first=False, cmake_force_configure=False, cmake_target=None, cmake_target_skip_unavailable=False, continue_on_error=False, event_handlers=None, executor='parallel', ignore_user_meta=False, install_base='install', log_base=None, log_level=None, main=<bound method BuildVerb.main of <colcon_core.verb.build.BuildVerb object at 0x7f6268427970>>, merge_install=False, metas=['./colcon.meta'], packages_above=None, packages_above_and_dependencies=None, packages_above_depth=None, packages_end=None, packages_ignore=None, packages_ignore_regex=None, packages_select=None, packages_select_build_failed=False, packages_select_by_dep=None, packages_select_regex=None, packages_select_test_failures=False, packages_skip=None, packages_skip_build_finished=False, packages_skip_by_dep=None, packages_skip_regex=None, packages_skip_test_passed=False, packages_skip_up_to=None, packages_start=None, packages_up_to=None, packages_up_to_regex=None, parallel_workers=12, paths=None, symlink_install=True, test_result_base=None, verb_extension=<colcon_core.verb.build.BuildVerb object at 0x7f6268427970>, verb_name='build', verb_parser=<colcon_defaults.argument_parser.defaults.DefaultArgumentsDecorator object at 0x7f62683d92b0>)
[0.258s] Level 1:colcon.colcon_core.package_discovery:discover_packages(colcon_meta) check parameters
[0.260s] Level 1:colcon.colcon_core.package_discovery:discover_packages(recursive) check parameters
[0.260s] Level 1:colcon.colcon_core.package_discovery:discover_packages(ignore) check parameters
[0.260s] Level 1:colcon.colcon_core.package_discovery:discover_packages(path) check parameters
[0.260s] Level 1:colcon.colcon_core.package_discovery:discover_packages(colcon_meta) discover
[0.260s] Level 1:colcon.colcon_core.package_discovery:discover_packages(recursive) discover
[0.260s] INFO:colcon.colcon_core.package_discovery:Crawling recursively for packages in '/home/lukas/ros2_ws'
[0.260s] Level 1:colcon.colcon_core.package_identification:_identify(.) by extensions ['ignore', 'ignore_ament_install']
[0.260s] Level 1:colcon.colcon_core.package_identification:_identify(.) by extension 'ignore'
[0.260s] Level 1:colcon.colcon_core.package_identification:_identify(.) by extension 'ignore_ament_install'
[0.260s] Level 1:colcon.colcon_core.package_identification:_identify(.) by extensions ['colcon_pkg']
[0.260s] Level 1:colcon.colcon_core.package_identification:_identify(.) by extension 'colcon_pkg'
[0.260s] Level 1:colcon.colcon_core.package_identification:_identify(.) by extensions ['colcon_meta']
[0.260s] Level 1:colcon.colcon_core.package_identification:_identify(.) by extension 'colcon_meta'
[0.260s] Level 1:colcon.colcon_core.package_identification:_identify(.) by extensions ['ros']
[0.260s] Level 1:colcon.colcon_core.package_identification:_identify(.) by extension 'ros'
[0.269s] Level 1:colcon.colcon_core.package_identification:_identify(.) by extensions ['cmake', 'python']
[0.269s] Level 1:colcon.colcon_core.package_identification:_identify(.) by extension 'cmake'
[0.269s] Level 1:colcon.colcon_core.package_identification:_identify(.) by extension 'python'
[0.269s] Level 1:colcon.colcon_core.package_identification:_identify(.) by extensions ['python_setup_py']
[0.269s] Level 1:colcon.colcon_core.package_identification:_identify(.) by extension 'python_setup_py'
[0.269s] Level 1:colcon.colcon_core.package_identification:_identify(build) by extensions ['ignore', 'ignore_ament_install']
[0.269s] Level 1:colcon.colcon_core.package_identification:_identify(build) by extension 'ignore'
[0.269s] Level 1:colcon.colcon_core.package_identification:_identify(build) ignored
[0.269s] Level 1:colcon.colcon_core.package_identification:_identify(install) by extensions ['ignore', 'ignore_ament_install']
[0.269s] Level 1:colcon.colcon_core.package_identification:_identify(install) by extension 'ignore'
[0.269s] Level 1:colcon.colcon_core.package_identification:_identify(install) ignored
[0.269s] Level 1:colcon.colcon_core.package_identification:_identify(log) by extensions ['ignore', 'ignore_ament_install']
[0.269s] Level 1:colcon.colcon_core.package_identification:_identify(log) by extension 'ignore'
[0.269s] Level 1:colcon.colcon_core.package_identification:_identify(log) ignored
[0.269s] Level 1:colcon.colcon_core.package_identification:_identify(src) by extensions ['ignore', 'ignore_ament_install']
[0.270s] Level 1:colcon.colcon_core.package_identification:_identify(src) by extension 'ignore'
[0.270s] Level 1:colcon.colcon_core.package_identification:_identify(src) by extension 'ignore_ament_install'
[0.270s] Level 1:colcon.colcon_core.package_identification:_identify(src) by extensions ['colcon_pkg']
[0.270s] Level 1:colcon.colcon_core.package_identification:_identify(src) by extension 'colcon_pkg'
[0.270s] Level 1:colcon.colcon_core.package_identification:_identify(src) by extensions ['colcon_meta']
[0.270s] Level 1:colcon.colcon_core.package_identification:_identify(src) by extension 'colcon_meta'
[0.270s] Level 1:colcon.colcon_core.package_identification:_identify(src) by extensions ['ros']
[0.270s] Level 1:colcon.colcon_core.package_identification:_identify(src) by extension 'ros'
[0.270s] Level 1:colcon.colcon_core.package_identification:_identify(src) by extensions ['cmake', 'python']
[0.270s] Level 1:colcon.colcon_core.package_identification:_identify(src) by extension 'cmake'
[0.270s] Level 1:colcon.colcon_core.package_identification:_identify(src) by extension 'python'
[0.270s] Level 1:colcon.colcon_core.package_identification:_identify(src) by extensions ['python_setup_py']
[0.270s] Level 1:colcon.colcon_core.package_identification:_identify(src) by extension 'python_setup_py'
[0.270s] Level 1:colcon.colcon_core.package_identification:_identify(src/leo_gazebo_classic) by extensions ['ignore', 'ignore_ament_install']
[0.270s] Level 1:colcon.colcon_core.package_identification:_identify(src/leo_gazebo_classic) by extension 'ignore'
[0.270s] Level 1:colcon.colcon_core.package_identification:_identify(src/leo_gazebo_classic) by extension 'ignore_ament_install'
[0.270s] Level 1:colcon.colcon_core.package_identification:_identify(src/leo_gazebo_classic) by extensions ['colcon_pkg']
[0.270s] Level 1:colcon.colcon_core.package_identification:_identify(src/leo_gazebo_classic) by extension 'colcon_pkg'
[0.270s] Level 1:colcon.colcon_core.package_identification:_identify(src/leo_gazebo_classic) by extensions ['colcon_meta']
[0.270s] Level 1:colcon.colcon_core.package_identification:_identify(src/leo_gazebo_classic) by extension 'colcon_meta'
[0.270s] Level 1:colcon.colcon_core.package_identification:_identify(src/leo_gazebo_classic) by extensions ['ros']
[0.270s] Level 1:colcon.colcon_core.package_identification:_identify(src/leo_gazebo_classic) by extension 'ros'
[0.272s] DEBUG:colcon.colcon_core.package_identification:Package 'src/leo_gazebo_classic' with type 'ros.ament_cmake' and name 'leo_gazebo_classic'
[0.272s] Level 1:colcon.colcon_core.package_identification:_identify(src/realsense-ros) by extensions ['ignore', 'ignore_ament_install']
[0.272s] Level 1:colcon.colcon_core.package_identification:_identify(src/realsense-ros) by extension 'ignore'
[0.272s] Level 1:colcon.colcon_core.package_identification:_identify(src/realsense-ros) by extension 'ignore_ament_install'
[0.272s] Level 1:colcon.colcon_core.package_identification:_identify(src/realsense-ros) by extensions ['colcon_pkg']
[0.272s] Level 1:colcon.colcon_core.package_identification:_identify(src/realsense-ros) by extension 'colcon_pkg'
[0.272s] Level 1:colcon.colcon_core.package_identification:_identify(src/realsense-ros) by extensions ['colcon_meta']
[0.272s] Level 1:colcon.colcon_core.package_identification:_identify(src/realsense-ros) by extension 'colcon_meta'
[0.273s] Level 1:colcon.colcon_core.package_identification:_identify(src/realsense-ros) by extensions ['ros']
[0.273s] Level 1:colcon.colcon_core.package_identification:_identify(src/realsense-ros) by extension 'ros'
[0.273s] Level 1:colcon.colcon_core.package_identification:_identify(src/realsense-ros) by extensions ['cmake', 'python']
[0.273s] Level 1:colcon.colcon_core.package_identification:_identify(src/realsense-ros) by extension 'cmake'
[0.273s] Level 1:colcon.colcon_core.package_identification:_identify(src/realsense-ros) by extension 'python'
[0.273s] Level 1:colcon.colcon_core.package_identification:_identify(src/realsense-ros) by extensions ['python_setup_py']
[0.273s] Level 1:colcon.colcon_core.package_identification:_identify(src/realsense-ros) by extension 'python_setup_py'
[0.273s] Level 1:colcon.colcon_core.package_identification:_identify(src/realsense-ros/realsense2_camera) by extensions ['ignore', 'ignore_ament_install']
[0.273s] Level 1:colcon.colcon_core.package_identification:_identify(src/realsense-ros/realsense2_camera) by extension 'ignore'
[0.273s] Level 1:colcon.colcon_core.package_identification:_identify(src/realsense-ros/realsense2_camera) by extension 'ignore_ament_install'
[0.273s] Level 1:colcon.colcon_core.package_identification:_identify(src/realsense-ros/realsense2_camera) by extensions ['colcon_pkg']
[0.273s] Level 1:colcon.colcon_core.package_identification:_identify(src/realsense-ros/realsense2_camera) by extension 'colcon_pkg'
[0.273s] Level 1:colcon.colcon_core.package_identification:_identify(src/realsense-ros/realsense2_camera) by extensions ['colcon_meta']
[0.273s] Level 1:colcon.colcon_core.package_identification:_identify(src/realsense-ros/realsense2_camera) by extension 'colcon_meta'
[0.273s] Level 1:colcon.colcon_core.package_identification:_identify(src/realsense-ros/realsense2_camera) by extensions ['ros']
[0.273s] Level 1:colcon.colcon_core.package_identification:_identify(src/realsense-ros/realsense2_camera) by extension 'ros'
[0.274s] DEBUG:colcon.colcon_core.package_identification:Package 'src/realsense-ros/realsense2_camera' with type 'ros.ament_cmake' and name 'realsense2_camera'
[0.275s] Level 1:colcon.colcon_core.package_identification:_identify(src/realsense-ros/realsense2_camera_msgs) by extensions ['ignore', 'ignore_ament_install']
[0.275s] Level 1:colcon.colcon_core.package_identification:_identify(src/realsense-ros/realsense2_camera_msgs) by extension 'ignore'
[0.275s] Level 1:colcon.colcon_core.package_identification:_identify(src/realsense-ros/realsense2_camera_msgs) by extension 'ignore_ament_install'
[0.275s] Level 1:colcon.colcon_core.package_identification:_identify(src/realsense-ros/realsense2_camera_msgs) by extensions ['colcon_pkg']
[0.275s] Level 1:colcon.colcon_core.package_identification:_identify(src/realsense-ros/realsense2_camera_msgs) by extension 'colcon_pkg'
[0.275s] Level 1:colcon.colcon_core.package_identification:_identify(src/realsense-ros/realsense2_camera_msgs) by extensions ['colcon_meta']
[0.275s] Level 1:colcon.colcon_core.package_identification:_identify(src/realsense-ros/realsense2_camera_msgs) by extension 'colcon_meta'
[0.275s] Level 1:colcon.colcon_core.package_identification:_identify(src/realsense-ros/realsense2_camera_msgs) by extensions ['ros']
[0.275s] Level 1:colcon.colcon_core.package_identification:_identify(src/realsense-ros/realsense2_camera_msgs) by extension 'ros'
[0.275s] DEBUG:colcon.colcon_core.package_identification:Package 'src/realsense-ros/realsense2_camera_msgs' with type 'ros.ament_cmake' and name 'realsense2_camera_msgs'
[0.275s] Level 1:colcon.colcon_core.package_identification:_identify(src/realsense-ros/realsense2_description) by extensions ['ignore', 'ignore_ament_install']
[0.275s] Level 1:colcon.colcon_core.package_identification:_identify(src/realsense-ros/realsense2_description) by extension 'ignore'
[0.276s] Level 1:colcon.colcon_core.package_identification:_identify(src/realsense-ros/realsense2_description) by extension 'ignore_ament_install'
[0.276s] Level 1:colcon.colcon_core.package_identification:_identify(src/realsense-ros/realsense2_description) by extensions ['colcon_pkg']
[0.276s] Level 1:colcon.colcon_core.package_identification:_identify(src/realsense-ros/realsense2_description) by extension 'colcon_pkg'
[0.276s] Level 1:colcon.colcon_core.package_identification:_identify(src/realsense-ros/realsense2_description) by extensions ['colcon_meta']
[0.276s] Level 1:colcon.colcon_core.package_identification:_identify(src/realsense-ros/realsense2_description) by extension 'colcon_meta'
[0.276s] Level 1:colcon.colcon_core.package_identification:_identify(src/realsense-ros/realsense2_description) by extensions ['ros']
[0.276s] Level 1:colcon.colcon_core.package_identification:_identify(src/realsense-ros/realsense2_description) by extension 'ros'
[0.276s] DEBUG:colcon.colcon_core.package_identification:Package 'src/realsense-ros/realsense2_description' with type 'ros.ament_cmake' and name 'realsense2_description'
[0.276s] Level 1:colcon.colcon_core.package_identification:_identify(src/teleop) by extensions ['ignore', 'ignore_ament_install']
[0.276s] Level 1:colcon.colcon_core.package_identification:_identify(src/teleop) by extension 'ignore'
[0.277s] Level 1:colcon.colcon_core.package_identification:_identify(src/teleop) by extension 'ignore_ament_install'
[0.277s] Level 1:colcon.colcon_core.package_identification:_identify(src/teleop) by extensions ['colcon_pkg']
[0.277s] Level 1:colcon.colcon_core.package_identification:_identify(src/teleop) by extension 'colcon_pkg'
[0.277s] Level 1:colcon.colcon_core.package_identification:_identify(src/teleop) by extensions ['colcon_meta']
[0.277s] Level 1:colcon.colcon_core.package_identification:_identify(src/teleop) by extension 'colcon_meta'
[0.277s] Level 1:colcon.colcon_core.package_identification:_identify(src/teleop) by extensions ['ros']
[0.277s] Level 1:colcon.colcon_core.package_identification:_identify(src/teleop) by extension 'ros'
[0.277s] DEBUG:colcon.colcon_core.package_identification:Package 'src/teleop' with type 'ros.ament_cmake' and name 'teleop'
[0.277s] Level 1:colcon.colcon_core.package_discovery:discover_packages(recursive) using defaults
[0.277s] Level 1:colcon.colcon_core.package_discovery:discover_packages(ignore) discover
[0.277s] Level 1:colcon.colcon_core.package_discovery:discover_packages(ignore) using defaults
[0.277s] Level 1:colcon.colcon_core.package_discovery:discover_packages(path) discover
[0.277s] Level 1:colcon.colcon_core.package_discovery:discover_packages(path) using defaults
[0.290s] Level 1:colcon.colcon_core.package_discovery:discover_packages(prefix_path) check parameters
[0.290s] Level 1:colcon.colcon_core.package_discovery:discover_packages(prefix_path) discover
[0.291s] DEBUG:colcon.colcon_installed_package_information.package_discovery:Found 5 installed packages in /home/lukas/ros2_ws/install
[0.292s] DEBUG:colcon.colcon_installed_package_information.package_discovery:Found 275 installed packages in /opt/ros/foxy
[0.293s] Level 1:colcon.colcon_core.package_discovery:discover_packages(prefix_path) using defaults
[0.347s] Level 5:colcon.colcon_core.verb:set package 'leo_gazebo_classic' build argument 'cmake_args' from command line to 'None'
[0.347s] Level 5:colcon.colcon_core.verb:set package 'leo_gazebo_classic' build argument 'cmake_target' from command line to 'None'
[0.347s] Level 5:colcon.colcon_core.verb:set package 'leo_gazebo_classic' build argument 'cmake_target_skip_unavailable' from command line to 'False'
[0.347s] Level 5:colcon.colcon_core.verb:set package 'leo_gazebo_classic' build argument 'cmake_clean_cache' from command line to 'False'
[0.347s] Level 5:colcon.colcon_core.verb:set package 'leo_gazebo_classic' build argument 'cmake_clean_first' from command line to 'False'
[0.347s] Level 5:colcon.colcon_core.verb:set package 'leo_gazebo_classic' build argument 'cmake_force_configure' from command line to 'False'
[0.347s] Level 5:colcon.colcon_core.verb:set package 'leo_gazebo_classic' build argument 'ament_cmake_args' from command line to 'None'
[0.347s] Level 5:colcon.colcon_core.verb:set package 'leo_gazebo_classic' build argument 'catkin_cmake_args' from command line to 'None'
[0.347s] Level 5:colcon.colcon_core.verb:set package 'leo_gazebo_classic' build argument 'catkin_skip_building_tests' from command line to 'False'
[0.347s] DEBUG:colcon.colcon_core.verb:Building package 'leo_gazebo_classic' with the following arguments: {'ament_cmake_args': None, 'build_base': '/home/lukas/ros2_ws/build/leo_gazebo_classic', 'catkin_cmake_args': None, 'catkin_skip_building_tests': False, 'cmake_args': None, 'cmake_clean_cache': False, 'cmake_clean_first': False, 'cmake_force_configure': False, 'cmake_target': None, 'cmake_target_skip_unavailable': False, 'install_base': '/home/lukas/ros2_ws/install/leo_gazebo_classic', 'merge_install': False, 'path': '/home/lukas/ros2_ws/src/leo_gazebo_classic', 'symlink_install': True, 'test_result_base': None}
[0.348s] Level 5:colcon.colcon_core.verb:set package 'realsense2_camera_msgs' build argument 'cmake_args' from command line to 'None'
[0.348s] Level 5:colcon.colcon_core.verb:set package 'realsense2_camera_msgs' build argument 'cmake_target' from command line to 'None'
[0.348s] Level 5:colcon.colcon_core.verb:set package 'realsense2_camera_msgs' build argument 'cmake_target_skip_unavailable' from command line to 'False'
[0.348s] Level 5:colcon.colcon_core.verb:set package 'realsense2_camera_msgs' build argument 'cmake_clean_cache' from command line to 'False'
[0.348s] Level 5:colcon.colcon_core.verb:set package 'realsense2_camera_msgs' build argument 'cmake_clean_first' from command line to 'False'
[0.348s] Level 5:colcon.colcon_core.verb:set package 'realsense2_camera_msgs' build argument 'cmake_force_configure' from command line to 'False'
[0.348s] Level 5:colcon.colcon_core.verb:set package 'realsense2_camera_msgs' build argument 'ament_cmake_args' from command line to 'None'
[0.348s] Level 5:colcon.colcon_core.verb:set package 'realsense2_camera_msgs' build argument 'catkin_cmake_args' from command line to 'None'
[0.348s] Level 5:colcon.colcon_core.verb:set package 'realsense2_camera_msgs' build argument 'catkin_skip_building_tests' from command line to 'False'
[0.348s] DEBUG:colcon.colcon_core.verb:Building package 'realsense2_camera_msgs' with the following arguments: {'ament_cmake_args': None, 'build_base': '/home/lukas/ros2_ws/build/realsense2_camera_msgs', 'catkin_cmake_args': None, 'catkin_skip_building_tests': False, 'cmake_args': None, 'cmake_clean_cache': False, 'cmake_clean_first': False, 'cmake_force_configure': False, 'cmake_target': None, 'cmake_target_skip_unavailable': False, 'install_base': '/home/lukas/ros2_ws/install/realsense2_camera_msgs', 'merge_install': False, 'path': '/home/lukas/ros2_ws/src/realsense-ros/realsense2_camera_msgs', 'symlink_install': True, 'test_result_base': None}
[0.348s] Level 5:colcon.colcon_core.verb:set package 'teleop' build argument 'cmake_args' from command line to 'None'
[0.348s] Level 5:colcon.colcon_core.verb:set package 'teleop' build argument 'cmake_target' from command line to 'None'
[0.348s] Level 5:colcon.colcon_core.verb:set package 'teleop' build argument 'cmake_target_skip_unavailable' from command line to 'False'
[0.348s] Level 5:colcon.colcon_core.verb:set package 'teleop' build argument 'cmake_clean_cache' from command line to 'False'
[0.348s] Level 5:colcon.colcon_core.verb:set package 'teleop' build argument 'cmake_clean_first' from command line to 'False'
[0.348s] Level 5:colcon.colcon_core.verb:set package 'teleop' build argument 'cmake_force_configure' from command line to 'False'
[0.348s] Level 5:colcon.colcon_core.verb:set package 'teleop' build argument 'ament_cmake_args' from command line to 'None'
[0.348s] Level 5:colcon.colcon_core.verb:set package 'teleop' build argument 'catkin_cmake_args' from command line to 'None'
[0.348s] Level 5:colcon.colcon_core.verb:set package 'teleop' build argument 'catkin_skip_building_tests' from command line to 'False'
[0.348s] DEBUG:colcon.colcon_core.verb:Building package 'teleop' with the following arguments: {'ament_cmake_args': None, 'build_base': '/home/lukas/ros2_ws/build/teleop', 'catkin_cmake_args': None, 'catkin_skip_building_tests': False, 'cmake_args': None, 'cmake_clean_cache': False, 'cmake_clean_first': False, 'cmake_force_configure': False, 'cmake_target': None, 'cmake_target_skip_unavailable': False, 'install_base': '/home/lukas/ros2_ws/install/teleop', 'merge_install': False, 'path': '/home/lukas/ros2_ws/src/teleop', 'symlink_install': True, 'test_result_base': None}
[0.348s] Level 5:colcon.colcon_core.verb:set package 'realsense2_camera' build argument 'cmake_args' from command line to 'None'
[0.349s] Level 5:colcon.colcon_core.verb:set package 'realsense2_camera' build argument 'cmake_target' from command line to 'None'
[0.349s] Level 5:colcon.colcon_core.verb:set package 'realsense2_camera' build argument 'cmake_target_skip_unavailable' from command line to 'False'
[0.349s] Level 5:colcon.colcon_core.verb:set package 'realsense2_camera' build argument 'cmake_clean_cache' from command line to 'False'
[0.349s] Level 5:colcon.colcon_core.verb:set package 'realsense2_camera' build argument 'cmake_clean_first' from command line to 'False'
[0.349s] Level 5:colcon.colcon_core.verb:set package 'realsense2_camera' build argument 'cmake_force_configure' from command line to 'False'
[0.349s] Level 5:colcon.colcon_core.verb:set package 'realsense2_camera' build argument 'ament_cmake_args' from command line to 'None'
[0.349s] Level 5:colcon.colcon_core.verb:set package 'realsense2_camera' build argument 'catkin_cmake_args' from command line to 'None'
[0.349s] Level 5:colcon.colcon_core.verb:set package 'realsense2_camera' build argument 'catkin_skip_building_tests' from command line to 'False'
[0.349s] DEBUG:colcon.colcon_core.verb:Building package 'realsense2_camera' with the following arguments: {'ament_cmake_args': None, 'build_base': '/home/lukas/ros2_ws/build/realsense2_camera', 'catkin_cmake_args': None, 'catkin_skip_building_tests': False, 'cmake_args': None, 'cmake_clean_cache': False, 'cmake_clean_first': False, 'cmake_force_configure': False, 'cmake_target': None, 'cmake_target_skip_unavailable': False, 'install_base': '/home/lukas/ros2_ws/install/realsense2_camera', 'merge_install': False, 'path': '/home/lukas/ros2_ws/src/realsense-ros/realsense2_camera', 'symlink_install': True, 'test_result_base': None}
[0.349s] Level 5:colcon.colcon_core.verb:set package 'realsense2_description' build argument 'cmake_args' from command line to 'None'
[0.349s] Level 5:colcon.colcon_core.verb:set package 'realsense2_description' build argument 'cmake_target' from command line to 'None'
[0.349s] Level 5:colcon.colcon_core.verb:set package 'realsense2_description' build argument 'cmake_target_skip_unavailable' from command line to 'False'
[0.349s] Level 5:colcon.colcon_core.verb:set package 'realsense2_description' build argument 'cmake_clean_cache' from command line to 'False'
[0.349s] Level 5:colcon.colcon_core.verb:set package 'realsense2_description' build argument 'cmake_clean_first' from command line to 'False'
[0.349s] Level 5:colcon.colcon_core.verb:set package 'realsense2_description' build argument 'cmake_force_configure' from command line to 'False'
[0.349s] Level 5:colcon.colcon_core.verb:set package 'realsense2_description' build argument 'ament_cmake_args' from command line to 'None'
[0.349s] Level 5:colcon.colcon_core.verb:set package 'realsense2_description' build argument 'catkin_cmake_args' from command line to 'None'
[0.349s] Level 5:colcon.colcon_core.verb:set package 'realsense2_description' build argument 'catkin_skip_building_tests' from command line to 'False'
[0.349s] DEBUG:colcon.colcon_core.verb:Building package 'realsense2_description' with the following arguments: {'ament_cmake_args': None, 'build_base': '/home/lukas/ros2_ws/build/realsense2_description', 'catkin_cmake_args': None, 'catkin_skip_building_tests': False, 'cmake_args': None, 'cmake_clean_cache': False, 'cmake_clean_first': False, 'cmake_force_configure': False, 'cmake_target': None, 'cmake_target_skip_unavailable': False, 'install_base': '/home/lukas/ros2_ws/install/realsense2_description', 'merge_install': False, 'path': '/home/lukas/ros2_ws/src/realsense-ros/realsense2_description', 'symlink_install': True, 'test_result_base': None}
[0.349s] INFO:colcon.colcon_core.executor:Executing jobs using 'parallel' executor
[0.350s] DEBUG:colcon.colcon_parallel_executor.executor.parallel:run_until_complete
[0.350s] INFO:colcon.colcon_ros.task.ament_cmake.build:Building ROS package in '/home/lukas/ros2_ws/src/realsense-ros/realsense2_camera_msgs' with build type 'ament_cmake'
[0.350s] INFO:colcon.colcon_cmake.task.cmake.build:Building CMake package in '/home/lukas/ros2_ws/src/realsense-ros/realsense2_camera_msgs'
[0.352s] INFO:colcon.colcon_core.plugin_system:Skipping extension 'colcon_core.shell.bat': Not used on non-Windows systems
[0.352s] INFO:colcon.colcon_core.shell:Skip shell extension 'powershell' for command environment: Not usable outside of PowerShell
[0.352s] DEBUG:colcon.colcon_core.shell:Skip shell extension 'dsv' for command environment
[0.355s] INFO:colcon.colcon_ros.task.ament_cmake.build:Building ROS package in '/home/lukas/ros2_ws/src/leo_gazebo_classic' with build type 'ament_cmake'
[0.356s] INFO:colcon.colcon_cmake.task.cmake.build:Building CMake package in '/home/lukas/ros2_ws/src/leo_gazebo_classic'
[0.356s] INFO:colcon.colcon_core.shell:Skip shell extension 'powershell' for command environment: Not usable outside of PowerShell
[0.356s] DEBUG:colcon.colcon_core.shell:Skip shell extension 'dsv' for command environment
[0.359s] INFO:colcon.colcon_ros.task.ament_cmake.build:Building ROS package in '/home/lukas/ros2_ws/src/teleop' with build type 'ament_cmake'
[0.359s] INFO:colcon.colcon_cmake.task.cmake.build:Building CMake package in '/home/lukas/ros2_ws/src/teleop'
[0.360s] INFO:colcon.colcon_core.shell:Skip shell extension 'powershell' for command environment: Not usable outside of PowerShell
[0.360s] DEBUG:colcon.colcon_core.shell:Skip shell extension 'dsv' for command environment
[0.367s] DEBUG:colcon.colcon_core.event_handler.log_command:Invoking command in '/home/lukas/ros2_ws/build/realsense2_camera_msgs': CMAKE_PREFIX_PATH=${CMAKE_PREFIX_PATH}:/opt/ros/foxy /usr/bin/cmake /home/lukas/ros2_ws/src/realsense-ros/realsense2_camera_msgs -DAMENT_CMAKE_SYMLINK_INSTALL=1 -DCMAKE_INSTALL_PREFIX=/home/lukas/ros2_ws/install/realsense2_camera_msgs
[0.370s] DEBUG:colcon.colcon_core.event_handler.log_command:Invoking command in '/home/lukas/ros2_ws/build/leo_gazebo_classic': CMAKE_PREFIX_PATH=${CMAKE_PREFIX_PATH}:/opt/ros/foxy /usr/bin/cmake /home/lukas/ros2_ws/src/leo_gazebo_classic -DAMENT_CMAKE_SYMLINK_INSTALL=1 -DCMAKE_INSTALL_PREFIX=/home/lukas/ros2_ws/install/leo_gazebo_classic
[0.374s] DEBUG:colcon.colcon_core.event_handler.log_command:Invoking command in '/home/lukas/ros2_ws/build/teleop': CMAKE_PREFIX_PATH=${CMAKE_PREFIX_PATH}:/opt/ros/foxy /usr/bin/cmake /home/lukas/ros2_ws/src/teleop -DAMENT_CMAKE_SYMLINK_INSTALL=1 -DCMAKE_INSTALL_PREFIX=/home/lukas/ros2_ws/install/teleop
[0.870s] DEBUG:colcon.colcon_core.event_handler.log_command:Invoked command in '/home/lukas/ros2_ws/build/leo_gazebo_classic' returned '0': CMAKE_PREFIX_PATH=${CMAKE_PREFIX_PATH}:/opt/ros/foxy /usr/bin/cmake /home/lukas/ros2_ws/src/leo_gazebo_classic -DAMENT_CMAKE_SYMLINK_INSTALL=1 -DCMAKE_INSTALL_PREFIX=/home/lukas/ros2_ws/install/leo_gazebo_classic
[0.871s] DEBUG:colcon.colcon_core.event_handler.log_command:Invoking command in '/home/lukas/ros2_ws/build/leo_gazebo_classic': CMAKE_PREFIX_PATH=${CMAKE_PREFIX_PATH}:/opt/ros/foxy /usr/bin/cmake --build /home/lukas/ros2_ws/build/leo_gazebo_classic -- -j12 -l12
[0.905s] DEBUG:colcon.colcon_core.event_handler.log_command:Invoked command in '/home/lukas/ros2_ws/build/leo_gazebo_classic' returned '0': CMAKE_PREFIX_PATH=${CMAKE_PREFIX_PATH}:/opt/ros/foxy /usr/bin/cmake --build /home/lukas/ros2_ws/build/leo_gazebo_classic -- -j12 -l12
[0.915s] DEBUG:colcon.colcon_core.event_handler.log_command:Invoking command in '/home/lukas/ros2_ws/build/leo_gazebo_classic': CMAKE_PREFIX_PATH=${CMAKE_PREFIX_PATH}:/opt/ros/foxy /usr/bin/cmake --install /home/lukas/ros2_ws/build/leo_gazebo_classic
[0.918s] DEBUG:colcon.colcon_core.event_handler.log_command:Invoked command in '/home/lukas/ros2_ws/build/teleop' returned '0': CMAKE_PREFIX_PATH=${CMAKE_PREFIX_PATH}:/opt/ros/foxy /usr/bin/cmake /home/lukas/ros2_ws/src/teleop -DAMENT_CMAKE_SYMLINK_INSTALL=1 -DCMAKE_INSTALL_PREFIX=/home/lukas/ros2_ws/install/teleop
[0.919s] DEBUG:colcon.colcon_core.event_handler.log_command:Invoking command in '/home/lukas/ros2_ws/build/teleop': CMAKE_PREFIX_PATH=${CMAKE_PREFIX_PATH}:/opt/ros/foxy /usr/bin/cmake --build /home/lukas/ros2_ws/build/teleop -- -j12 -l12
[0.933s] Level 1:colcon.colcon_core.environment:create_environment_scripts_only(leo_gazebo_classic)
[0.934s] DEBUG:colcon.colcon_core.event_handler.log_command:Invoked command in '/home/lukas/ros2_ws/build/leo_gazebo_classic' returned '0': CMAKE_PREFIX_PATH=${CMAKE_PREFIX_PATH}:/opt/ros/foxy /usr/bin/cmake --install /home/lukas/ros2_ws/build/leo_gazebo_classic
[0.936s] Level 1:colcon.colcon_core.environment:checking '/home/lukas/ros2_ws/install/leo_gazebo_classic' for CMake module files
[0.936s] Level 1:colcon.colcon_core.environment:checking '/home/lukas/ros2_ws/install/leo_gazebo_classic' for CMake config files
[0.937s] Level 1:colcon.colcon_core.shell:create_environment_hook('leo_gazebo_classic', 'cmake_prefix_path')
[0.937s] INFO:colcon.colcon_core.shell:Creating environment hook '/home/lukas/ros2_ws/install/leo_gazebo_classic/share/leo_gazebo_classic/hook/cmake_prefix_path.ps1'
[0.937s] INFO:colcon.colcon_core.shell:Creating environment descriptor '/home/lukas/ros2_ws/install/leo_gazebo_classic/share/leo_gazebo_classic/hook/cmake_prefix_path.dsv'
[0.938s] INFO:colcon.colcon_core.shell:Creating environment hook '/home/lukas/ros2_ws/install/leo_gazebo_classic/share/leo_gazebo_classic/hook/cmake_prefix_path.sh'
[0.939s] Level 1:colcon.colcon_core.environment:checking '/home/lukas/ros2_ws/install/leo_gazebo_classic/bin'
[0.939s] Level 1:colcon.colcon_core.environment:checking '/home/lukas/ros2_ws/install/leo_gazebo_classic/lib/pkgconfig/leo_gazebo_classic.pc'
[0.939s] Level 1:colcon.colcon_core.environment:checking '/home/lukas/ros2_ws/install/leo_gazebo_classic/lib/python3.8/site-packages'
[0.939s] Level 1:colcon.colcon_core.environment:checking '/home/lukas/ros2_ws/install/leo_gazebo_classic/bin'
[0.939s] INFO:colcon.colcon_core.shell:Creating package script '/home/lukas/ros2_ws/install/leo_gazebo_classic/share/leo_gazebo_classic/package.ps1'
[0.940s] INFO:colcon.colcon_core.shell:Creating package descriptor '/home/lukas/ros2_ws/install/leo_gazebo_classic/share/leo_gazebo_classic/package.dsv'
[0.940s] INFO:colcon.colcon_core.shell:Creating package script '/home/lukas/ros2_ws/install/leo_gazebo_classic/share/leo_gazebo_classic/package.sh'
[0.941s] INFO:colcon.colcon_core.shell:Creating package script '/home/lukas/ros2_ws/install/leo_gazebo_classic/share/leo_gazebo_classic/package.bash'
[0.941s] INFO:colcon.colcon_core.shell:Creating package script '/home/lukas/ros2_ws/install/leo_gazebo_classic/share/leo_gazebo_classic/package.zsh'
[0.942s] Level 1:colcon.colcon_core.environment:create_file_with_runtime_dependencies(/home/lukas/ros2_ws/install/leo_gazebo_classic/share/colcon-core/packages/leo_gazebo_classic)
[0.943s] Level 1:colcon.colcon_core.environment:create_environment_scripts_only(leo_gazebo_classic)
[0.943s] Level 1:colcon.colcon_core.environment:checking '/home/lukas/ros2_ws/install/leo_gazebo_classic' for CMake module files
[0.943s] Level 1:colcon.colcon_core.environment:checking '/home/lukas/ros2_ws/install/leo_gazebo_classic' for CMake config files
[0.943s] Level 1:colcon.colcon_core.shell:create_environment_hook('leo_gazebo_classic', 'cmake_prefix_path')
[0.944s] INFO:colcon.colcon_core.shell:Creating environment hook '/home/lukas/ros2_ws/install/leo_gazebo_classic/share/leo_gazebo_classic/hook/cmake_prefix_path.ps1'
[0.944s] INFO:colcon.colcon_core.shell:Creating environment descriptor '/home/lukas/ros2_ws/install/leo_gazebo_classic/share/leo_gazebo_classic/hook/cmake_prefix_path.dsv'
[0.944s] INFO:colcon.colcon_core.shell:Creating environment hook '/home/lukas/ros2_ws/install/leo_gazebo_classic/share/leo_gazebo_classic/hook/cmake_prefix_path.sh'
[0.945s] Level 1:colcon.colcon_core.environment:checking '/home/lukas/ros2_ws/install/leo_gazebo_classic/bin'
[0.945s] Level 1:colcon.colcon_core.environment:checking '/home/lukas/ros2_ws/install/leo_gazebo_classic/lib/pkgconfig/leo_gazebo_classic.pc'
[0.945s] Level 1:colcon.colcon_core.environment:checking '/home/lukas/ros2_ws/install/leo_gazebo_classic/lib/python3.8/site-packages'
[0.945s] Level 1:colcon.colcon_core.environment:checking '/home/lukas/ros2_ws/install/leo_gazebo_classic/bin'
[0.945s] INFO:colcon.colcon_core.shell:Creating package script '/home/lukas/ros2_ws/install/leo_gazebo_classic/share/leo_gazebo_classic/package.ps1'
[0.946s] INFO:colcon.colcon_core.shell:Creating package descriptor '/home/lukas/ros2_ws/install/leo_gazebo_classic/share/leo_gazebo_classic/package.dsv'
[0.946s] INFO:colcon.colcon_core.shell:Creating package script '/home/lukas/ros2_ws/install/leo_gazebo_classic/share/leo_gazebo_classic/package.sh'
[0.946s] INFO:colcon.colcon_core.shell:Creating package script '/home/lukas/ros2_ws/install/leo_gazebo_classic/share/leo_gazebo_classic/package.bash'
[0.947s] INFO:colcon.colcon_core.shell:Creating package script '/home/lukas/ros2_ws/install/leo_gazebo_classic/share/leo_gazebo_classic/package.zsh'
[0.947s] Level 1:colcon.colcon_core.environment:create_file_with_runtime_dependencies(/home/lukas/ros2_ws/install/leo_gazebo_classic/share/colcon-core/packages/leo_gazebo_classic)
[0.973s] DEBUG:colcon.colcon_core.event_handler.log_command:Invoked command in '/home/lukas/ros2_ws/build/teleop' returned '0': CMAKE_PREFIX_PATH=${CMAKE_PREFIX_PATH}:/opt/ros/foxy /usr/bin/cmake --build /home/lukas/ros2_ws/build/teleop -- -j12 -l12
[0.975s] DEBUG:colcon.colcon_core.event_handler.log_command:Invoking command in '/home/lukas/ros2_ws/build/teleop': CMAKE_PREFIX_PATH=${CMAKE_PREFIX_PATH}:/opt/ros/foxy /usr/bin/cmake --install /home/lukas/ros2_ws/build/teleop
[0.993s] Level 1:colcon.colcon_core.environment:create_environment_scripts_only(teleop)
[0.993s] Level 1:colcon.colcon_core.environment:checking '/home/lukas/ros2_ws/install/teleop' for CMake module files
[0.993s] DEBUG:colcon.colcon_core.event_handler.log_command:Invoked command in '/home/lukas/ros2_ws/build/teleop' returned '0': CMAKE_PREFIX_PATH=${CMAKE_PREFIX_PATH}:/opt/ros/foxy /usr/bin/cmake --install /home/lukas/ros2_ws/build/teleop
[0.994s] Level 1:colcon.colcon_core.environment:checking '/home/lukas/ros2_ws/install/teleop' for CMake config files
[0.994s] Level 1:colcon.colcon_core.shell:create_environment_hook('teleop', 'cmake_prefix_path')
[0.994s] INFO:colcon.colcon_core.shell:Creating environment hook '/home/lukas/ros2_ws/install/teleop/share/teleop/hook/cmake_prefix_path.ps1'
[0.995s] INFO:colcon.colcon_core.shell:Creating environment descriptor '/home/lukas/ros2_ws/install/teleop/share/teleop/hook/cmake_prefix_path.dsv'
[0.995s] INFO:colcon.colcon_core.shell:Creating environment hook '/home/lukas/ros2_ws/install/teleop/share/teleop/hook/cmake_prefix_path.sh'
[0.995s] Level 1:colcon.colcon_core.environment:checking '/home/lukas/ros2_ws/install/teleop/lib'
[0.996s] Level 1:colcon.colcon_core.environment:checking '/home/lukas/ros2_ws/install/teleop/bin'
[0.996s] Level 1:colcon.colcon_core.environment:checking '/home/lukas/ros2_ws/install/teleop/lib/pkgconfig/teleop.pc'
[0.996s] Level 1:colcon.colcon_core.environment:checking '/home/lukas/ros2_ws/install/teleop/lib/python3.8/site-packages'
[0.996s] Level 1:colcon.colcon_core.environment:checking '/home/lukas/ros2_ws/install/teleop/bin'
[0.996s] INFO:colcon.colcon_core.shell:Creating package script '/home/lukas/ros2_ws/install/teleop/share/teleop/package.ps1'
[0.997s] INFO:colcon.colcon_core.shell:Creating package descriptor '/home/lukas/ros2_ws/install/teleop/share/teleop/package.dsv'
[0.997s] INFO:colcon.colcon_core.shell:Creating package script '/home/lukas/ros2_ws/install/teleop/share/teleop/package.sh'
[0.997s] INFO:colcon.colcon_core.shell:Creating package script '/home/lukas/ros2_ws/install/teleop/share/teleop/package.bash'
[0.997s] INFO:colcon.colcon_core.shell:Creating package script '/home/lukas/ros2_ws/install/teleop/share/teleop/package.zsh'
[0.998s] Level 1:colcon.colcon_core.environment:create_file_with_runtime_dependencies(/home/lukas/ros2_ws/install/teleop/share/colcon-core/packages/teleop)
[0.998s] Level 1:colcon.colcon_core.environment:create_environment_scripts_only(teleop)
[0.998s] Level 1:colcon.colcon_core.environment:checking '/home/lukas/ros2_ws/install/teleop' for CMake module files
[0.999s] Level 1:colcon.colcon_core.environment:checking '/home/lukas/ros2_ws/install/teleop' for CMake config files
[0.999s] Level 1:colcon.colcon_core.shell:create_environment_hook('teleop', 'cmake_prefix_path')
[0.999s] INFO:colcon.colcon_core.shell:Creating environment hook '/home/lukas/ros2_ws/install/teleop/share/teleop/hook/cmake_prefix_path.ps1'
[0.999s] INFO:colcon.colcon_core.shell:Creating environment descriptor '/home/lukas/ros2_ws/install/teleop/share/teleop/hook/cmake_prefix_path.dsv'
[1.000s] INFO:colcon.colcon_core.shell:Creating environment hook '/home/lukas/ros2_ws/install/teleop/share/teleop/hook/cmake_prefix_path.sh'
[1.000s] Level 1:colcon.colcon_core.environment:checking '/home/lukas/ros2_ws/install/teleop/lib'
[1.000s] Level 1:colcon.colcon_core.environment:checking '/home/lukas/ros2_ws/install/teleop/bin'
[1.000s] Level 1:colcon.colcon_core.environment:checking '/home/lukas/ros2_ws/install/teleop/lib/pkgconfig/teleop.pc'
[1.000s] Level 1:colcon.colcon_core.environment:checking '/home/lukas/ros2_ws/install/teleop/lib/python3.8/site-packages'
[1.000s] Level 1:colcon.colcon_core.environment:checking '/home/lukas/ros2_ws/install/teleop/bin'
[1.001s] INFO:colcon.colcon_core.shell:Creating package script '/home/lukas/ros2_ws/install/teleop/share/teleop/package.ps1'
[1.001s] INFO:colcon.colcon_core.shell:Creating package descriptor '/home/lukas/ros2_ws/install/teleop/share/teleop/package.dsv'
[1.001s] INFO:colcon.colcon_core.shell:Creating package script '/home/lukas/ros2_ws/install/teleop/share/teleop/package.sh'
[1.002s] INFO:colcon.colcon_core.shell:Creating package script '/home/lukas/ros2_ws/install/teleop/share/teleop/package.bash'
[1.002s] INFO:colcon.colcon_core.shell:Creating package script '/home/lukas/ros2_ws/install/teleop/share/teleop/package.zsh'
[1.002s] Level 1:colcon.colcon_core.environment:create_file_with_runtime_dependencies(/home/lukas/ros2_ws/install/teleop/share/colcon-core/packages/teleop)
[1.160s] DEBUG:colcon.colcon_core.event_handler.log_command:Invoked command in '/home/lukas/ros2_ws/build/realsense2_camera_msgs' returned '0': CMAKE_PREFIX_PATH=${CMAKE_PREFIX_PATH}:/opt/ros/foxy /usr/bin/cmake /home/lukas/ros2_ws/src/realsense-ros/realsense2_camera_msgs -DAMENT_CMAKE_SYMLINK_INSTALL=1 -DCMAKE_INSTALL_PREFIX=/home/lukas/ros2_ws/install/realsense2_camera_msgs
[1.161s] DEBUG:colcon.colcon_core.event_handler.log_command:Invoking command in '/home/lukas/ros2_ws/build/realsense2_camera_msgs': CMAKE_PREFIX_PATH=${CMAKE_PREFIX_PATH}:/opt/ros/foxy /usr/bin/cmake --build /home/lukas/ros2_ws/build/realsense2_camera_msgs -- -j12 -l12
[1.310s] DEBUG:colcon.colcon_core.event_handler.log_command:Invoked command in '/home/lukas/ros2_ws/build/realsense2_camera_msgs' returned '0': CMAKE_PREFIX_PATH=${CMAKE_PREFIX_PATH}:/opt/ros/foxy /usr/bin/cmake --build /home/lukas/ros2_ws/build/realsense2_camera_msgs -- -j12 -l12
[1.312s] DEBUG:colcon.colcon_core.event_handler.log_command:Invoking command in '/home/lukas/ros2_ws/build/realsense2_camera_msgs': CMAKE_PREFIX_PATH=${CMAKE_PREFIX_PATH}:/opt/ros/foxy /usr/bin/cmake --install /home/lukas/ros2_ws/build/realsense2_camera_msgs
[1.369s] Level 1:colcon.colcon_core.environment:create_environment_scripts_only(realsense2_camera_msgs)
[1.369s] Level 1:colcon.colcon_core.environment:checking '/home/lukas/ros2_ws/install/realsense2_camera_msgs' for CMake module files
[1.369s] DEBUG:colcon.colcon_core.event_handler.log_command:Invoked command in '/home/lukas/ros2_ws/build/realsense2_camera_msgs' returned '0': CMAKE_PREFIX_PATH=${CMAKE_PREFIX_PATH}:/opt/ros/foxy /usr/bin/cmake --install /home/lukas/ros2_ws/build/realsense2_camera_msgs
[1.370s] Level 1:colcon.colcon_core.environment:checking '/home/lukas/ros2_ws/install/realsense2_camera_msgs' for CMake config files
[1.370s] Level 1:colcon.colcon_core.shell:create_environment_hook('realsense2_camera_msgs', 'cmake_prefix_path')
[1.370s] INFO:colcon.colcon_core.shell:Creating environment hook '/home/lukas/ros2_ws/install/realsense2_camera_msgs/share/realsense2_camera_msgs/hook/cmake_prefix_path.ps1'
[1.370s] INFO:colcon.colcon_core.shell:Creating environment descriptor '/home/lukas/ros2_ws/install/realsense2_camera_msgs/share/realsense2_camera_msgs/hook/cmake_prefix_path.dsv'
[1.371s] INFO:colcon.colcon_core.shell:Creating environment hook '/home/lukas/ros2_ws/install/realsense2_camera_msgs/share/realsense2_camera_msgs/hook/cmake_prefix_path.sh'
[1.371s] Level 1:colcon.colcon_core.environment:checking '/home/lukas/ros2_ws/install/realsense2_camera_msgs/lib'
[1.371s] Level 1:colcon.colcon_core.shell:create_environment_hook('realsense2_camera_msgs', 'ld_library_path_lib')
[1.371s] INFO:colcon.colcon_core.shell:Creating environment hook '/home/lukas/ros2_ws/install/realsense2_camera_msgs/share/realsense2_camera_msgs/hook/ld_library_path_lib.ps1'
[1.372s] INFO:colcon.colcon_core.shell:Creating environment descriptor '/home/lukas/ros2_ws/install/realsense2_camera_msgs/share/realsense2_camera_msgs/hook/ld_library_path_lib.dsv'
[1.372s] INFO:colcon.colcon_core.shell:Creating environment hook '/home/lukas/ros2_ws/install/realsense2_camera_msgs/share/realsense2_camera_msgs/hook/ld_library_path_lib.sh'
[1.372s] Level 1:colcon.colcon_core.environment:checking '/home/lukas/ros2_ws/install/realsense2_camera_msgs/bin'
[1.372s] Level 1:colcon.colcon_core.environment:checking '/home/lukas/ros2_ws/install/realsense2_camera_msgs/lib/pkgconfig/realsense2_camera_msgs.pc'
[1.372s] Level 1:colcon.colcon_core.environment:checking '/home/lukas/ros2_ws/install/realsense2_camera_msgs/lib/python3.8/site-packages'
[1.372s] Level 1:colcon.colcon_core.shell:create_environment_hook('realsense2_camera_msgs', 'pythonpath')
[1.373s] INFO:colcon.colcon_core.shell:Creating environment hook '/home/lukas/ros2_ws/install/realsense2_camera_msgs/share/realsense2_camera_msgs/hook/pythonpath.ps1'
[1.373s] INFO:colcon.colcon_core.shell:Creating environment descriptor '/home/lukas/ros2_ws/install/realsense2_camera_msgs/share/realsense2_camera_msgs/hook/pythonpath.dsv'
[1.373s] INFO:colcon.colcon_core.shell:Creating environment hook '/home/lukas/ros2_ws/install/realsense2_camera_msgs/share/realsense2_camera_msgs/hook/pythonpath.sh'
[1.373s] Level 1:colcon.colcon_core.environment:checking '/home/lukas/ros2_ws/install/realsense2_camera_msgs/bin'
[1.374s] INFO:colcon.colcon_core.shell:Creating package script '/home/lukas/ros2_ws/install/realsense2_camera_msgs/share/realsense2_camera_msgs/package.ps1'
[1.374s] INFO:colcon.colcon_core.shell:Creating package descriptor '/home/lukas/ros2_ws/install/realsense2_camera_msgs/share/realsense2_camera_msgs/package.dsv'
[1.375s] INFO:colcon.colcon_core.shell:Creating package script '/home/lukas/ros2_ws/install/realsense2_camera_msgs/share/realsense2_camera_msgs/package.sh'
[1.375s] INFO:colcon.colcon_core.shell:Creating package script '/home/lukas/ros2_ws/install/realsense2_camera_msgs/share/realsense2_camera_msgs/package.bash'
[1.375s] INFO:colcon.colcon_core.shell:Creating package script '/home/lukas/ros2_ws/install/realsense2_camera_msgs/share/realsense2_camera_msgs/package.zsh'
[1.375s] Level 1:colcon.colcon_core.environment:create_file_with_runtime_dependencies(/home/lukas/ros2_ws/install/realsense2_camera_msgs/share/colcon-core/packages/realsense2_camera_msgs)
[1.376s] Level 1:colcon.colcon_core.environment:create_environment_scripts_only(realsense2_camera_msgs)
[1.376s] Level 1:colcon.colcon_core.environment:checking '/home/lukas/ros2_ws/install/realsense2_camera_msgs' for CMake module files
[1.376s] Level 1:colcon.colcon_core.environment:checking '/home/lukas/ros2_ws/install/realsense2_camera_msgs' for CMake config files
[1.377s] Level 1:colcon.colcon_core.shell:create_environment_hook('realsense2_camera_msgs', 'cmake_prefix_path')
[1.377s] INFO:colcon.colcon_core.shell:Creating environment hook '/home/lukas/ros2_ws/install/realsense2_camera_msgs/share/realsense2_camera_msgs/hook/cmake_prefix_path.ps1'
[1.377s] INFO:colcon.colcon_core.shell:Creating environment descriptor '/home/lukas/ros2_ws/install/realsense2_camera_msgs/share/realsense2_camera_msgs/hook/cmake_prefix_path.dsv'
[1.377s] INFO:colcon.colcon_core.shell:Creating environment hook '/home/lukas/ros2_ws/install/realsense2_camera_msgs/share/realsense2_camera_msgs/hook/cmake_prefix_path.sh'
[1.378s] Level 1:colcon.colcon_core.environment:checking '/home/lukas/ros2_ws/install/realsense2_camera_msgs/lib'
[1.378s] Level 1:colcon.colcon_core.shell:create_environment_hook('realsense2_camera_msgs', 'ld_library_path_lib')
[1.378s] INFO:colcon.colcon_core.shell:Creating environment hook '/home/lukas/ros2_ws/install/realsense2_camera_msgs/share/realsense2_camera_msgs/hook/ld_library_path_lib.ps1'
[1.378s] INFO:colcon.colcon_core.shell:Creating environment descriptor '/home/lukas/ros2_ws/install/realsense2_camera_msgs/share/realsense2_camera_msgs/hook/ld_library_path_lib.dsv'
[1.378s] INFO:colcon.colcon_core.shell:Creating environment hook '/home/lukas/ros2_ws/install/realsense2_camera_msgs/share/realsense2_camera_msgs/hook/ld_library_path_lib.sh'
[1.379s] Level 1:colcon.colcon_core.environment:checking '/home/lukas/ros2_ws/install/realsense2_camera_msgs/bin'
[1.379s] Level 1:colcon.colcon_core.environment:checking '/home/lukas/ros2_ws/install/realsense2_camera_msgs/lib/pkgconfig/realsense2_camera_msgs.pc'
[1.379s] Level 1:colcon.colcon_core.environment:checking '/home/lukas/ros2_ws/install/realsense2_camera_msgs/lib/python3.8/site-packages'
[1.379s] Level 1:colcon.colcon_core.shell:create_environment_hook('realsense2_camera_msgs', 'pythonpath')
[1.379s] INFO:colcon.colcon_core.shell:Creating environment hook '/home/lukas/ros2_ws/install/realsense2_camera_msgs/share/realsense2_camera_msgs/hook/pythonpath.ps1'
[1.379s] INFO:colcon.colcon_core.shell:Creating environment descriptor '/home/lukas/ros2_ws/install/realsense2_camera_msgs/share/realsense2_camera_msgs/hook/pythonpath.dsv'
[1.380s] INFO:colcon.colcon_core.shell:Creating environment hook '/home/lukas/ros2_ws/install/realsense2_camera_msgs/share/realsense2_camera_msgs/hook/pythonpath.sh'
[1.380s] Level 1:colcon.colcon_core.environment:checking '/home/lukas/ros2_ws/install/realsense2_camera_msgs/bin'
[1.380s] INFO:colcon.colcon_core.shell:Creating package script '/home/lukas/ros2_ws/install/realsense2_camera_msgs/share/realsense2_camera_msgs/package.ps1'
[1.381s] INFO:colcon.colcon_core.shell:Creating package descriptor '/home/lukas/ros2_ws/install/realsense2_camera_msgs/share/realsense2_camera_msgs/package.dsv'
[1.381s] INFO:colcon.colcon_core.shell:Creating package script '/home/lukas/ros2_ws/install/realsense2_camera_msgs/share/realsense2_camera_msgs/package.sh'
[1.381s] INFO:colcon.colcon_core.shell:Creating package script '/home/lukas/ros2_ws/install/realsense2_camera_msgs/share/realsense2_camera_msgs/package.bash'
[1.382s] INFO:colcon.colcon_core.shell:Creating package script '/home/lukas/ros2_ws/install/realsense2_camera_msgs/share/realsense2_camera_msgs/package.zsh'
[1.382s] Level 1:colcon.colcon_core.environment:create_file_with_runtime_dependencies(/home/lukas/ros2_ws/install/realsense2_camera_msgs/share/colcon-core/packages/realsense2_camera_msgs)
[1.382s] INFO:colcon.colcon_ros.task.ament_cmake.build:Building ROS package in '/home/lukas/ros2_ws/src/realsense-ros/realsense2_camera' with build type 'ament_cmake'
[1.382s] INFO:colcon.colcon_cmake.task.cmake.build:Building CMake package in '/home/lukas/ros2_ws/src/realsense-ros/realsense2_camera'
[1.383s] INFO:colcon.colcon_core.shell:Skip shell extension 'powershell' for command environment: Not usable outside of PowerShell
[1.383s] DEBUG:colcon.colcon_core.shell:Skip shell extension 'dsv' for command environment
[1.386s] INFO:colcon.colcon_ros.task.ament_cmake.build:Building ROS package in '/home/lukas/ros2_ws/src/realsense-ros/realsense2_description' with build type 'ament_cmake'
[1.387s] INFO:colcon.colcon_cmake.task.cmake.build:Building CMake package in '/home/lukas/ros2_ws/src/realsense-ros/realsense2_description'
[1.387s] INFO:colcon.colcon_core.shell:Skip shell extension 'powershell' for command environment: Not usable outside of PowerShell
[1.387s] DEBUG:colcon.colcon_core.shell:Skip shell extension 'dsv' for command environment
[1.394s] DEBUG:colcon.colcon_core.event_handler.log_command:Invoking command in '/home/lukas/ros2_ws/build/realsense2_camera': CMAKE_PREFIX_PATH=/home/lukas/ros2_ws/install/realsense2_camera_msgs:/home/lukas/ros2_ws/install/teleop:/home/lukas/ros2_ws/install/realsense2_description:/home/lukas/ros2_ws/install/realsense2_camera:/home/lukas/ros2_ws/install/leo_gazebo_classic:/opt/ros/foxy: LD_LIBRARY_PATH=/home/lukas/ros2_ws/install/realsense2_camera_msgs/lib:/home/lukas/ros2_ws/install/realsense2_camera/lib:/opt/ros/foxy/opt/yaml_cpp_vendor/lib:/opt/ros/foxy/opt/rviz_ogre_vendor/lib:/opt/ros/foxy/lib/x86_64-linux-gnu:/opt/ros/foxy/lib:/usr/lib/x86_64-linux-gnu/gazebo-11/plugins PYTHONPATH=/home/lukas/ros2_ws/install/realsense2_camera_msgs/lib/python3.8/site-packages:/opt/ros/foxy/lib/python3.8/site-packages /usr/bin/cmake /home/lukas/ros2_ws/src/realsense-ros/realsense2_camera -DAMENT_CMAKE_SYMLINK_INSTALL=1 -DCMAKE_INSTALL_PREFIX=/home/lukas/ros2_ws/install/realsense2_camera
[1.397s] DEBUG:colcon.colcon_core.event_handler.log_command:Invoking command in '/home/lukas/ros2_ws/build/realsense2_description': CMAKE_PREFIX_PATH=/home/lukas/ros2_ws/install/realsense2_camera_msgs:/home/lukas/ros2_ws/install/teleop:/home/lukas/ros2_ws/install/realsense2_description:/home/lukas/ros2_ws/install/realsense2_camera:/home/lukas/ros2_ws/install/leo_gazebo_classic:/opt/ros/foxy: LD_LIBRARY_PATH=/home/lukas/ros2_ws/install/realsense2_camera_msgs/lib:/home/lukas/ros2_ws/install/realsense2_camera/lib:/opt/ros/foxy/opt/yaml_cpp_vendor/lib:/opt/ros/foxy/opt/rviz_ogre_vendor/lib:/opt/ros/foxy/lib/x86_64-linux-gnu:/opt/ros/foxy/lib:/usr/lib/x86_64-linux-gnu/gazebo-11/plugins PYTHONPATH=/home/lukas/ros2_ws/install/realsense2_camera_msgs/lib/python3.8/site-packages:/opt/ros/foxy/lib/python3.8/site-packages /usr/bin/cmake /home/lukas/ros2_ws/src/realsense-ros/realsense2_description -DAMENT_CMAKE_SYMLINK_INSTALL=1 -DCMAKE_INSTALL_PREFIX=/home/lukas/ros2_ws/install/realsense2_description
[1.605s] DEBUG:colcon.colcon_core.event_handler.log_command:Invoked command in '/home/lukas/ros2_ws/build/realsense2_description' returned '0': CMAKE_PREFIX_PATH=/home/lukas/ros2_ws/install/realsense2_camera_msgs:/home/lukas/ros2_ws/install/teleop:/home/lukas/ros2_ws/install/realsense2_description:/home/lukas/ros2_ws/install/realsense2_camera:/home/lukas/ros2_ws/install/leo_gazebo_classic:/opt/ros/foxy: LD_LIBRARY_PATH=/home/lukas/ros2_ws/install/realsense2_camera_msgs/lib:/home/lukas/ros2_ws/install/realsense2_camera/lib:/opt/ros/foxy/opt/yaml_cpp_vendor/lib:/opt/ros/foxy/opt/rviz_ogre_vendor/lib:/opt/ros/foxy/lib/x86_64-linux-gnu:/opt/ros/foxy/lib:/usr/lib/x86_64-linux-gnu/gazebo-11/plugins PYTHONPATH=/home/lukas/ros2_ws/install/realsense2_camera_msgs/lib/python3.8/site-packages:/opt/ros/foxy/lib/python3.8/site-packages /usr/bin/cmake /home/lukas/ros2_ws/src/realsense-ros/realsense2_description -DAMENT_CMAKE_SYMLINK_INSTALL=1 -DCMAKE_INSTALL_PREFIX=/home/lukas/ros2_ws/install/realsense2_description
[1.607s] DEBUG:colcon.colcon_core.event_handler.log_command:Invoking command in '/home/lukas/ros2_ws/build/realsense2_description': CMAKE_PREFIX_PATH=/home/lukas/ros2_ws/install/realsense2_camera_msgs:/home/lukas/ros2_ws/install/teleop:/home/lukas/ros2_ws/install/realsense2_description:/home/lukas/ros2_ws/install/realsense2_camera:/home/lukas/ros2_ws/install/leo_gazebo_classic:/opt/ros/foxy: LD_LIBRARY_PATH=/home/lukas/ros2_ws/install/realsense2_camera_msgs/lib:/home/lukas/ros2_ws/install/realsense2_camera/lib:/opt/ros/foxy/opt/yaml_cpp_vendor/lib:/opt/ros/foxy/opt/rviz_ogre_vendor/lib:/opt/ros/foxy/lib/x86_64-linux-gnu:/opt/ros/foxy/lib:/usr/lib/x86_64-linux-gnu/gazebo-11/plugins PYTHONPATH=/home/lukas/ros2_ws/install/realsense2_camera_msgs/lib/python3.8/site-packages:/opt/ros/foxy/lib/python3.8/site-packages /usr/bin/cmake --build /home/lukas/ros2_ws/build/realsense2_description -- -j12 -l12
[1.633s] DEBUG:colcon.colcon_core.event_handler.log_command:Invoked command in '/home/lukas/ros2_ws/build/realsense2_description' returned '0': CMAKE_PREFIX_PATH=/home/lukas/ros2_ws/install/realsense2_camera_msgs:/home/lukas/ros2_ws/install/teleop:/home/lukas/ros2_ws/install/realsense2_description:/home/lukas/ros2_ws/install/realsense2_camera:/home/lukas/ros2_ws/install/leo_gazebo_classic:/opt/ros/foxy: LD_LIBRARY_PATH=/home/lukas/ros2_ws/install/realsense2_camera_msgs/lib:/home/lukas/ros2_ws/install/realsense2_camera/lib:/opt/ros/foxy/opt/yaml_cpp_vendor/lib:/opt/ros/foxy/opt/rviz_ogre_vendor/lib:/opt/ros/foxy/lib/x86_64-linux-gnu:/opt/ros/foxy/lib:/usr/lib/x86_64-linux-gnu/gazebo-11/plugins PYTHONPATH=/home/lukas/ros2_ws/install/realsense2_camera_msgs/lib/python3.8/site-packages:/opt/ros/foxy/lib/python3.8/site-packages /usr/bin/cmake --build /home/lukas/ros2_ws/build/realsense2_description -- -j12 -l12
[1.635s] DEBUG:colcon.colcon_core.event_handler.log_command:Invoking command in '/home/lukas/ros2_ws/build/realsense2_description': CMAKE_PREFIX_PATH=/home/lukas/ros2_ws/install/realsense2_camera_msgs:/home/lukas/ros2_ws/install/teleop:/home/lukas/ros2_ws/install/realsense2_description:/home/lukas/ros2_ws/install/realsense2_camera:/home/lukas/ros2_ws/install/leo_gazebo_classic:/opt/ros/foxy: LD_LIBRARY_PATH=/home/lukas/ros2_ws/install/realsense2_camera_msgs/lib:/home/lukas/ros2_ws/install/realsense2_camera/lib:/opt/ros/foxy/opt/yaml_cpp_vendor/lib:/opt/ros/foxy/opt/rviz_ogre_vendor/lib:/opt/ros/foxy/lib/x86_64-linux-gnu:/opt/ros/foxy/lib:/usr/lib/x86_64-linux-gnu/gazebo-11/plugins PYTHONPATH=/home/lukas/ros2_ws/install/realsense2_camera_msgs/lib/python3.8/site-packages:/opt/ros/foxy/lib/python3.8/site-packages /usr/bin/cmake --install /home/lukas/ros2_ws/build/realsense2_description
[1.655s] Level 1:colcon.colcon_core.environment:create_environment_scripts_only(realsense2_description)
[1.656s] Level 1:colcon.colcon_core.environment:checking '/home/lukas/ros2_ws/install/realsense2_description' for CMake module files
[1.656s] DEBUG:colcon.colcon_core.event_handler.log_command:Invoked command in '/home/lukas/ros2_ws/build/realsense2_description' returned '0': CMAKE_PREFIX_PATH=/home/lukas/ros2_ws/install/realsense2_camera_msgs:/home/lukas/ros2_ws/install/teleop:/home/lukas/ros2_ws/install/realsense2_description:/home/lukas/ros2_ws/install/realsense2_camera:/home/lukas/ros2_ws/install/leo_gazebo_classic:/opt/ros/foxy: LD_LIBRARY_PATH=/home/lukas/ros2_ws/install/realsense2_camera_msgs/lib:/home/lukas/ros2_ws/install/realsense2_camera/lib:/opt/ros/foxy/opt/yaml_cpp_vendor/lib:/opt/ros/foxy/opt/rviz_ogre_vendor/lib:/opt/ros/foxy/lib/x86_64-linux-gnu:/opt/ros/foxy/lib:/usr/lib/x86_64-linux-gnu/gazebo-11/plugins PYTHONPATH=/home/lukas/ros2_ws/install/realsense2_camera_msgs/lib/python3.8/site-packages:/opt/ros/foxy/lib/python3.8/site-packages /usr/bin/cmake --install /home/lukas/ros2_ws/build/realsense2_description
[1.656s] Level 1:colcon.colcon_core.environment:checking '/home/lukas/ros2_ws/install/realsense2_description' for CMake config files
[1.657s] Level 1:colcon.colcon_core.shell:create_environment_hook('realsense2_description', 'cmake_prefix_path')
[1.657s] INFO:colcon.colcon_core.shell:Creating environment hook '/home/lukas/ros2_ws/install/realsense2_description/share/realsense2_description/hook/cmake_prefix_path.ps1'
[1.657s] INFO:colcon.colcon_core.shell:Creating environment descriptor '/home/lukas/ros2_ws/install/realsense2_description/share/realsense2_description/hook/cmake_prefix_path.dsv'
[1.658s] INFO:colcon.colcon_core.shell:Creating environment hook '/home/lukas/ros2_ws/install/realsense2_description/share/realsense2_description/hook/cmake_prefix_path.sh'
[1.658s] Level 1:colcon.colcon_core.environment:checking '/home/lukas/ros2_ws/install/realsense2_description/bin'
[1.658s] Level 1:colcon.colcon_core.environment:checking '/home/lukas/ros2_ws/install/realsense2_description/lib/pkgconfig/realsense2_description.pc'
[1.658s] Level 1:colcon.colcon_core.environment:checking '/home/lukas/ros2_ws/install/realsense2_description/lib/python3.8/site-packages'
[1.658s] Level 1:colcon.colcon_core.environment:checking '/home/lukas/ros2_ws/install/realsense2_description/bin'
[1.659s] INFO:colcon.colcon_core.shell:Creating package script '/home/lukas/ros2_ws/install/realsense2_description/share/realsense2_description/package.ps1'
[1.659s] INFO:colcon.colcon_core.shell:Creating package descriptor '/home/lukas/ros2_ws/install/realsense2_description/share/realsense2_description/package.dsv'
[1.659s] INFO:colcon.colcon_core.shell:Creating package script '/home/lukas/ros2_ws/install/realsense2_description/share/realsense2_description/package.sh'
[1.660s] INFO:colcon.colcon_core.shell:Creating package script '/home/lukas/ros2_ws/install/realsense2_description/share/realsense2_description/package.bash'
[1.660s] INFO:colcon.colcon_core.shell:Creating package script '/home/lukas/ros2_ws/install/realsense2_description/share/realsense2_description/package.zsh'
[1.660s] Level 1:colcon.colcon_core.environment:create_file_with_runtime_dependencies(/home/lukas/ros2_ws/install/realsense2_description/share/colcon-core/packages/realsense2_description)
[1.661s] Level 1:colcon.colcon_core.environment:create_environment_scripts_only(realsense2_description)
[1.661s] Level 1:colcon.colcon_core.environment:checking '/home/lukas/ros2_ws/install/realsense2_description' for CMake module files
[1.661s] Level 1:colcon.colcon_core.environment:checking '/home/lukas/ros2_ws/install/realsense2_description' for CMake config files
[1.661s] Level 1:colcon.colcon_core.shell:create_environment_hook('realsense2_description', 'cmake_prefix_path')
[1.662s] INFO:colcon.colcon_core.shell:Creating environment hook '/home/lukas/ros2_ws/install/realsense2_description/share/realsense2_description/hook/cmake_prefix_path.ps1'
[1.662s] INFO:colcon.colcon_core.shell:Creating environment descriptor '/home/lukas/ros2_ws/install/realsense2_description/share/realsense2_description/hook/cmake_prefix_path.dsv'
[1.662s] INFO:colcon.colcon_core.shell:Creating environment hook '/home/lukas/ros2_ws/install/realsense2_description/share/realsense2_description/hook/cmake_prefix_path.sh'
[1.662s] Level 1:colcon.colcon_core.environment:checking '/home/lukas/ros2_ws/install/realsense2_description/bin'
[1.662s] Level 1:colcon.colcon_core.environment:checking '/home/lukas/ros2_ws/install/realsense2_description/lib/pkgconfig/realsense2_description.pc'
[1.663s] Level 1:colcon.colcon_core.environment:checking '/home/lukas/ros2_ws/install/realsense2_description/lib/python3.8/site-packages'
[1.663s] Level 1:colcon.colcon_core.environment:checking '/home/lukas/ros2_ws/install/realsense2_description/bin'
[1.663s] INFO:colcon.colcon_core.shell:Creating package script '/home/lukas/ros2_ws/install/realsense2_description/share/realsense2_description/package.ps1'
[1.663s] INFO:colcon.colcon_core.shell:Creating package descriptor '/home/lukas/ros2_ws/install/realsense2_description/share/realsense2_description/package.dsv'
[1.664s] INFO:colcon.colcon_core.shell:Creating package script '/home/lukas/ros2_ws/install/realsense2_description/share/realsense2_description/package.sh'
[1.664s] INFO:colcon.colcon_core.shell:Creating package script '/home/lukas/ros2_ws/install/realsense2_description/share/realsense2_description/package.bash'
[1.665s] INFO:colcon.colcon_core.shell:Creating package script '/home/lukas/ros2_ws/install/realsense2_description/share/realsense2_description/package.zsh'
[1.665s] Level 1:colcon.colcon_core.environment:create_file_with_runtime_dependencies(/home/lukas/ros2_ws/install/realsense2_description/share/colcon-core/packages/realsense2_description)
[2.507s] DEBUG:colcon.colcon_core.event_handler.log_command:Invoked command in '/home/lukas/ros2_ws/build/realsense2_camera' returned '0': CMAKE_PREFIX_PATH=/home/lukas/ros2_ws/install/realsense2_camera_msgs:/home/lukas/ros2_ws/install/teleop:/home/lukas/ros2_ws/install/realsense2_description:/home/lukas/ros2_ws/install/realsense2_camera:/home/lukas/ros2_ws/install/leo_gazebo_classic:/opt/ros/foxy: LD_LIBRARY_PATH=/home/lukas/ros2_ws/install/realsense2_camera_msgs/lib:/home/lukas/ros2_ws/install/realsense2_camera/lib:/opt/ros/foxy/opt/yaml_cpp_vendor/lib:/opt/ros/foxy/opt/rviz_ogre_vendor/lib:/opt/ros/foxy/lib/x86_64-linux-gnu:/opt/ros/foxy/lib:/usr/lib/x86_64-linux-gnu/gazebo-11/plugins PYTHONPATH=/home/lukas/ros2_ws/install/realsense2_camera_msgs/lib/python3.8/site-packages:/opt/ros/foxy/lib/python3.8/site-packages /usr/bin/cmake /home/lukas/ros2_ws/src/realsense-ros/realsense2_camera -DAMENT_CMAKE_SYMLINK_INSTALL=1 -DCMAKE_INSTALL_PREFIX=/home/lukas/ros2_ws/install/realsense2_camera
[2.509s] DEBUG:colcon.colcon_core.event_handler.log_command:Invoking command in '/home/lukas/ros2_ws/build/realsense2_camera': CMAKE_PREFIX_PATH=/home/lukas/ros2_ws/install/realsense2_camera_msgs:/home/lukas/ros2_ws/install/teleop:/home/lukas/ros2_ws/install/realsense2_description:/home/lukas/ros2_ws/install/realsense2_camera:/home/lukas/ros2_ws/install/leo_gazebo_classic:/opt/ros/foxy: LD_LIBRARY_PATH=/home/lukas/ros2_ws/install/realsense2_camera_msgs/lib:/home/lukas/ros2_ws/install/realsense2_camera/lib:/opt/ros/foxy/opt/yaml_cpp_vendor/lib:/opt/ros/foxy/opt/rviz_ogre_vendor/lib:/opt/ros/foxy/lib/x86_64-linux-gnu:/opt/ros/foxy/lib:/usr/lib/x86_64-linux-gnu/gazebo-11/plugins PYTHONPATH=/home/lukas/ros2_ws/install/realsense2_camera_msgs/lib/python3.8/site-packages:/opt/ros/foxy/lib/python3.8/site-packages /usr/bin/cmake --build /home/lukas/ros2_ws/build/realsense2_camera -- -j12 -l12
[2.568s] DEBUG:colcon.colcon_core.event_handler.log_command:Invoked command in '/home/lukas/ros2_ws/build/realsense2_camera' returned '0': CMAKE_PREFIX_PATH=/home/lukas/ros2_ws/install/realsense2_camera_msgs:/home/lukas/ros2_ws/install/teleop:/home/lukas/ros2_ws/install/realsense2_description:/home/lukas/ros2_ws/install/realsense2_camera:/home/lukas/ros2_ws/install/leo_gazebo_classic:/opt/ros/foxy: LD_LIBRARY_PATH=/home/lukas/ros2_ws/install/realsense2_camera_msgs/lib:/home/lukas/ros2_ws/install/realsense2_camera/lib:/opt/ros/foxy/opt/yaml_cpp_vendor/lib:/opt/ros/foxy/opt/rviz_ogre_vendor/lib:/opt/ros/foxy/lib/x86_64-linux-gnu:/opt/ros/foxy/lib:/usr/lib/x86_64-linux-gnu/gazebo-11/plugins PYTHONPATH=/home/lukas/ros2_ws/install/realsense2_camera_msgs/lib/python3.8/site-packages:/opt/ros/foxy/lib/python3.8/site-packages /usr/bin/cmake --build /home/lukas/ros2_ws/build/realsense2_camera -- -j12 -l12
[2.570s] DEBUG:colcon.colcon_core.event_handler.log_command:Invoking command in '/home/lukas/ros2_ws/build/realsense2_camera': CMAKE_PREFIX_PATH=/home/lukas/ros2_ws/install/realsense2_camera_msgs:/home/lukas/ros2_ws/install/teleop:/home/lukas/ros2_ws/install/realsense2_description:/home/lukas/ros2_ws/install/realsense2_camera:/home/lukas/ros2_ws/install/leo_gazebo_classic:/opt/ros/foxy: LD_LIBRARY_PATH=/home/lukas/ros2_ws/install/realsense2_camera_msgs/lib:/home/lukas/ros2_ws/install/realsense2_camera/lib:/opt/ros/foxy/opt/yaml_cpp_vendor/lib:/opt/ros/foxy/opt/rviz_ogre_vendor/lib:/opt/ros/foxy/lib/x86_64-linux-gnu:/opt/ros/foxy/lib:/usr/lib/x86_64-linux-gnu/gazebo-11/plugins PYTHONPATH=/home/lukas/ros2_ws/install/realsense2_camera_msgs/lib/python3.8/site-packages:/opt/ros/foxy/lib/python3.8/site-packages /usr/bin/cmake --install /home/lukas/ros2_ws/build/realsense2_camera
[2.590s] Level 1:colcon.colcon_core.environment:create_environment_scripts_only(realsense2_camera)
[2.590s] Level 1:colcon.colcon_core.environment:checking '/home/lukas/ros2_ws/install/realsense2_camera' for CMake module files
[2.591s] DEBUG:colcon.colcon_core.event_handler.log_command:Invoked command in '/home/lukas/ros2_ws/build/realsense2_camera' returned '0': CMAKE_PREFIX_PATH=/home/lukas/ros2_ws/install/realsense2_camera_msgs:/home/lukas/ros2_ws/install/teleop:/home/lukas/ros2_ws/install/realsense2_description:/home/lukas/ros2_ws/install/realsense2_camera:/home/lukas/ros2_ws/install/leo_gazebo_classic:/opt/ros/foxy: LD_LIBRARY_PATH=/home/lukas/ros2_ws/install/realsense2_camera_msgs/lib:/home/lukas/ros2_ws/install/realsense2_camera/lib:/opt/ros/foxy/opt/yaml_cpp_vendor/lib:/opt/ros/foxy/opt/rviz_ogre_vendor/lib:/opt/ros/foxy/lib/x86_64-linux-gnu:/opt/ros/foxy/lib:/usr/lib/x86_64-linux-gnu/gazebo-11/plugins PYTHONPATH=/home/lukas/ros2_ws/install/realsense2_camera_msgs/lib/python3.8/site-packages:/opt/ros/foxy/lib/python3.8/site-packages /usr/bin/cmake --install /home/lukas/ros2_ws/build/realsense2_camera
[2.591s] Level 1:colcon.colcon_core.environment:checking '/home/lukas/ros2_ws/install/realsense2_camera' for CMake config files
[2.591s] Level 1:colcon.colcon_core.shell:create_environment_hook('realsense2_camera', 'cmake_prefix_path')
[2.591s] INFO:colcon.colcon_core.shell:Creating environment hook '/home/lukas/ros2_ws/install/realsense2_camera/share/realsense2_camera/hook/cmake_prefix_path.ps1'
[2.592s] INFO:colcon.colcon_core.shell:Creating environment descriptor '/home/lukas/ros2_ws/install/realsense2_camera/share/realsense2_camera/hook/cmake_prefix_path.dsv'
[2.592s] INFO:colcon.colcon_core.shell:Creating environment hook '/home/lukas/ros2_ws/install/realsense2_camera/share/realsense2_camera/hook/cmake_prefix_path.sh'
[2.592s] Level 1:colcon.colcon_core.environment:checking '/home/lukas/ros2_ws/install/realsense2_camera/lib'
[2.593s] Level 1:colcon.colcon_core.shell:create_environment_hook('realsense2_camera', 'ld_library_path_lib')
[2.593s] INFO:colcon.colcon_core.shell:Creating environment hook '/home/lukas/ros2_ws/install/realsense2_camera/share/realsense2_camera/hook/ld_library_path_lib.ps1'
[2.593s] INFO:colcon.colcon_core.shell:Creating environment descriptor '/home/lukas/ros2_ws/install/realsense2_camera/share/realsense2_camera/hook/ld_library_path_lib.dsv'
[2.593s] INFO:colcon.colcon_core.shell:Creating environment hook '/home/lukas/ros2_ws/install/realsense2_camera/share/realsense2_camera/hook/ld_library_path_lib.sh'
[2.593s] Level 1:colcon.colcon_core.environment:checking '/home/lukas/ros2_ws/install/realsense2_camera/bin'
[2.594s] Level 1:colcon.colcon_core.environment:checking '/home/lukas/ros2_ws/install/realsense2_camera/lib/pkgconfig/realsense2_camera.pc'
[2.594s] Level 1:colcon.colcon_core.environment:checking '/home/lukas/ros2_ws/install/realsense2_camera/lib/python3.8/site-packages'
[2.594s] Level 1:colcon.colcon_core.environment:checking '/home/lukas/ros2_ws/install/realsense2_camera/bin'
[2.594s] INFO:colcon.colcon_core.shell:Creating package script '/home/lukas/ros2_ws/install/realsense2_camera/share/realsense2_camera/package.ps1'
[2.594s] INFO:colcon.colcon_core.shell:Creating package descriptor '/home/lukas/ros2_ws/install/realsense2_camera/share/realsense2_camera/package.dsv'
[2.595s] INFO:colcon.colcon_core.shell:Creating package script '/home/lukas/ros2_ws/install/realsense2_camera/share/realsense2_camera/package.sh'
[2.595s] INFO:colcon.colcon_core.shell:Creating package script '/home/lukas/ros2_ws/install/realsense2_camera/share/realsense2_camera/package.bash'
[2.595s] INFO:colcon.colcon_core.shell:Creating package script '/home/lukas/ros2_ws/install/realsense2_camera/share/realsense2_camera/package.zsh'
[2.596s] Level 1:colcon.colcon_core.environment:create_file_with_runtime_dependencies(/home/lukas/ros2_ws/install/realsense2_camera/share/colcon-core/packages/realsense2_camera)
[2.596s] Level 1:colcon.colcon_core.environment:create_environment_scripts_only(realsense2_camera)
[2.596s] Level 1:colcon.colcon_core.environment:checking '/home/lukas/ros2_ws/install/realsense2_camera' for CMake module files
[2.597s] Level 1:colcon.colcon_core.environment:checking '/home/lukas/ros2_ws/install/realsense2_camera' for CMake config files
[2.597s] Level 1:colcon.colcon_core.shell:create_environment_hook('realsense2_camera', 'cmake_prefix_path')
[2.597s] INFO:colcon.colcon_core.shell:Creating environment hook '/home/lukas/ros2_ws/install/realsense2_camera/share/realsense2_camera/hook/cmake_prefix_path.ps1'
[2.597s] INFO:colcon.colcon_core.shell:Creating environment descriptor '/home/lukas/ros2_ws/install/realsense2_camera/share/realsense2_camera/hook/cmake_prefix_path.dsv'
[2.597s] INFO:colcon.colcon_core.shell:Creating environment hook '/home/lukas/ros2_ws/install/realsense2_camera/share/realsense2_camera/hook/cmake_prefix_path.sh'
[2.598s] Level 1:colcon.colcon_core.environment:checking '/home/lukas/ros2_ws/install/realsense2_camera/lib'
[2.598s] Level 1:colcon.colcon_core.shell:create_environment_hook('realsense2_camera', 'ld_library_path_lib')
[2.598s] INFO:colcon.colcon_core.shell:Creating environment hook '/home/lukas/ros2_ws/install/realsense2_camera/share/realsense2_camera/hook/ld_library_path_lib.ps1'
[2.598s] INFO:colcon.colcon_core.shell:Creating environment descriptor '/home/lukas/ros2_ws/install/realsense2_camera/share/realsense2_camera/hook/ld_library_path_lib.dsv'
[2.599s] INFO:colcon.colcon_core.shell:Creating environment hook '/home/lukas/ros2_ws/install/realsense2_camera/share/realsense2_camera/hook/ld_library_path_lib.sh'
[2.599s] Level 1:colcon.colcon_core.environment:checking '/home/lukas/ros2_ws/install/realsense2_camera/bin'
[2.599s] Level 1:colcon.colcon_core.environment:checking '/home/lukas/ros2_ws/install/realsense2_camera/lib/pkgconfig/realsense2_camera.pc'
[2.599s] Level 1:colcon.colcon_core.environment:checking '/home/lukas/ros2_ws/install/realsense2_camera/lib/python3.8/site-packages'
[2.599s] Level 1:colcon.colcon_core.environment:checking '/home/lukas/ros2_ws/install/realsense2_camera/bin'
[2.599s] INFO:colcon.colcon_core.shell:Creating package script '/home/lukas/ros2_ws/install/realsense2_camera/share/realsense2_camera/package.ps1'
[2.600s] INFO:colcon.colcon_core.shell:Creating package descriptor '/home/lukas/ros2_ws/install/realsense2_camera/share/realsense2_camera/package.dsv'
[2.600s] INFO:colcon.colcon_core.shell:Creating package script '/home/lukas/ros2_ws/install/realsense2_camera/share/realsense2_camera/package.sh'
[2.601s] INFO:colcon.colcon_core.shell:Creating package script '/home/lukas/ros2_ws/install/realsense2_camera/share/realsense2_camera/package.bash'
[2.601s] INFO:colcon.colcon_core.shell:Creating package script '/home/lukas/ros2_ws/install/realsense2_camera/share/realsense2_camera/package.zsh'
[2.601s] Level 1:colcon.colcon_core.environment:create_file_with_runtime_dependencies(/home/lukas/ros2_ws/install/realsense2_camera/share/colcon-core/packages/realsense2_camera)
[2.601s] DEBUG:colcon.colcon_parallel_executor.executor.parallel:closing loop
[2.602s] DEBUG:colcon.colcon_parallel_executor.executor.parallel:loop closed
[2.602s] DEBUG:colcon.colcon_parallel_executor.executor.parallel:run_until_complete finished with '0'
[2.602s] DEBUG:colcon.colcon_core.event_reactor:joining thread
[2.606s] INFO:colcon.colcon_core.plugin_system:Skipping extension 'colcon_notification.desktop_notification.terminal_notifier': Not used on non-Darwin systems
[2.606s] INFO:colcon.colcon_core.plugin_system:Skipping extension 'colcon_notification.desktop_notification.win32': Not used on non-Windows systems
[2.606s] INFO:colcon.colcon_notification.desktop_notification:Sending desktop notification using 'notify2'
[2.617s] DEBUG:colcon.colcon_core.event_reactor:joined thread
[2.618s] INFO:colcon.colcon_core.shell:Creating prefix script '/home/lukas/ros2_ws/install/local_setup.ps1'
[2.618s] INFO:colcon.colcon_core.shell:Creating prefix util module '/home/lukas/ros2_ws/install/_local_setup_util_ps1.py'
[2.619s] INFO:colcon.colcon_core.shell:Creating prefix chain script '/home/lukas/ros2_ws/install/setup.ps1'
[2.620s] INFO:colcon.colcon_core.shell:Creating prefix script '/home/lukas/ros2_ws/install/local_setup.sh'
[2.621s] INFO:colcon.colcon_core.shell:Creating prefix util module '/home/lukas/ros2_ws/install/_local_setup_util_sh.py'
[2.621s] INFO:colcon.colcon_core.shell:Creating prefix chain script '/home/lukas/ros2_ws/install/setup.sh'
[2.622s] INFO:colcon.colcon_core.shell:Creating prefix script '/home/lukas/ros2_ws/install/local_setup.bash'
[2.622s] INFO:colcon.colcon_core.shell:Creating prefix chain script '/home/lukas/ros2_ws/install/setup.bash'
[2.623s] INFO:colcon.colcon_core.shell:Creating prefix script '/home/lukas/ros2_ws/install/local_setup.zsh'
[2.624s] INFO:colcon.colcon_core.shell:Creating prefix chain script '/home/lukas/ros2_ws/install/setup.zsh'
