[0.011s] Invoking command in '/home/lukas/ros2_ws/build/realsense2_camera': CMAKE_PREFIX_PATH=/home/lukas/ros2_ws/install/realsense2_camera_msgs:/home/lukas/ros2_ws/install/teleop:/home/lukas/ros2_ws/install/realsense2_description:/home/lukas/ros2_ws/install/realsense2_camera:/home/lukas/ros2_ws/install/leo_gazebo_classic:/opt/ros/foxy: LD_LIBRARY_PATH=/home/lukas/ros2_ws/install/realsense2_camera_msgs/lib:/home/lukas/ros2_ws/install/realsense2_camera/lib:/opt/ros/foxy/opt/yaml_cpp_vendor/lib:/opt/ros/foxy/opt/rviz_ogre_vendor/lib:/opt/ros/foxy/lib/x86_64-linux-gnu:/opt/ros/foxy/lib:/usr/lib/x86_64-linux-gnu/gazebo-11/plugins PYTHONPATH=/home/lukas/ros2_ws/install/realsense2_camera_msgs/lib/python3.8/site-packages:/opt/ros/foxy/lib/python3.8/site-packages /usr/bin/cmake --build /home/lukas/ros2_ws/build/realsense2_camera -- -j12 -l12
[0.056s] [ 33%] Built target realsense2_camera_node
[0.069s] [100%] Built target realsense2_camera
[0.077s] Invoked command in '/home/lukas/ros2_ws/build/realsense2_camera' returned '0': CMAKE_PREFIX_PATH=/home/lukas/ros2_ws/install/realsense2_camera_msgs:/home/lukas/ros2_ws/install/teleop:/home/lukas/ros2_ws/install/realsense2_description:/home/lukas/ros2_ws/install/realsense2_camera:/home/lukas/ros2_ws/install/leo_gazebo_classic:/opt/ros/foxy: LD_LIBRARY_PATH=/home/lukas/ros2_ws/install/realsense2_camera_msgs/lib:/home/lukas/ros2_ws/install/realsense2_camera/lib:/opt/ros/foxy/opt/yaml_cpp_vendor/lib:/opt/ros/foxy/opt/rviz_ogre_vendor/lib:/opt/ros/foxy/lib/x86_64-linux-gnu:/opt/ros/foxy/lib:/usr/lib/x86_64-linux-gnu/gazebo-11/plugins PYTHONPATH=/home/lukas/ros2_ws/install/realsense2_camera_msgs/lib/python3.8/site-packages:/opt/ros/foxy/lib/python3.8/site-packages /usr/bin/cmake --build /home/lukas/ros2_ws/build/realsense2_camera -- -j12 -l12
[0.078s] Invoking command in '/home/lukas/ros2_ws/build/realsense2_camera': CMAKE_PREFIX_PATH=/home/lukas/ros2_ws/install/realsense2_camera_msgs:/home/lukas/ros2_ws/install/teleop:/home/lukas/ros2_ws/install/realsense2_description:/home/lukas/ros2_ws/install/realsense2_camera:/home/lukas/ros2_ws/install/leo_gazebo_classic:/opt/ros/foxy: LD_LIBRARY_PATH=/home/lukas/ros2_ws/install/realsense2_camera_msgs/lib:/home/lukas/ros2_ws/install/realsense2_camera/lib:/opt/ros/foxy/opt/yaml_cpp_vendor/lib:/opt/ros/foxy/opt/rviz_ogre_vendor/lib:/opt/ros/foxy/lib/x86_64-linux-gnu:/opt/ros/foxy/lib:/usr/lib/x86_64-linux-gnu/gazebo-11/plugins PYTHONPATH=/home/lukas/ros2_ws/install/realsense2_camera_msgs/lib/python3.8/site-packages:/opt/ros/foxy/lib/python3.8/site-packages /usr/bin/cmake --install /home/lukas/ros2_ws/build/realsense2_camera
[0.085s] -- Install configuration: "Release"
[0.085s] -- Execute custom install script
[0.086s] -- Up-to-date symlink: /home/lukas/ros2_ws/install/realsense2_camera/lib/realsense2_camera/realsense2_camera_node
[0.086s] -- Up-to-date symlink: /home/lukas/ros2_ws/install/realsense2_camera/lib/librealsense2_camera.so
[0.087s] -- Up-to-date symlink: /home/lukas/ros2_ws/install/realsense2_camera/include/realsense2_camera/base_realsense_node.h
[0.087s] -- Up-to-date symlink: /home/lukas/ros2_ws/install/realsense2_camera/include/realsense2_camera/constants.h
[0.087s] -- Up-to-date symlink: /home/lukas/ros2_ws/install/realsense2_camera/include/realsense2_camera/realsense_node_factory.h
[0.087s] -- Up-to-date symlink: /home/lukas/ros2_ws/install/realsense2_camera/include/realsense2_camera/t265_realsense_node.h
[0.087s] -- Up-to-date symlink: /home/lukas/ros2_ws/install/realsense2_camera/share/realsense2_camera/launch/default.rviz
[0.088s] -- Up-to-date symlink: /home/lukas/ros2_ws/install/realsense2_camera/share/realsense2_camera/launch/rs_d400_and_t265_launch.py
[0.088s] -- Up-to-date symlink: /home/lukas/ros2_ws/install/realsense2_camera/share/realsense2_camera/launch/rs_launch.py
[0.088s] -- Up-to-date symlink: /home/lukas/ros2_ws/install/realsense2_camera/share/realsense2_camera/launch/rs_multi_camera_launch.py
[0.088s] -- Up-to-date symlink: /home/lukas/ros2_ws/install/realsense2_camera/share/realsense2_camera/config/d435i.yaml
[0.088s] -- Up-to-date symlink: /home/lukas/ros2_ws/install/realsense2_camera/share/realsense2_camera/environment/library_path.sh
[0.088s] -- Up-to-date symlink: /home/lukas/ros2_ws/install/realsense2_camera/share/realsense2_camera/environment/library_path.dsv
[0.089s] -- Up-to-date symlink: /home/lukas/ros2_ws/install/realsense2_camera/share/ament_index/resource_index/package_run_dependencies/realsense2_camera
[0.089s] -- Up-to-date symlink: /home/lukas/ros2_ws/install/realsense2_camera/share/ament_index/resource_index/parent_prefix_path/realsense2_camera
[0.089s] -- Up-to-date symlink: /home/lukas/ros2_ws/install/realsense2_camera/share/realsense2_camera/environment/ament_prefix_path.sh
[0.089s] -- Up-to-date symlink: /home/lukas/ros2_ws/install/realsense2_camera/share/realsense2_camera/environment/ament_prefix_path.dsv
[0.089s] -- Up-to-date symlink: /home/lukas/ros2_ws/install/realsense2_camera/share/realsense2_camera/environment/path.sh
[0.090s] -- Up-to-date symlink: /home/lukas/ros2_ws/install/realsense2_camera/share/realsense2_camera/environment/path.dsv
[0.090s] -- Up-to-date symlink: /home/lukas/ros2_ws/install/realsense2_camera/share/realsense2_camera/local_setup.bash
[0.090s] -- Up-to-date symlink: /home/lukas/ros2_ws/install/realsense2_camera/share/realsense2_camera/local_setup.sh
[0.090s] -- Up-to-date symlink: /home/lukas/ros2_ws/install/realsense2_camera/share/realsense2_camera/local_setup.zsh
[0.090s] -- Up-to-date symlink: /home/lukas/ros2_ws/install/realsense2_camera/share/realsense2_camera/local_setup.dsv
[0.091s] -- Symlinking: /home/lukas/ros2_ws/install/realsense2_camera/share/realsense2_camera/package.dsv
[0.098s] -- Up-to-date symlink: /home/lukas/ros2_ws/install/realsense2_camera/share/ament_index/resource_index/packages/realsense2_camera
[0.098s] -- Up-to-date symlink: /home/lukas/ros2_ws/install/realsense2_camera/share/ament_index/resource_index/rclcpp_components/realsense2_camera
[0.098s] -- Up-to-date symlink: /home/lukas/ros2_ws/install/realsense2_camera/share/realsense2_camera/cmake/ament_cmake_export_include_directories-extras.cmake
[0.099s] -- Up-to-date symlink: /home/lukas/ros2_ws/install/realsense2_camera/share/realsense2_camera/cmake/ament_cmake_export_libraries-extras.cmake
[0.099s] -- Up-to-date symlink: /home/lukas/ros2_ws/install/realsense2_camera/share/realsense2_camera/cmake/ament_cmake_export_dependencies-extras.cmake
[0.099s] -- Up-to-date symlink: /home/lukas/ros2_ws/install/realsense2_camera/share/realsense2_camera/cmake/realsense2_cameraConfig.cmake
[0.099s] -- Up-to-date symlink: /home/lukas/ros2_ws/install/realsense2_camera/share/realsense2_camera/cmake/realsense2_cameraConfig-version.cmake
[0.099s] -- Up-to-date symlink: /home/lukas/ros2_ws/install/realsense2_camera/share/realsense2_camera/package.xml
[0.101s] Invoked command in '/home/lukas/ros2_ws/build/realsense2_camera' returned '0': CMAKE_PREFIX_PATH=/home/lukas/ros2_ws/install/realsense2_camera_msgs:/home/lukas/ros2_ws/install/teleop:/home/lukas/ros2_ws/install/realsense2_description:/home/lukas/ros2_ws/install/realsense2_camera:/home/lukas/ros2_ws/install/leo_gazebo_classic:/opt/ros/foxy: LD_LIBRARY_PATH=/home/lukas/ros2_ws/install/realsense2_camera_msgs/lib:/home/lukas/ros2_ws/install/realsense2_camera/lib:/opt/ros/foxy/opt/yaml_cpp_vendor/lib:/opt/ros/foxy/opt/rviz_ogre_vendor/lib:/opt/ros/foxy/lib/x86_64-linux-gnu:/opt/ros/foxy/lib:/usr/lib/x86_64-linux-gnu/gazebo-11/plugins PYTHONPATH=/home/lukas/ros2_ws/install/realsense2_camera_msgs/lib/python3.8/site-packages:/opt/ros/foxy/lib/python3.8/site-packages /usr/bin/cmake --install /home/lukas/ros2_ws/build/realsense2_camera
