-- Install configuration: ""
-- Execute custom install script
-- Up-to-date symlink: /home/lukas/ros2_ws/install/leo_gazebo_classic/share/leo_gazebo_classic/description/chassis.xacro
-- Up-to-date symlink: /home/lukas/ros2_ws/install/leo_gazebo_classic/share/leo_gazebo_classic/description/gazebo_materials.xacro
-- Up-to-date symlink: /home/lukas/ros2_ws/install/leo_gazebo_classic/share/leo_gazebo_classic/description/leo.xacro
-- Up-to-date symlink: /home/lukas/ros2_ws/install/leo_gazebo_classic/share/leo_gazebo_classic/description/lidar.xacro
-- Up-to-date symlink: /home/lukas/ros2_ws/install/leo_gazebo_classic/share/leo_gazebo_classic/description/wheels.xacro
-- Symlinking: /home/lukas/ros2_ws/install/leo_gazebo_classic/share/leo_gazebo_classic/launch/leo_gazebo_launch.py
-- Up-to-date symlink: /home/lukas/ros2_ws/install/leo_gazebo_classic/share/leo_gazebo_classic/launch/rsp.launch.py
-- Up-to-date symlink: /home/lukas/ros2_ws/install/leo_gazebo_classic/share/ament_index/resource_index/package_run_dependencies/leo_gazebo_classic
-- Up-to-date symlink: /home/lukas/ros2_ws/install/leo_gazebo_classic/share/ament_index/resource_index/parent_prefix_path/leo_gazebo_classic
-- Up-to-date symlink: /home/lukas/ros2_ws/install/leo_gazebo_classic/share/leo_gazebo_classic/environment/ament_prefix_path.sh
-- Up-to-date symlink: /home/lukas/ros2_ws/install/leo_gazebo_classic/share/leo_gazebo_classic/environment/ament_prefix_path.dsv
-- Up-to-date symlink: /home/lukas/ros2_ws/install/leo_gazebo_classic/share/leo_gazebo_classic/environment/path.sh
-- Up-to-date symlink: /home/lukas/ros2_ws/install/leo_gazebo_classic/share/leo_gazebo_classic/environment/path.dsv
-- Up-to-date symlink: /home/lukas/ros2_ws/install/leo_gazebo_classic/share/leo_gazebo_classic/local_setup.bash
-- Up-to-date symlink: /home/lukas/ros2_ws/install/leo_gazebo_classic/share/leo_gazebo_classic/local_setup.sh
-- Up-to-date symlink: /home/lukas/ros2_ws/install/leo_gazebo_classic/share/leo_gazebo_classic/local_setup.zsh
-- Up-to-date symlink: /home/lukas/ros2_ws/install/leo_gazebo_classic/share/leo_gazebo_classic/local_setup.dsv
-- Symlinking: /home/lukas/ros2_ws/install/leo_gazebo_classic/share/leo_gazebo_classic/package.dsv
-- Up-to-date symlink: /home/lukas/ros2_ws/install/leo_gazebo_classic/share/ament_index/resource_index/packages/leo_gazebo_classic
-- Up-to-date symlink: /home/lukas/ros2_ws/install/leo_gazebo_classic/share/leo_gazebo_classic/cmake/leo_gazebo_classicConfig.cmake
-- Up-to-date symlink: /home/lukas/ros2_ws/install/leo_gazebo_classic/share/leo_gazebo_classic/cmake/leo_gazebo_classicConfig-version.cmake
-- Up-to-date symlink: /home/lukas/ros2_ws/install/leo_gazebo_classic/share/leo_gazebo_classic/package.xml
