[0.020s] Invoking command in '/home/lukas/ros2_ws/build/leo_gazebo_classic': CMAKE_PREFIX_PATH=${CMAKE_PREFIX_PATH}:/home/lukas/ros2_ws/install/robot_utils:/opt/ros/foxy /usr/bin/cmake --build /home/lukas/ros2_ws/build/leo_gazebo_classic -- -j12 -l12
[0.210s] Invoked command in '/home/lukas/ros2_ws/build/leo_gazebo_classic' returned '0': CMAKE_PREFIX_PATH=${CMAKE_PREFIX_PATH}:/home/lukas/ros2_ws/install/robot_utils:/opt/ros/foxy /usr/bin/cmake --build /home/lukas/ros2_ws/build/leo_gazebo_classic -- -j12 -l12
[0.212s] Invoking command in '/home/lukas/ros2_ws/build/leo_gazebo_classic': CMAKE_PREFIX_PATH=${CMAKE_PREFIX_PATH}:/home/lukas/ros2_ws/install/robot_utils:/opt/ros/foxy /usr/bin/cmake --install /home/lukas/ros2_ws/build/leo_gazebo_classic
[0.218s] -- Install configuration: ""
[0.218s] -- Execute custom install script
[0.218s] -- Symlinking: /home/lukas/ros2_ws/install/leo_gazebo_classic/share/leo_gazebo_classic/description/chassis.xacro
[0.225s] -- Symlinking: /home/lukas/ros2_ws/install/leo_gazebo_classic/share/leo_gazebo_classic/description/gazebo_materials.xacro
[0.232s] -- Up-to-date symlink: /home/lukas/ros2_ws/install/leo_gazebo_classic/share/leo_gazebo_classic/description/leo.xacro
[0.232s] -- Symlinking: /home/lukas/ros2_ws/install/leo_gazebo_classic/share/leo_gazebo_classic/description/lidar.xacro
[0.238s] -- Symlinking: /home/lukas/ros2_ws/install/leo_gazebo_classic/share/leo_gazebo_classic/description/wheels.xacro
[0.245s] -- Up-to-date symlink: /home/lukas/ros2_ws/install/leo_gazebo_classic/share/leo_gazebo_classic/launch/rsp.launch.py
[0.246s] -- Up-to-date symlink: /home/lukas/ros2_ws/install/leo_gazebo_classic/share/ament_index/resource_index/package_run_dependencies/leo_gazebo_classic
[0.246s] -- Up-to-date symlink: /home/lukas/ros2_ws/install/leo_gazebo_classic/share/ament_index/resource_index/parent_prefix_path/leo_gazebo_classic
[0.246s] -- Up-to-date symlink: /home/lukas/ros2_ws/install/leo_gazebo_classic/share/leo_gazebo_classic/environment/ament_prefix_path.sh
[0.246s] -- Up-to-date symlink: /home/lukas/ros2_ws/install/leo_gazebo_classic/share/leo_gazebo_classic/environment/ament_prefix_path.dsv
[0.246s] -- Up-to-date symlink: /home/lukas/ros2_ws/install/leo_gazebo_classic/share/leo_gazebo_classic/environment/path.sh
[0.247s] -- Up-to-date symlink: /home/lukas/ros2_ws/install/leo_gazebo_classic/share/leo_gazebo_classic/environment/path.dsv
[0.247s] -- Up-to-date symlink: /home/lukas/ros2_ws/install/leo_gazebo_classic/share/leo_gazebo_classic/local_setup.bash
[0.248s] -- Up-to-date symlink: /home/lukas/ros2_ws/install/leo_gazebo_classic/share/leo_gazebo_classic/local_setup.sh
[0.248s] -- Up-to-date symlink: /home/lukas/ros2_ws/install/leo_gazebo_classic/share/leo_gazebo_classic/local_setup.zsh
[0.248s] -- Up-to-date symlink: /home/lukas/ros2_ws/install/leo_gazebo_classic/share/leo_gazebo_classic/local_setup.dsv
[0.248s] -- Symlinking: /home/lukas/ros2_ws/install/leo_gazebo_classic/share/leo_gazebo_classic/package.dsv
[0.255s] -- Up-to-date symlink: /home/lukas/ros2_ws/install/leo_gazebo_classic/share/ament_index/resource_index/packages/leo_gazebo_classic
[0.255s] -- Up-to-date symlink: /home/lukas/ros2_ws/install/leo_gazebo_classic/share/leo_gazebo_classic/cmake/leo_gazebo_classicConfig.cmake
[0.255s] -- Up-to-date symlink: /home/lukas/ros2_ws/install/leo_gazebo_classic/share/leo_gazebo_classic/cmake/leo_gazebo_classicConfig-version.cmake
[0.255s] -- Up-to-date symlink: /home/lukas/ros2_ws/install/leo_gazebo_classic/share/leo_gazebo_classic/package.xml
[0.257s] Invoked command in '/home/lukas/ros2_ws/build/leo_gazebo_classic' returned '0': CMAKE_PREFIX_PATH=${CMAKE_PREFIX_PATH}:/home/lukas/ros2_ws/install/robot_utils:/opt/ros/foxy /usr/bin/cmake --install /home/lukas/ros2_ws/build/leo_gazebo_classic
