[0.014s] Invoking command in '/home/lukas/ros2_ws/build/teleop': CMAKE_PREFIX_PATH=${CMAKE_PREFIX_PATH}:/opt/ros/foxy /usr/bin/cmake /home/lukas/ros2_ws/src/teleop -DCMAKE_INSTALL_PREFIX=/home/lukas/ros2_ws/install/teleop
[0.026s] -- Found ament_cmake: 0.9.12 (/opt/ros/foxy/share/ament_cmake/cmake)
[0.042s] -- Using PYTHON_EXECUTABLE: /usr/bin/python3
[0.178s] -- Override CMake install command with custom implementation using symlinks instead of copying resources
[0.184s] -- Found rclcpp: 2.4.3 (/opt/ros/foxy/share/rclcpp/cmake)
[0.211s] -- Using all available rosidl_typesupport_c: rosidl_typesupport_fastrtps_c;rosidl_typesupport_introspection_c
[0.214s] -- Found rosidl_adapter: 1.3.1 (/opt/ros/foxy/share/rosidl_adapter/cmake)
[0.312s] -- Using all available rosidl_typesupport_cpp: rosidl_typesupport_fastrtps_cpp;rosidl_typesupport_introspection_cpp
[0.356s] -- Found rmw_implementation_cmake: 1.0.4 (/opt/ros/foxy/share/rmw_implementation_cmake/cmake)
[0.357s] -- Using RMW implementation 'rmw_fastrtps_cpp' as default
[0.489s] -- Found geometry_msgs: 2.0.5 (/opt/ros/foxy/share/geometry_msgs/cmake)
[0.570s] -- Configuring done
[0.575s] -- Generating done
[0.578s] -- Build files have been written to: /home/lukas/ros2_ws/build/teleop
[0.585s] Invoked command in '/home/lukas/ros2_ws/build/teleop' returned '0': CMAKE_PREFIX_PATH=${CMAKE_PREFIX_PATH}:/opt/ros/foxy /usr/bin/cmake /home/lukas/ros2_ws/src/teleop -DCMAKE_INSTALL_PREFIX=/home/lukas/ros2_ws/install/teleop
[0.586s] Invoking command in '/home/lukas/ros2_ws/build/teleop': CMAKE_PREFIX_PATH=${CMAKE_PREFIX_PATH}:/opt/ros/foxy /usr/bin/cmake --build /home/lukas/ros2_ws/build/teleop -- -j12 -l12
[0.634s] [100%] Built target teleop
[0.643s] Invoked command in '/home/lukas/ros2_ws/build/teleop' returned '0': CMAKE_PREFIX_PATH=${CMAKE_PREFIX_PATH}:/opt/ros/foxy /usr/bin/cmake --build /home/lukas/ros2_ws/build/teleop -- -j12 -l12
[0.644s] Invoking command in '/home/lukas/ros2_ws/build/teleop': CMAKE_PREFIX_PATH=${CMAKE_PREFIX_PATH}:/opt/ros/foxy /usr/bin/cmake --install /home/lukas/ros2_ws/build/teleop
[0.651s] -- Install configuration: ""
[0.651s] -- Execute custom install script
[0.652s] -- Up-to-date symlink: /home/lukas/ros2_ws/install/teleop/lib/teleop/teleop
[0.652s] -- Up-to-date symlink: /home/lukas/ros2_ws/install/teleop/share/ament_index/resource_index/package_run_dependencies/teleop
[0.653s] -- Up-to-date symlink: /home/lukas/ros2_ws/install/teleop/share/ament_index/resource_index/parent_prefix_path/teleop
[0.653s] -- Up-to-date symlink: /home/lukas/ros2_ws/install/teleop/share/teleop/environment/ament_prefix_path.sh
[0.653s] -- Up-to-date symlink: /home/lukas/ros2_ws/install/teleop/share/teleop/environment/ament_prefix_path.dsv
[0.653s] -- Up-to-date symlink: /home/lukas/ros2_ws/install/teleop/share/teleop/environment/path.sh
[0.653s] -- Up-to-date symlink: /home/lukas/ros2_ws/install/teleop/share/teleop/environment/path.dsv
[0.654s] -- Up-to-date symlink: /home/lukas/ros2_ws/install/teleop/share/teleop/local_setup.bash
[0.654s] -- Up-to-date symlink: /home/lukas/ros2_ws/install/teleop/share/teleop/local_setup.sh
[0.654s] -- Up-to-date symlink: /home/lukas/ros2_ws/install/teleop/share/teleop/local_setup.zsh
[0.654s] -- Up-to-date symlink: /home/lukas/ros2_ws/install/teleop/share/teleop/local_setup.dsv
[0.654s] -- Symlinking: /home/lukas/ros2_ws/install/teleop/share/teleop/package.dsv
[0.662s] -- Up-to-date symlink: /home/lukas/ros2_ws/install/teleop/share/ament_index/resource_index/packages/teleop
[0.662s] -- Up-to-date symlink: /home/lukas/ros2_ws/install/teleop/share/teleop/cmake/teleopConfig.cmake
[0.662s] -- Up-to-date symlink: /home/lukas/ros2_ws/install/teleop/share/teleop/cmake/teleopConfig-version.cmake
[0.662s] -- Up-to-date symlink: /home/lukas/ros2_ws/install/teleop/share/teleop/package.xml
[0.664s] Invoked command in '/home/lukas/ros2_ws/build/teleop' returned '0': CMAKE_PREFIX_PATH=${CMAKE_PREFIX_PATH}:/opt/ros/foxy /usr/bin/cmake --install /home/lukas/ros2_ws/build/teleop
