[0.011s] Invoking command in '/home/lukas/ros2_ws/build/teleop': CMAKE_PREFIX_PATH=${CMAKE_PREFIX_PATH}:/opt/ros/foxy /usr/bin/cmake /home/lukas/ros2_ws/src/teleop -DCMAKE_INSTALL_PREFIX=/home/lukas/ros2_ws/install/teleop
[0.102s] -- The C compiler identification is GNU 9.4.0
[0.179s] -- The CXX compiler identification is GNU 9.4.0
[0.186s] -- Check for working C compiler: /usr/bin/cc
[0.237s] -- Check for working C compiler: /usr/bin/cc -- works
[0.238s] -- Detecting C compiler ABI info
[0.285s] -- Detecting C compiler ABI info - done
[0.294s] -- Detecting C compile features
[0.294s] -- Detecting C compile features - done
[0.296s] -- Check for working CXX compiler: /usr/bin/c++
[0.351s] -- Check for working CXX compiler: /usr/bin/c++ -- works
[0.352s] -- Detecting CXX compiler ABI info
[0.406s] -- Detecting CXX compiler ABI info - done
[0.416s] -- Detecting CXX compile features
[0.416s] -- Detecting CXX compile features - done
[0.419s] -- Found ament_cmake: 0.9.12 (/opt/ros/foxy/share/ament_cmake/cmake)
[0.437s] -- Found PythonInterp: /usr/bin/python3 (found suitable version "3.8.10", minimum required is "3") 
[0.438s] -- Using PYTHON_EXECUTABLE: /usr/bin/python3
[0.587s] -- Found rclcpp: 2.4.3 (/opt/ros/foxy/share/rclcpp/cmake)
[0.623s] -- Using all available rosidl_typesupport_c: rosidl_typesupport_fastrtps_c;rosidl_typesupport_introspection_c
[0.628s] -- Found rosidl_adapter: 1.3.1 (/opt/ros/foxy/share/rosidl_adapter/cmake)
[0.682s] -- Found OpenSSL: /usr/lib/x86_64-linux-gnu/libcrypto.so (found version "1.1.1f")  
[0.703s] -- Found FastRTPS: /opt/ros/foxy/include  
[0.759s] -- Using all available rosidl_typesupport_cpp: rosidl_typesupport_fastrtps_cpp;rosidl_typesupport_introspection_cpp
[0.807s] -- Found rmw_implementation_cmake: 1.0.4 (/opt/ros/foxy/share/rmw_implementation_cmake/cmake)
[0.809s] -- Using RMW implementation 'rmw_fastrtps_cpp' as default
[0.810s] -- Looking for pthread.h
[0.863s] -- Looking for pthread.h - found
[0.863s] -- Performing Test CMAKE_HAVE_LIBC_PTHREAD
[0.914s] -- Performing Test CMAKE_HAVE_LIBC_PTHREAD - Failed
[0.914s] -- Looking for pthread_create in pthreads
[0.954s] -- Looking for pthread_create in pthreads - not found
[0.954s] -- Looking for pthread_create in pthread
[1.001s] -- Looking for pthread_create in pthread - found
[1.002s] -- Found Threads: TRUE  
[1.130s] -- Found geometry_msgs: 2.0.5 (/opt/ros/foxy/share/geometry_msgs/cmake)
[1.204s] -- Configuring done
[1.209s] -- Generating done
[1.211s] -- Build files have been written to: /home/lukas/ros2_ws/build/teleop
[1.219s] Invoked command in '/home/lukas/ros2_ws/build/teleop' returned '0': CMAKE_PREFIX_PATH=${CMAKE_PREFIX_PATH}:/opt/ros/foxy /usr/bin/cmake /home/lukas/ros2_ws/src/teleop -DCMAKE_INSTALL_PREFIX=/home/lukas/ros2_ws/install/teleop
[1.219s] Invoking command in '/home/lukas/ros2_ws/build/teleop': CMAKE_PREFIX_PATH=${CMAKE_PREFIX_PATH}:/opt/ros/foxy /usr/bin/cmake --build /home/lukas/ros2_ws/build/teleop -- -j12 -l12
[1.246s] [35m[1mScanning dependencies of target teleop[0m
[1.297s] [ 50%] [32mBuilding CXX object CMakeFiles/teleop.dir/src/teleop.cpp.o[0m
[3.636s] [100%] [32m[1mLinking CXX executable teleop[0m
[3.759s] [100%] Built target teleop
[3.767s] Invoked command in '/home/lukas/ros2_ws/build/teleop' returned '0': CMAKE_PREFIX_PATH=${CMAKE_PREFIX_PATH}:/opt/ros/foxy /usr/bin/cmake --build /home/lukas/ros2_ws/build/teleop -- -j12 -l12
[3.768s] Invoking command in '/home/lukas/ros2_ws/build/teleop': CMAKE_PREFIX_PATH=${CMAKE_PREFIX_PATH}:/opt/ros/foxy /usr/bin/cmake --install /home/lukas/ros2_ws/build/teleop
[3.776s] -- Install configuration: ""
[3.776s] -- Installing: /home/lukas/ros2_ws/install/teleop/lib/teleop/teleop
[3.776s] -- Set runtime path of "/home/lukas/ros2_ws/install/teleop/lib/teleop/teleop" to ""
[3.776s] -- Installing: /home/lukas/ros2_ws/install/teleop/include
[3.776s] -- Installing: /home/lukas/ros2_ws/install/teleop/include/teleop
[3.777s] -- Installing: /home/lukas/ros2_ws/install/teleop/share/ament_index/resource_index/package_run_dependencies/teleop
[3.777s] -- Installing: /home/lukas/ros2_ws/install/teleop/share/ament_index/resource_index/parent_prefix_path/teleop
[3.777s] -- Installing: /home/lukas/ros2_ws/install/teleop/share/teleop/environment/ament_prefix_path.sh
[3.777s] -- Installing: /home/lukas/ros2_ws/install/teleop/share/teleop/environment/ament_prefix_path.dsv
[3.777s] -- Installing: /home/lukas/ros2_ws/install/teleop/share/teleop/environment/path.sh
[3.777s] -- Installing: /home/lukas/ros2_ws/install/teleop/share/teleop/environment/path.dsv
[3.777s] -- Installing: /home/lukas/ros2_ws/install/teleop/share/teleop/local_setup.bash
[3.777s] -- Installing: /home/lukas/ros2_ws/install/teleop/share/teleop/local_setup.sh
[3.777s] -- Installing: /home/lukas/ros2_ws/install/teleop/share/teleop/local_setup.zsh
[3.777s] -- Installing: /home/lukas/ros2_ws/install/teleop/share/teleop/local_setup.dsv
[3.777s] -- Installing: /home/lukas/ros2_ws/install/teleop/share/teleop/package.dsv
[3.777s] -- Installing: /home/lukas/ros2_ws/install/teleop/share/ament_index/resource_index/packages/teleop
[3.778s] -- Installing: /home/lukas/ros2_ws/install/teleop/share/teleop/cmake/teleopConfig.cmake
[3.778s] -- Installing: /home/lukas/ros2_ws/install/teleop/share/teleop/cmake/teleopConfig-version.cmake
[3.778s] -- Installing: /home/lukas/ros2_ws/install/teleop/share/teleop/package.xml
[3.780s] Invoked command in '/home/lukas/ros2_ws/build/teleop' returned '0': CMAKE_PREFIX_PATH=${CMAKE_PREFIX_PATH}:/opt/ros/foxy /usr/bin/cmake --install /home/lukas/ros2_ws/build/teleop
